<?xml version="1.0" encoding="utf-8"?>
<test-run id="2" testcasecount="34" result="Passed" total="34" passed="34" failed="0" inconclusive="0" skipped="0" asserts="0" engine-version="3.5.0.0" clr-version="4.0.30319.42000" start-time="2026-01-09 04:07:26Z" end-time="2026-01-09 04:07:26Z" duration="0.0569637">
  <test-suite type="TestSuite" id="1000" name="EventPlannerSim" fullname="EventPlannerSim" runstate="Runnable" testcasecount="98" result="Passed" start-time="2026-01-09 04:07:26Z" end-time="2026-01-09 04:07:26Z" duration="0.056964" total="34" passed="34" failed="0" inconclusive="0" skipped="0" asserts="0">
    <properties>
      <property name="platform" value="EditMode" />
    </properties>
    <test-suite type="Assembly" id="1107" name="EventPlannerSim.Tests.EditMode.dll" fullname="/Users/d/github/events_app/unity_app/Library/ScriptAssemblies/EventPlannerSim.Tests.EditMode.dll" runstate="Runnable" testcasecount="98" result="Passed" start-time="2026-01-09 04:07:26Z" end-time="2026-01-09 04:07:26Z" duration="0.051677" total="34" passed="34" failed="0" inconclusive="0" skipped="0" asserts="0">
      <properties>
        <property name="_PID" value="82956" />
        <property name="_APPDOMAIN" value="Unity Child Domain" />
        <property name="platform" value="EditMode" />
        <property name="EditorOnly" value="True" />
      </properties>
      <test-suite type="TestSuite" id="1108" name="EventPlannerSim" fullname="EventPlannerSim" runstate="Runnable" testcasecount="98" result="Passed" start-time="2026-01-09 04:07:26Z" end-time="2026-01-09 04:07:26Z" duration="0.051124" total="34" passed="34" failed="0" inconclusive="0" skipped="0" asserts="0">
        <properties />
        <test-suite type="TestSuite" id="1109" name="Tests" fullname="EventPlannerSim.Tests" runstate="Runnable" testcasecount="98" result="Passed" start-time="2026-01-09 04:07:26Z" end-time="2026-01-09 04:07:26Z" duration="0.050718" total="34" passed="34" failed="0" inconclusive="0" skipped="0" asserts="0">
          <properties />
          <test-suite type="TestSuite" id="1110" name="EditMode" fullname="EventPlannerSim.Tests.EditMode" runstate="Runnable" testcasecount="98" result="Passed" start-time="2026-01-09 04:07:26Z" end-time="2026-01-09 04:07:26Z" duration="0.050293" total="34" passed="34" failed="0" inconclusive="0" skipped="0" asserts="0">
            <properties />
            <test-suite type="TestFixture" id="1014" name="ProgressionSystemPropertyTests" fullname="EventPlannerSim.Tests.EditMode.ProgressionSystemPropertyTests" classname="EventPlannerSim.Tests.EditMode.ProgressionSystemPropertyTests" runstate="Runnable" testcasecount="34" result="Passed" start-time="2026-01-09 04:07:26Z" end-time="2026-01-09 04:07:26Z" duration="0.048804" total="34" passed="34" failed="0" inconclusive="0" skipped="0" asserts="0">
              <properties />
              <test-case id="1020" name="ApplyEventResult_BoundaryValues_CorrectTier" fullname="EventPlannerSim.Tests.EditMode.ProgressionSystemPropertyTests.ApplyEventResult_BoundaryValues_CorrectTier" methodname="ApplyEventResult_BoundaryValues_CorrectTier" classname="EventPlannerSim.Tests.EditMode.ProgressionSystemPropertyTests" runstate="Runnable" seed="1317473376" result="Passed" start-time="2026-01-09 04:07:26Z" end-time="2026-01-09 04:07:26Z" duration="0.010509" asserts="0">
                <properties>
                  <property name="retryIteration" value="0" />
                  <property name="repeatIteration" value="0" />
                </properties>
              </test-case>
              <test-case id="1023" name="ApplyEventResult_FailedSatisfaction_GeneratesNegativeReview" fullname="EventPlannerSim.Tests.EditMode.ProgressionSystemPropertyTests.ApplyEventResult_FailedSatisfaction_GeneratesNegativeReview" methodname="ApplyEventResult_FailedSatisfaction_GeneratesNegativeReview" classname="EventPlannerSim.Tests.EditMode.ProgressionSystemPropertyTests" runstate="Runnable" seed="745535522" result="Passed" start-time="2026-01-09 04:07:26Z" end-time="2026-01-09 04:07:26Z" duration="0.000456" asserts="0">
                <properties>
                  <property name="retryIteration" value="0" />
                  <property name="repeatIteration" value="0" />
                </properties>
              </test-case>
              <test-case id="1019" name="ApplyEventResult_FailedSatisfaction_ReturnsSevereNegativeReputation" fullname="EventPlannerSim.Tests.EditMode.ProgressionSystemPropertyTests.ApplyEventResult_FailedSatisfaction_ReturnsSevereNegativeReputation" methodname="ApplyEventResult_FailedSatisfaction_ReturnsSevereNegativeReputation" classname="EventPlannerSim.Tests.EditMode.ProgressionSystemPropertyTests" runstate="Runnable" seed="680610711" result="Passed" start-time="2026-01-09 04:07:26Z" end-time="2026-01-09 04:07:26Z" duration="0.000490" asserts="0">
                <properties>
                  <property name="retryIteration" value="0" />
                  <property name="repeatIteration" value="0" />
                </properties>
              </test-case>
              <test-case id="1016" name="ApplyEventResult_GoodSatisfaction_ReturnsModeratePositiveReputation" fullname="EventPlannerSim.Tests.EditMode.ProgressionSystemPropertyTests.ApplyEventResult_GoodSatisfaction_ReturnsModeratePositiveReputation" methodname="ApplyEventResult_GoodSatisfaction_ReturnsModeratePositiveReputation" classname="EventPlannerSim.Tests.EditMode.ProgressionSystemPropertyTests" runstate="Runnable" seed="1779168639" result="Passed" start-time="2026-01-09 04:07:26Z" end-time="2026-01-09 04:07:26Z" duration="0.000472" asserts="0">
                <properties>
                  <property name="retryIteration" value="0" />
                  <property name="repeatIteration" value="0" />
                </properties>
              </test-case>
              <test-case id="1021" name="ApplyEventResult_HighSatisfaction_HasReferralProbability" fullname="EventPlannerSim.Tests.EditMode.ProgressionSystemPropertyTests.ApplyEventResult_HighSatisfaction_HasReferralProbability" methodname="ApplyEventResult_HighSatisfaction_HasReferralProbability" classname="EventPlannerSim.Tests.EditMode.ProgressionSystemPropertyTests" runstate="Runnable" seed="1574488298" result="Passed" start-time="2026-01-09 04:07:26Z" end-time="2026-01-09 04:07:26Z" duration="0.000550" asserts="0">
                <properties>
                  <property name="retryIteration" value="0" />
                  <property name="repeatIteration" value="0" />
                </properties>
              </test-case>
              <test-case id="1015" name="ApplyEventResult_HighSatisfaction_ReturnsPositiveReputation" fullname="EventPlannerSim.Tests.EditMode.ProgressionSystemPropertyTests.ApplyEventResult_HighSatisfaction_ReturnsPositiveReputation" methodname="ApplyEventResult_HighSatisfaction_ReturnsPositiveReputation" classname="EventPlannerSim.Tests.EditMode.ProgressionSystemPropertyTests" runstate="Runnable" seed="1346662616" result="Passed" start-time="2026-01-09 04:07:26Z" end-time="2026-01-09 04:07:26Z" duration="0.000479" asserts="0">
                <properties>
                  <property name="retryIteration" value="0" />
                  <property name="repeatIteration" value="0" />
                </properties>
              </test-case>
              <test-case id="1025" name="ApplyEventResult_NewReputation_CorrectlyCalculated" fullname="EventPlannerSim.Tests.EditMode.ProgressionSystemPropertyTests.ApplyEventResult_NewReputation_CorrectlyCalculated" methodname="ApplyEventResult_NewReputation_CorrectlyCalculated" classname="EventPlannerSim.Tests.EditMode.ProgressionSystemPropertyTests" runstate="Runnable" seed="346948538" result="Passed" start-time="2026-01-09 04:07:26Z" end-time="2026-01-09 04:07:26Z" duration="0.002320" asserts="0">
                <properties>
                  <property name="retryIteration" value="0" />
                  <property name="repeatIteration" value="0" />
                </properties>
              </test-case>
              <test-case id="1024" name="ApplyEventResult_NonFailedSatisfaction_NoNegativeReview" fullname="EventPlannerSim.Tests.EditMode.ProgressionSystemPropertyTests.ApplyEventResult_NonFailedSatisfaction_NoNegativeReview" methodname="ApplyEventResult_NonFailedSatisfaction_NoNegativeReview" classname="EventPlannerSim.Tests.EditMode.ProgressionSystemPropertyTests" runstate="Runnable" seed="510884293" result="Passed" start-time="2026-01-09 04:07:26Z" end-time="2026-01-09 04:07:26Z" duration="0.000370" asserts="0">
                <properties>
                  <property name="retryIteration" value="0" />
                  <property name="repeatIteration" value="0" />
                </properties>
              </test-case>
              <test-case id="1022" name="ApplyEventResult_OkaySatisfaction_NoReferral" fullname="EventPlannerSim.Tests.EditMode.ProgressionSystemPropertyTests.ApplyEventResult_OkaySatisfaction_NoReferral" methodname="ApplyEventResult_OkaySatisfaction_NoReferral" classname="EventPlannerSim.Tests.EditMode.ProgressionSystemPropertyTests" runstate="Runnable" seed="596242303" result="Passed" start-time="2026-01-09 04:07:26Z" end-time="2026-01-09 04:07:26Z" duration="0.000651" asserts="0">
                <properties>
                  <property name="retryIteration" value="0" />
                  <property name="repeatIteration" value="0" />
                </properties>
              </test-case>
              <test-case id="1017" name="ApplyEventResult_OkaySatisfaction_ReturnsSmallPositiveReputation" fullname="EventPlannerSim.Tests.EditMode.ProgressionSystemPropertyTests.ApplyEventResult_OkaySatisfaction_ReturnsSmallPositiveReputation" methodname="ApplyEventResult_OkaySatisfaction_ReturnsSmallPositiveReputation" classname="EventPlannerSim.Tests.EditMode.ProgressionSystemPropertyTests" runstate="Runnable" seed="1787886224" result="Passed" start-time="2026-01-09 04:07:26Z" end-time="2026-01-09 04:07:26Z" duration="0.000566" asserts="0">
                <properties>
                  <property name="retryIteration" value="0" />
                  <property name="repeatIteration" value="0" />
                </properties>
              </test-case>
              <test-case id="1018" name="ApplyEventResult_PoorSatisfaction_ReturnsNegativeReputation" fullname="EventPlannerSim.Tests.EditMode.ProgressionSystemPropertyTests.ApplyEventResult_PoorSatisfaction_ReturnsNegativeReputation" methodname="ApplyEventResult_PoorSatisfaction_ReturnsNegativeReputation" classname="EventPlannerSim.Tests.EditMode.ProgressionSystemPropertyTests" runstate="Runnable" seed="1474280674" result="Passed" start-time="2026-01-09 04:07:26Z" end-time="2026-01-09 04:07:26Z" duration="0.000493" asserts="0">
                <properties>
                  <property name="retryIteration" value="0" />
                  <property name="repeatIteration" value="0" />
                </properties>
              </test-case>
              <test-case id="1026" name="ApplyEventResult_ReputationNeverNegative" fullname="EventPlannerSim.Tests.EditMode.ProgressionSystemPropertyTests.ApplyEventResult_ReputationNeverNegative" methodname="ApplyEventResult_ReputationNeverNegative" classname="EventPlannerSim.Tests.EditMode.ProgressionSystemPropertyTests" runstate="Runnable" seed="1523037237" result="Passed" start-time="2026-01-09 04:07:26Z" end-time="2026-01-09 04:07:26Z" duration="0.000171" asserts="0">
                <properties>
                  <property name="retryIteration" value="0" />
                  <property name="repeatIteration" value="0" />
                </properties>
              </test-case>
              <test-case id="1041" name="EvaluatePerformance_BoundaryValues" fullname="EventPlannerSim.Tests.EditMode.ProgressionSystemPropertyTests.EvaluatePerformance_BoundaryValues" methodname="EvaluatePerformance_BoundaryValues" classname="EventPlannerSim.Tests.EditMode.ProgressionSystemPropertyTests" runstate="Runnable" seed="1802113089" result="Passed" start-time="2026-01-09 04:07:26Z" end-time="2026-01-09 04:07:26Z" duration="0.003425" asserts="0">
                <properties>
                  <property name="retryIteration" value="0" />
                  <property name="repeatIteration" value="0" />
                </properties>
              </test-case>
              <test-case id="1032" name="EvaluatePerformance_NegativeReview_WhenLowSatisfaction" fullname="EventPlannerSim.Tests.EditMode.ProgressionSystemPropertyTests.EvaluatePerformance_NegativeReview_WhenLowSatisfaction" methodname="EvaluatePerformance_NegativeReview_WhenLowSatisfaction" classname="EventPlannerSim.Tests.EditMode.ProgressionSystemPropertyTests" runstate="Runnable" seed="2115133251" result="Passed" start-time="2026-01-09 04:07:26Z" end-time="2026-01-09 04:07:26Z" duration="0.004323" asserts="0">
                <properties>
                  <property name="retryIteration" value="0" />
                  <property name="repeatIteration" value="0" />
                </properties>
              </test-case>
              <test-case id="1033" name="EvaluatePerformance_NegativeReview_WhenLowTaskRate" fullname="EventPlannerSim.Tests.EditMode.ProgressionSystemPropertyTests.EvaluatePerformance_NegativeReview_WhenLowTaskRate" methodname="EvaluatePerformance_NegativeReview_WhenLowTaskRate" classname="EventPlannerSim.Tests.EditMode.ProgressionSystemPropertyTests" runstate="Runnable" seed="899832156" result="Passed" start-time="2026-01-09 04:07:26Z" end-time="2026-01-09 04:07:26Z" duration="0.002990" asserts="0">
                <properties>
                  <property name="retryIteration" value="0" />
                  <property name="repeatIteration" value="0" />
                </properties>
              </test-case>
              <test-case id="1034" name="EvaluatePerformance_NeutralReview_WhenMediocrePerformance" fullname="EventPlannerSim.Tests.EditMode.ProgressionSystemPropertyTests.EvaluatePerformance_NeutralReview_WhenMediocrePerformance" methodname="EvaluatePerformance_NeutralReview_WhenMediocrePerformance" classname="EventPlannerSim.Tests.EditMode.ProgressionSystemPropertyTests" runstate="Runnable" seed="1939202311" result="Passed" start-time="2026-01-09 04:07:26Z" end-time="2026-01-09 04:07:26Z" duration="0.000477" asserts="0">
                <properties>
                  <property name="retryIteration" value="0" />
                  <property name="repeatIteration" value="0" />
                </properties>
              </test-case>
              <test-case id="1038" name="EvaluatePerformance_NoDemotionBelowLevel1" fullname="EventPlannerSim.Tests.EditMode.ProgressionSystemPropertyTests.EvaluatePerformance_NoDemotionBelowLevel1" methodname="EvaluatePerformance_NoDemotionBelowLevel1" classname="EventPlannerSim.Tests.EditMode.ProgressionSystemPropertyTests" runstate="Runnable" seed="358146833" result="Passed" start-time="2026-01-09 04:07:26Z" end-time="2026-01-09 04:07:26Z" duration="0.000202" asserts="0">
                <properties>
                  <property name="retryIteration" value="0" />
                  <property name="repeatIteration" value="0" />
                </properties>
              </test-case>
              <test-case id="1035" name="EvaluatePerformance_PositiveReview_GrantsPromotion" fullname="EventPlannerSim.Tests.EditMode.ProgressionSystemPropertyTests.EvaluatePerformance_PositiveReview_GrantsPromotion" methodname="EvaluatePerformance_PositiveReview_GrantsPromotion" classname="EventPlannerSim.Tests.EditMode.ProgressionSystemPropertyTests" runstate="Runnable" seed="884793061" result="Passed" start-time="2026-01-09 04:07:26Z" end-time="2026-01-09 04:07:26Z" duration="0.000245" asserts="0">
                <properties>
                  <property name="retryIteration" value="0" />
                  <property name="repeatIteration" value="0" />
                </properties>
              </test-case>
              <test-case id="1036" name="EvaluatePerformance_PositiveReview_NoPromotionAtMaxLevel" fullname="EventPlannerSim.Tests.EditMode.ProgressionSystemPropertyTests.EvaluatePerformance_PositiveReview_NoPromotionAtMaxLevel" methodname="EvaluatePerformance_PositiveReview_NoPromotionAtMaxLevel" classname="EventPlannerSim.Tests.EditMode.ProgressionSystemPropertyTests" runstate="Runnable" seed="812308143" result="Passed" start-time="2026-01-09 04:07:26Z" end-time="2026-01-09 04:07:26Z" duration="0.000122" asserts="0">
                <properties>
                  <property name="retryIteration" value="0" />
                  <property name="repeatIteration" value="0" />
                </properties>
              </test-case>
              <test-case id="1031" name="EvaluatePerformance_PositiveReview_WhenHighPerformance" fullname="EventPlannerSim.Tests.EditMode.ProgressionSystemPropertyTests.EvaluatePerformance_PositiveReview_WhenHighPerformance" methodname="EvaluatePerformance_PositiveReview_WhenHighPerformance" classname="EventPlannerSim.Tests.EditMode.ProgressionSystemPropertyTests" runstate="Runnable" seed="436375510" result="Passed" start-time="2026-01-09 04:07:26Z" end-time="2026-01-09 04:07:26Z" duration="0.004617" asserts="0">
                <properties>
                  <property name="retryIteration" value="0" />
                  <property name="repeatIteration" value="0" />
                </properties>
              </test-case>
              <test-case id="1040" name="EvaluatePerformance_ThreeConsecutiveNegativesAtHigherLevel_NoDemotion" fullname="EventPlannerSim.Tests.EditMode.ProgressionSystemPropertyTests.EvaluatePerformance_ThreeConsecutiveNegativesAtHigherLevel_NoDemotion" methodname="EvaluatePerformance_ThreeConsecutiveNegativesAtHigherLevel_NoDemotion" classname="EventPlannerSim.Tests.EditMode.ProgressionSystemPropertyTests" runstate="Runnable" seed="988480894" result="Passed" start-time="2026-01-09 04:07:26Z" end-time="2026-01-09 04:07:26Z" duration="0.000267" asserts="0">
                <properties>
                  <property name="retryIteration" value="0" />
                  <property name="repeatIteration" value="0" />
                </properties>
              </test-case>
              <test-case id="1039" name="EvaluatePerformance_ThreeConsecutiveNegativesAtLevel1_CausesTermination" fullname="EventPlannerSim.Tests.EditMode.ProgressionSystemPropertyTests.EvaluatePerformance_ThreeConsecutiveNegativesAtLevel1_CausesTermination" methodname="EvaluatePerformance_ThreeConsecutiveNegativesAtLevel1_CausesTermination" classname="EventPlannerSim.Tests.EditMode.ProgressionSystemPropertyTests" runstate="Runnable" seed="1139135726" result="Passed" start-time="2026-01-09 04:07:26Z" end-time="2026-01-09 04:07:26Z" duration="0.000131" asserts="0">
                <properties>
                  <property name="retryIteration" value="0" />
                  <property name="repeatIteration" value="0" />
                </properties>
              </test-case>
              <test-case id="1037" name="EvaluatePerformance_TwoConsecutiveNegatives_CausesDemotion" fullname="EventPlannerSim.Tests.EditMode.ProgressionSystemPropertyTests.EvaluatePerformance_TwoConsecutiveNegatives_CausesDemotion" methodname="EvaluatePerformance_TwoConsecutiveNegatives_CausesDemotion" classname="EventPlannerSim.Tests.EditMode.ProgressionSystemPropertyTests" runstate="Runnable" seed="1025039784" result="Passed" start-time="2026-01-09 04:07:26Z" end-time="2026-01-09 04:07:26Z" duration="0.000239" asserts="0">
                <properties>
                  <property name="retryIteration" value="0" />
                  <property name="repeatIteration" value="0" />
                </properties>
              </test-case>
              <test-case id="1045" name="GetCompensation_AllLevels_HaveValidCompensation" fullname="EventPlannerSim.Tests.EditMode.ProgressionSystemPropertyTests.GetCompensation_AllLevels_HaveValidCompensation" methodname="GetCompensation_AllLevels_HaveValidCompensation" classname="EventPlannerSim.Tests.EditMode.ProgressionSystemPropertyTests" runstate="Runnable" seed="882580685" result="Passed" start-time="2026-01-09 04:07:26Z" end-time="2026-01-09 04:07:26Z" duration="0.000274" asserts="0">
                <properties>
                  <property name="retryIteration" value="0" />
                  <property name="repeatIteration" value="0" />
                </properties>
              </test-case>
              <test-case id="1048" name="GetCompensation_CommissionCalculation_Example" fullname="EventPlannerSim.Tests.EditMode.ProgressionSystemPropertyTests.GetCompensation_CommissionCalculation_Example" methodname="GetCompensation_CommissionCalculation_Example" classname="EventPlannerSim.Tests.EditMode.ProgressionSystemPropertyTests" runstate="Runnable" seed="996946564" result="Passed" start-time="2026-01-09 04:07:26Z" end-time="2026-01-09 04:07:26Z" duration="0.000507" asserts="0">
                <properties>
                  <property name="retryIteration" value="0" />
                  <property name="repeatIteration" value="0" />
                </properties>
              </test-case>
              <test-case id="1046" name="GetCompensation_HigherLevels_HaveBetterCompensation" fullname="EventPlannerSim.Tests.EditMode.ProgressionSystemPropertyTests.GetCompensation_HigherLevels_HaveBetterCompensation" methodname="GetCompensation_HigherLevels_HaveBetterCompensation" classname="EventPlannerSim.Tests.EditMode.ProgressionSystemPropertyTests" runstate="Runnable" seed="1385908992" result="Passed" start-time="2026-01-09 04:07:26Z" end-time="2026-01-09 04:07:26Z" duration="0.000176" asserts="0">
                <properties>
                  <property name="retryIteration" value="0" />
                  <property name="repeatIteration" value="0" />
                </properties>
              </test-case>
              <test-case id="1042" name="GetCompensation_JuniorLevel_ReturnsCorrectCompensation" fullname="EventPlannerSim.Tests.EditMode.ProgressionSystemPropertyTests.GetCompensation_JuniorLevel_ReturnsCorrectCompensation" methodname="GetCompensation_JuniorLevel_ReturnsCorrectCompensation" classname="EventPlannerSim.Tests.EditMode.ProgressionSystemPropertyTests" runstate="Runnable" seed="791871528" result="Passed" start-time="2026-01-09 04:07:26Z" end-time="2026-01-09 04:07:26Z" duration="0.000128" asserts="0">
                <properties>
                  <property name="retryIteration" value="0" />
                  <property name="repeatIteration" value="0" />
                </properties>
              </test-case>
              <test-case id="1043" name="GetCompensation_PlannerLevel_ReturnsCorrectCompensation" fullname="EventPlannerSim.Tests.EditMode.ProgressionSystemPropertyTests.GetCompensation_PlannerLevel_ReturnsCorrectCompensation" methodname="GetCompensation_PlannerLevel_ReturnsCorrectCompensation" classname="EventPlannerSim.Tests.EditMode.ProgressionSystemPropertyTests" runstate="Runnable" seed="860177365" result="Passed" start-time="2026-01-09 04:07:26Z" end-time="2026-01-09 04:07:26Z" duration="0.000108" asserts="0">
                <properties>
                  <property name="retryIteration" value="0" />
                  <property name="repeatIteration" value="0" />
                </properties>
              </test-case>
              <test-case id="1044" name="GetCompensation_SeniorLevel_ReturnsCorrectCompensation" fullname="EventPlannerSim.Tests.EditMode.ProgressionSystemPropertyTests.GetCompensation_SeniorLevel_ReturnsCorrectCompensation" methodname="GetCompensation_SeniorLevel_ReturnsCorrectCompensation" classname="EventPlannerSim.Tests.EditMode.ProgressionSystemPropertyTests" runstate="Runnable" seed="545657899" result="Passed" start-time="2026-01-09 04:07:26Z" end-time="2026-01-09 04:07:26Z" duration="0.000078" asserts="0">
                <properties>
                  <property name="retryIteration" value="0" />
                  <property name="repeatIteration" value="0" />
                </properties>
              </test-case>
              <test-case id="1030" name="GetPersonalityDistribution_AllStages_BaseChancesSumToOne" fullname="EventPlannerSim.Tests.EditMode.ProgressionSystemPropertyTests.GetPersonalityDistribution_AllStages_BaseChancesSumToOne" methodname="GetPersonalityDistribution_AllStages_BaseChancesSumToOne" classname="EventPlannerSim.Tests.EditMode.ProgressionSystemPropertyTests" runstate="Runnable" seed="191230656" result="Passed" start-time="2026-01-09 04:07:26Z" end-time="2026-01-09 04:07:26Z" duration="0.000224" asserts="0">
                <properties>
                  <property name="retryIteration" value="0" />
                  <property name="repeatIteration" value="0" />
                </properties>
              </test-case>
              <test-case id="1027" name="GetPersonalityDistribution_Stage1_CorrectDistribution" fullname="EventPlannerSim.Tests.EditMode.ProgressionSystemPropertyTests.GetPersonalityDistribution_Stage1_CorrectDistribution" methodname="GetPersonalityDistribution_Stage1_CorrectDistribution" classname="EventPlannerSim.Tests.EditMode.ProgressionSystemPropertyTests" runstate="Runnable" seed="2140305362" result="Passed" start-time="2026-01-09 04:07:26Z" end-time="2026-01-09 04:07:26Z" duration="0.000145" asserts="0">
                <properties>
                  <property name="retryIteration" value="0" />
                  <property name="repeatIteration" value="0" />
                </properties>
              </test-case>
              <test-case id="1028" name="GetPersonalityDistribution_Stage2_CorrectDistribution" fullname="EventPlannerSim.Tests.EditMode.ProgressionSystemPropertyTests.GetPersonalityDistribution_Stage2_CorrectDistribution" methodname="GetPersonalityDistribution_Stage2_CorrectDistribution" classname="EventPlannerSim.Tests.EditMode.ProgressionSystemPropertyTests" runstate="Runnable" seed="1328621532" result="Passed" start-time="2026-01-09 04:07:26Z" end-time="2026-01-09 04:07:26Z" duration="0.000126" asserts="0">
                <properties>
                  <property name="retryIteration" value="0" />
                  <property name="repeatIteration" value="0" />
                </properties>
              </test-case>
              <test-case id="1029" name="GetPersonalityDistribution_Stage3Plus_CorrectDistribution" fullname="EventPlannerSim.Tests.EditMode.ProgressionSystemPropertyTests.GetPersonalityDistribution_Stage3Plus_CorrectDistribution" methodname="GetPersonalityDistribution_Stage3Plus_CorrectDistribution" classname="EventPlannerSim.Tests.EditMode.ProgressionSystemPropertyTests" runstate="Runnable" seed="660641213" result="Passed" start-time="2026-01-09 04:07:26Z" end-time="2026-01-09 04:07:26Z" duration="0.000130" asserts="0">
                <properties>
                  <property name="retryIteration" value="0" />
                  <property name="repeatIteration" value="0" />
                </properties>
              </test-case>
              <test-case id="1047" name="GetTitle_ReturnsCorrectTitle" fullname="EventPlannerSim.Tests.EditMode.ProgressionSystemPropertyTests.GetTitle_ReturnsCorrectTitle" methodname="GetTitle_ReturnsCorrectTitle" classname="EventPlannerSim.Tests.EditMode.ProgressionSystemPropertyTests" runstate="Runnable" seed="1355003108" result="Passed" start-time="2026-01-09 04:07:26Z" end-time="2026-01-09 04:07:26Z" duration="0.000222" asserts="0">
                <properties>
                  <property name="retryIteration" value="0" />
                  <property name="repeatIteration" value="0" />
                </properties>
                <output><![CDATA[Saving results to: ./unity_app/unity_test_results/AllProgressionTests.xml
]]></output>
              </test-case>
            </test-suite>
          </test-suite>
        </test-suite>
      </test-suite>
    </test-suite>
  </test-suite>
</test-run>