<?xml version="1.0" encoding="utf-8"?>
<test-run id="2" testcasecount="28" result="Passed" total="28" passed="28" failed="0" inconclusive="0" skipped="0" asserts="0" engine-version="3.5.0.0" clr-version="4.0.30319.42000" start-time="2026-01-09 04:37:12Z" end-time="2026-01-09 04:37:13Z" duration="0.043172">
  <test-suite type="TestSuite" id="1000" name="EventPlannerSim" fullname="EventPlannerSim" runstate="Runnable" testcasecount="147" result="Passed" start-time="2026-01-09 04:37:12Z" end-time="2026-01-09 04:37:13Z" duration="0.043172" total="28" passed="28" failed="0" inconclusive="0" skipped="0" asserts="0">
    <properties>
      <property name="platform" value="EditMode" />
    </properties>
    <test-suite type="Assembly" id="1158" name="EventPlannerSim.Tests.EditMode.dll" fullname="/Users/d/github/events_app/unity_app/Library/ScriptAssemblies/EventPlannerSim.Tests.EditMode.dll" runstate="Runnable" testcasecount="147" result="Passed" start-time="2026-01-09 04:37:12Z" end-time="2026-01-09 04:37:13Z" duration="0.037600" total="28" passed="28" failed="0" inconclusive="0" skipped="0" asserts="0">
      <properties>
        <property name="_PID" value="93117" />
        <property name="_APPDOMAIN" value="Unity Child Domain" />
        <property name="platform" value="EditMode" />
        <property name="EditorOnly" value="True" />
      </properties>
      <test-suite type="TestSuite" id="1159" name="EventPlannerSim" fullname="EventPlannerSim" runstate="Runnable" testcasecount="147" result="Passed" start-time="2026-01-09 04:37:12Z" end-time="2026-01-09 04:37:13Z" duration="0.036794" total="28" passed="28" failed="0" inconclusive="0" skipped="0" asserts="0">
        <properties />
        <test-suite type="TestSuite" id="1160" name="Tests" fullname="EventPlannerSim.Tests" runstate="Runnable" testcasecount="147" result="Passed" start-time="2026-01-09 04:37:12Z" end-time="2026-01-09 04:37:13Z" duration="0.036196" total="28" passed="28" failed="0" inconclusive="0" skipped="0" asserts="0">
          <properties />
          <test-suite type="TestSuite" id="1161" name="EditMode" fullname="EventPlannerSim.Tests.EditMode" runstate="Runnable" testcasecount="147" result="Passed" start-time="2026-01-09 04:37:12Z" end-time="2026-01-09 04:37:13Z" duration="0.035566" total="28" passed="28" failed="0" inconclusive="0" skipped="0" asserts="0">
            <properties />
            <test-suite type="TestFixture" id="1071" name="ReferralSystemPropertyTests" fullname="EventPlannerSim.Tests.EditMode.ReferralSystemPropertyTests" classname="EventPlannerSim.Tests.EditMode.ReferralSystemPropertyTests" runstate="Runnable" testcasecount="28" result="Passed" start-time="2026-01-09 04:37:12Z" end-time="2026-01-09 04:37:13Z" duration="0.032313" total="28" passed="28" failed="0" inconclusive="0" skipped="0" asserts="0">
              <properties />
              <test-case id="1074" name="CalculateReferralProbability_BelowThreshold_ReturnsZero" fullname="EventPlannerSim.Tests.EditMode.ReferralSystemPropertyTests.CalculateReferralProbability_BelowThreshold_ReturnsZero" methodname="CalculateReferralProbability_BelowThreshold_ReturnsZero" classname="EventPlannerSim.Tests.EditMode.ReferralSystemPropertyTests" runstate="Runnable" seed="1710232208" result="Passed" start-time="2026-01-09 04:37:12Z" end-time="2026-01-09 04:37:13Z" duration="0.008809" asserts="0">
                <properties>
                  <property name="retryIteration" value="0" />
                  <property name="repeatIteration" value="0" />
                </properties>
              </test-case>
              <test-case id="1078" name="CalculateReferralProbability_BelowThreshold_StreakBonusNotApplied" fullname="EventPlannerSim.Tests.EditMode.ReferralSystemPropertyTests.CalculateReferralProbability_BelowThreshold_StreakBonusNotApplied" methodname="CalculateReferralProbability_BelowThreshold_StreakBonusNotApplied" classname="EventPlannerSim.Tests.EditMode.ReferralSystemPropertyTests" runstate="Runnable" seed="1603812044" result="Passed" start-time="2026-01-09 04:37:13Z" end-time="2026-01-09 04:37:13Z" duration="0.000446" asserts="0">
                <properties>
                  <property name="retryIteration" value="0" />
                  <property name="repeatIteration" value="0" />
                </properties>
              </test-case>
              <test-case id="1075" name="CalculateReferralProbability_BoundaryValues_CorrectChance" fullname="EventPlannerSim.Tests.EditMode.ReferralSystemPropertyTests.CalculateReferralProbability_BoundaryValues_CorrectChance" methodname="CalculateReferralProbability_BoundaryValues_CorrectChance" classname="EventPlannerSim.Tests.EditMode.ReferralSystemPropertyTests" runstate="Runnable" seed="2065772044" result="Passed" start-time="2026-01-09 04:37:13Z" end-time="2026-01-09 04:37:13Z" duration="0.000764" asserts="0">
                <properties>
                  <property name="retryIteration" value="0" />
                  <property name="repeatIteration" value="0" />
                </properties>
              </test-case>
              <test-case id="1079" name="CalculateReferralProbability_CappedAt100Percent" fullname="EventPlannerSim.Tests.EditMode.ReferralSystemPropertyTests.CalculateReferralProbability_CappedAt100Percent" methodname="CalculateReferralProbability_CappedAt100Percent" classname="EventPlannerSim.Tests.EditMode.ReferralSystemPropertyTests" runstate="Runnable" seed="694388236" result="Passed" start-time="2026-01-09 04:37:13Z" end-time="2026-01-09 04:37:13Z" duration="0.001876" asserts="0">
                <properties>
                  <property name="retryIteration" value="0" />
                  <property name="repeatIteration" value="0" />
                </properties>
              </test-case>
              <test-case id="1072" name="CalculateReferralProbability_ExcellentSatisfaction_Returns80PercentBase" fullname="EventPlannerSim.Tests.EditMode.ReferralSystemPropertyTests.CalculateReferralProbability_ExcellentSatisfaction_Returns80PercentBase" methodname="CalculateReferralProbability_ExcellentSatisfaction_Returns80PercentBase" classname="EventPlannerSim.Tests.EditMode.ReferralSystemPropertyTests" runstate="Runnable" seed="1161976924" result="Passed" start-time="2026-01-09 04:37:13Z" end-time="2026-01-09 04:37:13Z" duration="0.000333" asserts="0">
                <properties>
                  <property name="retryIteration" value="0" />
                  <property name="repeatIteration" value="0" />
                </properties>
              </test-case>
              <test-case id="1073" name="CalculateReferralProbability_HighSatisfaction_Returns50PercentBase" fullname="EventPlannerSim.Tests.EditMode.ReferralSystemPropertyTests.CalculateReferralProbability_HighSatisfaction_Returns50PercentBase" methodname="CalculateReferralProbability_HighSatisfaction_Returns50PercentBase" classname="EventPlannerSim.Tests.EditMode.ReferralSystemPropertyTests" runstate="Runnable" seed="1553629347" result="Passed" start-time="2026-01-09 04:37:13Z" end-time="2026-01-09 04:37:13Z" duration="0.000283" asserts="0">
                <properties>
                  <property name="retryIteration" value="0" />
                  <property name="repeatIteration" value="0" />
                </properties>
              </test-case>
              <test-case id="1076" name="CalculateReferralProbability_Streak3_Adds10Percent" fullname="EventPlannerSim.Tests.EditMode.ReferralSystemPropertyTests.CalculateReferralProbability_Streak3_Adds10Percent" methodname="CalculateReferralProbability_Streak3_Adds10Percent" classname="EventPlannerSim.Tests.EditMode.ReferralSystemPropertyTests" runstate="Runnable" seed="1721203467" result="Passed" start-time="2026-01-09 04:37:13Z" end-time="2026-01-09 04:37:13Z" duration="0.000121" asserts="0">
                <properties>
                  <property name="retryIteration" value="0" />
                  <property name="repeatIteration" value="0" />
                </properties>
              </test-case>
              <test-case id="1077" name="CalculateReferralProbability_Streak5Plus_Adds20Percent" fullname="EventPlannerSim.Tests.EditMode.ReferralSystemPropertyTests.CalculateReferralProbability_Streak5Plus_Adds20Percent" methodname="CalculateReferralProbability_Streak5Plus_Adds20Percent" classname="EventPlannerSim.Tests.EditMode.ReferralSystemPropertyTests" runstate="Runnable" seed="1230147333" result="Passed" start-time="2026-01-09 04:37:13Z" end-time="2026-01-09 04:37:13Z" duration="0.000120" asserts="0">
                <properties>
                  <property name="retryIteration" value="0" />
                  <property name="repeatIteration" value="0" />
                </properties>
              </test-case>
              <test-case id="1082" name="EvaluateReferral_ReturnsConsistentResults" fullname="EventPlannerSim.Tests.EditMode.ReferralSystemPropertyTests.EvaluateReferral_ReturnsConsistentResults" methodname="EvaluateReferral_ReturnsConsistentResults" classname="EventPlannerSim.Tests.EditMode.ReferralSystemPropertyTests" runstate="Runnable" seed="1357939018" result="Passed" start-time="2026-01-09 04:37:13Z" end-time="2026-01-09 04:37:13Z" duration="0.001133" asserts="0">
                <properties>
                  <property name="retryIteration" value="0" />
                  <property name="repeatIteration" value="0" />
                </properties>
              </test-case>
              <test-case id="1080" name="GetBaseReferralChance_ReturnsCorrectValues" fullname="EventPlannerSim.Tests.EditMode.ReferralSystemPropertyTests.GetBaseReferralChance_ReturnsCorrectValues" methodname="GetBaseReferralChance_ReturnsCorrectValues" classname="EventPlannerSim.Tests.EditMode.ReferralSystemPropertyTests" runstate="Runnable" seed="228100992" result="Passed" start-time="2026-01-09 04:37:13Z" end-time="2026-01-09 04:37:13Z" duration="0.000249" asserts="0">
                <properties>
                  <property name="retryIteration" value="0" />
                  <property name="repeatIteration" value="0" />
                </properties>
              </test-case>
              <test-case id="1091" name="GetStreakBonus_ReturnsCorrectValues" fullname="EventPlannerSim.Tests.EditMode.ReferralSystemPropertyTests.GetStreakBonus_ReturnsCorrectValues" methodname="GetStreakBonus_ReturnsCorrectValues" classname="EventPlannerSim.Tests.EditMode.ReferralSystemPropertyTests" runstate="Runnable" seed="1273913595" result="Passed" start-time="2026-01-09 04:37:13Z" end-time="2026-01-09 04:37:13Z" duration="0.000195" asserts="0">
                <properties>
                  <property name="retryIteration" value="0" />
                  <property name="repeatIteration" value="0" />
                </properties>
              </test-case>
              <test-case id="1081" name="QualifiesForReferral_ReturnsCorrectValues" fullname="EventPlannerSim.Tests.EditMode.ReferralSystemPropertyTests.QualifiesForReferral_ReturnsCorrectValues" methodname="QualifiesForReferral_ReturnsCorrectValues" classname="EventPlannerSim.Tests.EditMode.ReferralSystemPropertyTests" runstate="Runnable" seed="1053033824" result="Passed" start-time="2026-01-09 04:37:13Z" end-time="2026-01-09 04:37:13Z" duration="0.000386" asserts="0">
                <properties>
                  <property name="retryIteration" value="0" />
                  <property name="repeatIteration" value="0" />
                </properties>
              </test-case>
              <test-case id="1097" name="StreakBonusApplication_AllCombinations" fullname="EventPlannerSim.Tests.EditMode.ReferralSystemPropertyTests.StreakBonusApplication_AllCombinations" methodname="StreakBonusApplication_AllCombinations" classname="EventPlannerSim.Tests.EditMode.ReferralSystemPropertyTests" runstate="Runnable" seed="127518138" result="Passed" start-time="2026-01-09 04:37:13Z" end-time="2026-01-09 04:37:13Z" duration="0.000341" asserts="0">
                <properties>
                  <property name="retryIteration" value="0" />
                  <property name="repeatIteration" value="0" />
                </properties>
              </test-case>
              <test-case id="1096" name="StreakBonusApplication_BelowThreshold_StreakIgnored" fullname="EventPlannerSim.Tests.EditMode.ReferralSystemPropertyTests.StreakBonusApplication_BelowThreshold_StreakIgnored" methodname="StreakBonusApplication_BelowThreshold_StreakIgnored" classname="EventPlannerSim.Tests.EditMode.ReferralSystemPropertyTests" runstate="Runnable" seed="814930874" result="Passed" start-time="2026-01-09 04:37:13Z" end-time="2026-01-09 04:37:13Z" duration="0.000269" asserts="0">
                <properties>
                  <property name="retryIteration" value="0" />
                  <property name="repeatIteration" value="0" />
                </properties>
              </test-case>
              <test-case id="1092" name="StreakBonusApplication_ExcellentSatisfaction_NoStreak" fullname="EventPlannerSim.Tests.EditMode.ReferralSystemPropertyTests.StreakBonusApplication_ExcellentSatisfaction_NoStreak" methodname="StreakBonusApplication_ExcellentSatisfaction_NoStreak" classname="EventPlannerSim.Tests.EditMode.ReferralSystemPropertyTests" runstate="Runnable" seed="1366805024" result="Passed" start-time="2026-01-09 04:37:13Z" end-time="2026-01-09 04:37:13Z" duration="0.000269" asserts="0">
                <properties>
                  <property name="retryIteration" value="0" />
                  <property name="repeatIteration" value="0" />
                </properties>
              </test-case>
              <test-case id="1093" name="StreakBonusApplication_ExcellentSatisfaction_Streak3" fullname="EventPlannerSim.Tests.EditMode.ReferralSystemPropertyTests.StreakBonusApplication_ExcellentSatisfaction_Streak3" methodname="StreakBonusApplication_ExcellentSatisfaction_Streak3" classname="EventPlannerSim.Tests.EditMode.ReferralSystemPropertyTests" runstate="Runnable" seed="936322641" result="Passed" start-time="2026-01-09 04:37:13Z" end-time="2026-01-09 04:37:13Z" duration="0.000439" asserts="0">
                <properties>
                  <property name="retryIteration" value="0" />
                  <property name="repeatIteration" value="0" />
                </properties>
              </test-case>
              <test-case id="1094" name="StreakBonusApplication_ExcellentSatisfaction_Streak5" fullname="EventPlannerSim.Tests.EditMode.ReferralSystemPropertyTests.StreakBonusApplication_ExcellentSatisfaction_Streak5" methodname="StreakBonusApplication_ExcellentSatisfaction_Streak5" classname="EventPlannerSim.Tests.EditMode.ReferralSystemPropertyTests" runstate="Runnable" seed="231972877" result="Passed" start-time="2026-01-09 04:37:13Z" end-time="2026-01-09 04:37:13Z" duration="0.000342" asserts="0">
                <properties>
                  <property name="retryIteration" value="0" />
                  <property name="repeatIteration" value="0" />
                </properties>
              </test-case>
              <test-case id="1095" name="StreakBonusApplication_HighSatisfaction_Streak5" fullname="EventPlannerSim.Tests.EditMode.ReferralSystemPropertyTests.StreakBonusApplication_HighSatisfaction_Streak5" methodname="StreakBonusApplication_HighSatisfaction_Streak5" classname="EventPlannerSim.Tests.EditMode.ReferralSystemPropertyTests" runstate="Runnable" seed="938807805" result="Passed" start-time="2026-01-09 04:37:13Z" end-time="2026-01-09 04:37:13Z" duration="0.000306" asserts="0">
                <properties>
                  <property name="retryIteration" value="0" />
                  <property name="repeatIteration" value="0" />
                </properties>
              </test-case>
              <test-case id="1098" name="StreakBonusApplication_IsAdditive" fullname="EventPlannerSim.Tests.EditMode.ReferralSystemPropertyTests.StreakBonusApplication_IsAdditive" methodname="StreakBonusApplication_IsAdditive" classname="EventPlannerSim.Tests.EditMode.ReferralSystemPropertyTests" runstate="Runnable" seed="448325742" result="Passed" start-time="2026-01-09 04:37:13Z" end-time="2026-01-09 04:37:13Z" duration="0.000197" asserts="0">
                <properties>
                  <property name="retryIteration" value="0" />
                  <property name="repeatIteration" value="0" />
                </properties>
              </test-case>
              <test-case id="1099" name="StreakBonusApplication_ProbabilityInValidRange" fullname="EventPlannerSim.Tests.EditMode.ReferralSystemPropertyTests.StreakBonusApplication_ProbabilityInValidRange" methodname="StreakBonusApplication_ProbabilityInValidRange" classname="EventPlannerSim.Tests.EditMode.ReferralSystemPropertyTests" runstate="Runnable" seed="92703256" result="Passed" start-time="2026-01-09 04:37:13Z" end-time="2026-01-09 04:37:13Z" duration="0.000588" asserts="0">
                <properties>
                  <property name="retryIteration" value="0" />
                  <property name="repeatIteration" value="0" />
                </properties>
              </test-case>
              <test-case id="1086" name="UpdateExcellenceStreak_BoundaryValues" fullname="EventPlannerSim.Tests.EditMode.ReferralSystemPropertyTests.UpdateExcellenceStreak_BoundaryValues" methodname="UpdateExcellenceStreak_BoundaryValues" classname="EventPlannerSim.Tests.EditMode.ReferralSystemPropertyTests" runstate="Runnable" seed="389978099" result="Passed" start-time="2026-01-09 04:37:13Z" end-time="2026-01-09 04:37:13Z" duration="0.001302" asserts="0">
                <properties>
                  <property name="retryIteration" value="0" />
                  <property name="repeatIteration" value="0" />
                </properties>
              </test-case>
              <test-case id="1088" name="UpdateExcellenceStreak_CanGrowIndefinitely" fullname="EventPlannerSim.Tests.EditMode.ReferralSystemPropertyTests.UpdateExcellenceStreak_CanGrowIndefinitely" methodname="UpdateExcellenceStreak_CanGrowIndefinitely" classname="EventPlannerSim.Tests.EditMode.ReferralSystemPropertyTests" runstate="Runnable" seed="1367909516" result="Passed" start-time="2026-01-09 04:37:13Z" end-time="2026-01-09 04:37:13Z" duration="0.000124" asserts="0">
                <properties>
                  <property name="retryIteration" value="0" />
                  <property name="repeatIteration" value="0" />
                </properties>
              </test-case>
              <test-case id="1090" name="UpdateExcellenceStreak_ExactlyOneFlagSet" fullname="EventPlannerSim.Tests.EditMode.ReferralSystemPropertyTests.UpdateExcellenceStreak_ExactlyOneFlagSet" methodname="UpdateExcellenceStreak_ExactlyOneFlagSet" classname="EventPlannerSim.Tests.EditMode.ReferralSystemPropertyTests" runstate="Runnable" seed="1320172837" result="Passed" start-time="2026-01-09 04:37:13Z" end-time="2026-01-09 04:37:13Z" duration="0.000327" asserts="0">
                <properties>
                  <property name="retryIteration" value="0" />
                  <property name="repeatIteration" value="0" />
                </properties>
              </test-case>
              <test-case id="1083" name="UpdateExcellenceStreak_HighSatisfaction_IncrementsStreak" fullname="EventPlannerSim.Tests.EditMode.ReferralSystemPropertyTests.UpdateExcellenceStreak_HighSatisfaction_IncrementsStreak" methodname="UpdateExcellenceStreak_HighSatisfaction_IncrementsStreak" classname="EventPlannerSim.Tests.EditMode.ReferralSystemPropertyTests" runstate="Runnable" seed="1706701450" result="Passed" start-time="2026-01-09 04:37:13Z" end-time="2026-01-09 04:37:13Z" duration="0.000450" asserts="0">
                <properties>
                  <property name="retryIteration" value="0" />
                  <property name="repeatIteration" value="0" />
                </properties>
              </test-case>
              <test-case id="1084" name="UpdateExcellenceStreak_LowSatisfaction_ResetsStreak" fullname="EventPlannerSim.Tests.EditMode.ReferralSystemPropertyTests.UpdateExcellenceStreak_LowSatisfaction_ResetsStreak" methodname="UpdateExcellenceStreak_LowSatisfaction_ResetsStreak" classname="EventPlannerSim.Tests.EditMode.ReferralSystemPropertyTests" runstate="Runnable" seed="21644625" result="Passed" start-time="2026-01-09 04:37:13Z" end-time="2026-01-09 04:37:13Z" duration="0.000432" asserts="0">
                <properties>
                  <property name="retryIteration" value="0" />
                  <property name="repeatIteration" value="0" />
                </properties>
              </test-case>
              <test-case id="1085" name="UpdateExcellenceStreak_MediumSatisfaction_StreakUnchanged" fullname="EventPlannerSim.Tests.EditMode.ReferralSystemPropertyTests.UpdateExcellenceStreak_MediumSatisfaction_StreakUnchanged" methodname="UpdateExcellenceStreak_MediumSatisfaction_StreakUnchanged" classname="EventPlannerSim.Tests.EditMode.ReferralSystemPropertyTests" runstate="Runnable" seed="639426268" result="Passed" start-time="2026-01-09 04:37:13Z" end-time="2026-01-09 04:37:13Z" duration="0.000396" asserts="0">
                <properties>
                  <property name="retryIteration" value="0" />
                  <property name="repeatIteration" value="0" />
                </properties>
              </test-case>
              <test-case id="1089" name="UpdateExcellenceStreak_ResetsFromAnyValue" fullname="EventPlannerSim.Tests.EditMode.ReferralSystemPropertyTests.UpdateExcellenceStreak_ResetsFromAnyValue" methodname="UpdateExcellenceStreak_ResetsFromAnyValue" classname="EventPlannerSim.Tests.EditMode.ReferralSystemPropertyTests" runstate="Runnable" seed="2141437673" result="Passed" start-time="2026-01-09 04:37:13Z" end-time="2026-01-09 04:37:13Z" duration="0.000101" asserts="0">
                <properties>
                  <property name="retryIteration" value="0" />
                  <property name="repeatIteration" value="0" />
                </properties>
              </test-case>
              <test-case id="1087" name="UpdateExcellenceStreak_StoresPreviousStreak" fullname="EventPlannerSim.Tests.EditMode.ReferralSystemPropertyTests.UpdateExcellenceStreak_StoresPreviousStreak" methodname="UpdateExcellenceStreak_StoresPreviousStreak" classname="EventPlannerSim.Tests.EditMode.ReferralSystemPropertyTests" runstate="Runnable" seed="1258348931" result="Passed" start-time="2026-01-09 04:37:13Z" end-time="2026-01-09 04:37:13Z" duration="0.000292" asserts="0">
                <properties>
                  <property name="retryIteration" value="0" />
                  <property name="repeatIteration" value="0" />
                </properties>
                <output><![CDATA[Saving results to: ./unity_app/unity_test_results/AllReferralTests.xml
]]></output>
              </test-case>
            </test-suite>
          </test-suite>
        </test-suite>
      </test-suite>
    </test-suite>
  </test-suite>
</test-run>