<?xml version="1.0" encoding="utf-8"?>
<test-run id="2" testcasecount="293" result="Passed" total="293" passed="293" failed="0" inconclusive="0" skipped="0" asserts="0" engine-version="3.5.0.0" clr-version="4.0.30319.42000" start-time="2026-01-09 06:12:07Z" end-time="2026-01-09 06:12:08Z" duration="0.4031678">
  <test-suite type="TestSuite" id="1000" name="EventPlannerSim" fullname="EventPlannerSim" runstate="Runnable" testcasecount="293" result="Passed" start-time="2026-01-09 06:12:07Z" end-time="2026-01-09 06:12:08Z" duration="0.403168" total="293" passed="293" failed="0" inconclusive="0" skipped="0" asserts="0">
    <properties>
      <property name="platform" value="EditMode" />
    </properties>
    <test-suite type="Assembly" id="1310" name="EventPlannerSim.Tests.EditMode.dll" fullname="/Users/d/github/events_app/unity_app/Library/ScriptAssemblies/EventPlannerSim.Tests.EditMode.dll" runstate="Runnable" testcasecount="293" result="Passed" start-time="2026-01-09 06:12:07Z" end-time="2026-01-09 06:12:08Z" duration="0.397923" total="293" passed="293" failed="0" inconclusive="0" skipped="0" asserts="0">
      <properties>
        <property name="_PID" value="22808" />
        <property name="_APPDOMAIN" value="Unity Child Domain" />
        <property name="platform" value="EditMode" />
        <property name="EditorOnly" value="True" />
      </properties>
      <test-suite type="TestSuite" id="1311" name="EventPlannerSim" fullname="EventPlannerSim" runstate="Runnable" testcasecount="293" result="Passed" start-time="2026-01-09 06:12:07Z" end-time="2026-01-09 06:12:08Z" duration="0.397500" total="293" passed="293" failed="0" inconclusive="0" skipped="0" asserts="0">
        <properties />
        <test-suite type="TestSuite" id="1312" name="Tests" fullname="EventPlannerSim.Tests" runstate="Runnable" testcasecount="293" result="Passed" start-time="2026-01-09 06:12:07Z" end-time="2026-01-09 06:12:08Z" duration="0.397236" total="293" passed="293" failed="0" inconclusive="0" skipped="0" asserts="0">
          <properties />
          <test-suite type="TestSuite" id="1313" name="EditMode" fullname="EventPlannerSim.Tests.EditMode" runstate="Runnable" testcasecount="293" result="Passed" start-time="2026-01-09 06:12:07Z" end-time="2026-01-09 06:12:08Z" duration="0.396896" total="293" passed="293" failed="0" inconclusive="0" skipped="0" asserts="0">
            <properties />
            <test-suite type="TestFixture" id="1001" name="AchievementSystemTests" fullname="EventPlannerSim.Tests.EditMode.AchievementSystemTests" classname="EventPlannerSim.Tests.EditMode.AchievementSystemTests" runstate="Runnable" testcasecount="27" result="Passed" start-time="2026-01-09 06:12:07Z" end-time="2026-01-09 06:12:07Z" duration="0.026461" total="27" passed="27" failed="0" inconclusive="0" skipped="0" asserts="0">
              <properties />
              <test-case id="1004" name="CheckAndAward_AwardsNonTrackableAchievement" fullname="EventPlannerSim.Tests.EditMode.AchievementSystemTests.CheckAndAward_AwardsNonTrackableAchievement" methodname="CheckAndAward_AwardsNonTrackableAchievement" classname="EventPlannerSim.Tests.EditMode.AchievementSystemTests" runstate="Runnable" seed="1725381931" result="Passed" start-time="2026-01-09 06:12:07Z" end-time="2026-01-09 06:12:07Z" duration="0.008485" asserts="0">
                <properties>
                  <property name="retryIteration" value="0" />
                  <property name="repeatIteration" value="0" />
                </properties>
              </test-case>
              <test-case id="1006" name="CheckAndAward_DoesNotAwardAlreadyEarned" fullname="EventPlannerSim.Tests.EditMode.AchievementSystemTests.CheckAndAward_DoesNotAwardAlreadyEarned" methodname="CheckAndAward_DoesNotAwardAlreadyEarned" classname="EventPlannerSim.Tests.EditMode.AchievementSystemTests" runstate="Runnable" seed="1189026288" result="Passed" start-time="2026-01-09 06:12:07Z" end-time="2026-01-09 06:12:07Z" duration="0.001988" asserts="0">
                <properties>
                  <property name="retryIteration" value="0" />
                  <property name="repeatIteration" value="0" />
                </properties>
              </test-case>
              <test-case id="1007" name="CheckAndAward_DoesNotAwardTrackableWithoutProgress" fullname="EventPlannerSim.Tests.EditMode.AchievementSystemTests.CheckAndAward_DoesNotAwardTrackableWithoutProgress" methodname="CheckAndAward_DoesNotAwardTrackableWithoutProgress" classname="EventPlannerSim.Tests.EditMode.AchievementSystemTests" runstate="Runnable" seed="1284672242" result="Passed" start-time="2026-01-09 06:12:07Z" end-time="2026-01-09 06:12:07Z" duration="0.000148" asserts="0">
                <properties>
                  <property name="retryIteration" value="0" />
                  <property name="repeatIteration" value="0" />
                </properties>
              </test-case>
              <test-case id="1005" name="CheckAndAward_FiresOnAchievementEarnedEvent" fullname="EventPlannerSim.Tests.EditMode.AchievementSystemTests.CheckAndAward_FiresOnAchievementEarnedEvent" methodname="CheckAndAward_FiresOnAchievementEarnedEvent" classname="EventPlannerSim.Tests.EditMode.AchievementSystemTests" runstate="Runnable" seed="1396651883" result="Passed" start-time="2026-01-09 06:12:07Z" end-time="2026-01-09 06:12:07Z" duration="0.001569" asserts="0">
                <properties>
                  <property name="retryIteration" value="0" />
                  <property name="repeatIteration" value="0" />
                </properties>
              </test-case>
              <test-case id="1003" name="Constructor_AllAchievementsStartNotEarned" fullname="EventPlannerSim.Tests.EditMode.AchievementSystemTests.Constructor_AllAchievementsStartNotEarned" methodname="Constructor_AllAchievementsStartNotEarned" classname="EventPlannerSim.Tests.EditMode.AchievementSystemTests" runstate="Runnable" seed="586837385" result="Passed" start-time="2026-01-09 06:12:07Z" end-time="2026-01-09 06:12:07Z" duration="0.000666" asserts="0">
                <properties>
                  <property name="retryIteration" value="0" />
                  <property name="repeatIteration" value="0" />
                </properties>
              </test-case>
              <test-case id="1002" name="Constructor_InitializesAllAchievements" fullname="EventPlannerSim.Tests.EditMode.AchievementSystemTests.Constructor_InitializesAllAchievements" methodname="Constructor_InitializesAllAchievements" classname="EventPlannerSim.Tests.EditMode.AchievementSystemTests" runstate="Runnable" seed="753923048" result="Passed" start-time="2026-01-09 06:12:07Z" end-time="2026-01-09 06:12:07Z" duration="0.000406" asserts="0">
                <properties>
                  <property name="retryIteration" value="0" />
                  <property name="repeatIteration" value="0" />
                </properties>
              </test-case>
              <test-case id="1020" name="GetAllAchievements_HidesSecretDescriptionBeforeEarned" fullname="EventPlannerSim.Tests.EditMode.AchievementSystemTests.GetAllAchievements_HidesSecretDescriptionBeforeEarned" methodname="GetAllAchievements_HidesSecretDescriptionBeforeEarned" classname="EventPlannerSim.Tests.EditMode.AchievementSystemTests" runstate="Runnable" seed="736169091" result="Passed" start-time="2026-01-09 06:12:07Z" end-time="2026-01-09 06:12:07Z" duration="0.000322" asserts="0">
                <properties>
                  <property name="retryIteration" value="0" />
                  <property name="repeatIteration" value="0" />
                </properties>
              </test-case>
              <test-case id="1021" name="GetAllAchievements_ShowsSecretDescriptionAfterEarned" fullname="EventPlannerSim.Tests.EditMode.AchievementSystemTests.GetAllAchievements_ShowsSecretDescriptionAfterEarned" methodname="GetAllAchievements_ShowsSecretDescriptionAfterEarned" classname="EventPlannerSim.Tests.EditMode.AchievementSystemTests" runstate="Runnable" seed="278442421" result="Passed" start-time="2026-01-09 06:12:07Z" end-time="2026-01-09 06:12:07Z" duration="0.000172" asserts="0">
                <properties>
                  <property name="retryIteration" value="0" />
                  <property name="repeatIteration" value="0" />
                </properties>
              </test-case>
              <test-case id="1018" name="GetCategory_ReturnsChallengeForChallengeAchievements" fullname="EventPlannerSim.Tests.EditMode.AchievementSystemTests.GetCategory_ReturnsChallengeForChallengeAchievements" methodname="GetCategory_ReturnsChallengeForChallengeAchievements" classname="EventPlannerSim.Tests.EditMode.AchievementSystemTests" runstate="Runnable" seed="592831395" result="Passed" start-time="2026-01-09 06:12:07Z" end-time="2026-01-09 06:12:07Z" duration="0.000166" asserts="0">
                <properties>
                  <property name="retryIteration" value="0" />
                  <property name="repeatIteration" value="0" />
                </properties>
              </test-case>
              <test-case id="1017" name="GetCategory_ReturnsMasteryForMasteryAchievements" fullname="EventPlannerSim.Tests.EditMode.AchievementSystemTests.GetCategory_ReturnsMasteryForMasteryAchievements" methodname="GetCategory_ReturnsMasteryForMasteryAchievements" classname="EventPlannerSim.Tests.EditMode.AchievementSystemTests" runstate="Runnable" seed="1053099672" result="Passed" start-time="2026-01-09 06:12:07Z" end-time="2026-01-09 06:12:07Z" duration="0.000104" asserts="0">
                <properties>
                  <property name="retryIteration" value="0" />
                  <property name="repeatIteration" value="0" />
                </properties>
              </test-case>
              <test-case id="1016" name="GetCategory_ReturnsProgressionForProgressionAchievements" fullname="EventPlannerSim.Tests.EditMode.AchievementSystemTests.GetCategory_ReturnsProgressionForProgressionAchievements" methodname="GetCategory_ReturnsProgressionForProgressionAchievements" classname="EventPlannerSim.Tests.EditMode.AchievementSystemTests" runstate="Runnable" seed="743830663" result="Passed" start-time="2026-01-09 06:12:07Z" end-time="2026-01-09 06:12:07Z" duration="0.000092" asserts="0">
                <properties>
                  <property name="retryIteration" value="0" />
                  <property name="repeatIteration" value="0" />
                </properties>
              </test-case>
              <test-case id="1019" name="GetCategory_ReturnsSecretForSecretAchievements" fullname="EventPlannerSim.Tests.EditMode.AchievementSystemTests.GetCategory_ReturnsSecretForSecretAchievements" methodname="GetCategory_ReturnsSecretForSecretAchievements" classname="EventPlannerSim.Tests.EditMode.AchievementSystemTests" runstate="Runnable" seed="475429674" result="Passed" start-time="2026-01-09 06:12:07Z" end-time="2026-01-09 06:12:07Z" duration="0.000075" asserts="0">
                <properties>
                  <property name="retryIteration" value="0" />
                  <property name="repeatIteration" value="0" />
                </properties>
              </test-case>
              <test-case id="1027" name="GetDefinition_ReturnsCorrectDefinition" fullname="EventPlannerSim.Tests.EditMode.AchievementSystemTests.GetDefinition_ReturnsCorrectDefinition" methodname="GetDefinition_ReturnsCorrectDefinition" classname="EventPlannerSim.Tests.EditMode.AchievementSystemTests" runstate="Runnable" seed="1377913781" result="Passed" start-time="2026-01-09 06:12:07Z" end-time="2026-01-09 06:12:07Z" duration="0.000129" asserts="0">
                <properties>
                  <property name="retryIteration" value="0" />
                  <property name="repeatIteration" value="0" />
                </properties>
              </test-case>
              <test-case id="1028" name="GetDefinition_TrackableAchievementsHaveCorrectTarget" fullname="EventPlannerSim.Tests.EditMode.AchievementSystemTests.GetDefinition_TrackableAchievementsHaveCorrectTarget" methodname="GetDefinition_TrackableAchievementsHaveCorrectTarget" classname="EventPlannerSim.Tests.EditMode.AchievementSystemTests" runstate="Runnable" seed="607902487" result="Passed" start-time="2026-01-09 06:12:07Z" end-time="2026-01-09 06:12:07Z" duration="0.000131" asserts="0">
                <properties>
                  <property name="retryIteration" value="0" />
                  <property name="repeatIteration" value="0" />
                </properties>
              </test-case>
              <test-case id="1025" name="GetEarnedAchievements_ReturnsOnlyEarned" fullname="EventPlannerSim.Tests.EditMode.AchievementSystemTests.GetEarnedAchievements_ReturnsOnlyEarned" methodname="GetEarnedAchievements_ReturnsOnlyEarned" classname="EventPlannerSim.Tests.EditMode.AchievementSystemTests" runstate="Runnable" seed="1021230049" result="Passed" start-time="2026-01-09 06:12:07Z" end-time="2026-01-09 06:12:07Z" duration="0.000175" asserts="0">
                <properties>
                  <property name="retryIteration" value="0" />
                  <property name="repeatIteration" value="0" />
                </properties>
              </test-case>
              <test-case id="1015" name="GetProgress_Returns100PercentForCompleted" fullname="EventPlannerSim.Tests.EditMode.AchievementSystemTests.GetProgress_Returns100PercentForCompleted" methodname="GetProgress_Returns100PercentForCompleted" classname="EventPlannerSim.Tests.EditMode.AchievementSystemTests" runstate="Runnable" seed="211733578" result="Passed" start-time="2026-01-09 06:12:07Z" end-time="2026-01-09 06:12:07Z" duration="0.000489" asserts="0">
                <properties>
                  <property name="retryIteration" value="0" />
                  <property name="repeatIteration" value="0" />
                </properties>
              </test-case>
              <test-case id="1013" name="GetProgress_ReturnsCorrectDisplayString" fullname="EventPlannerSim.Tests.EditMode.AchievementSystemTests.GetProgress_ReturnsCorrectDisplayString" methodname="GetProgress_ReturnsCorrectDisplayString" classname="EventPlannerSim.Tests.EditMode.AchievementSystemTests" runstate="Runnable" seed="1550843592" result="Passed" start-time="2026-01-09 06:12:07Z" end-time="2026-01-09 06:12:07Z" duration="0.000084" asserts="0">
                <properties>
                  <property name="retryIteration" value="0" />
                  <property name="repeatIteration" value="0" />
                </properties>
              </test-case>
              <test-case id="1014" name="GetProgress_ReturnsCorrectPercentage" fullname="EventPlannerSim.Tests.EditMode.AchievementSystemTests.GetProgress_ReturnsCorrectPercentage" methodname="GetProgress_ReturnsCorrectPercentage" classname="EventPlannerSim.Tests.EditMode.AchievementSystemTests" runstate="Runnable" seed="1670178594" result="Passed" start-time="2026-01-09 06:12:07Z" end-time="2026-01-09 06:12:07Z" duration="0.000063" asserts="0">
                <properties>
                  <property name="retryIteration" value="0" />
                  <property name="repeatIteration" value="0" />
                </properties>
              </test-case>
              <test-case id="1022" name="GetSaveData_ReturnsCorrectData" fullname="EventPlannerSim.Tests.EditMode.AchievementSystemTests.GetSaveData_ReturnsCorrectData" methodname="GetSaveData_ReturnsCorrectData" classname="EventPlannerSim.Tests.EditMode.AchievementSystemTests" runstate="Runnable" seed="1976453025" result="Passed" start-time="2026-01-09 06:12:07Z" end-time="2026-01-09 06:12:07Z" duration="0.001128" asserts="0">
                <properties>
                  <property name="retryIteration" value="0" />
                  <property name="repeatIteration" value="0" />
                </properties>
              </test-case>
              <test-case id="1010" name="IncrementProgress_AwardsWhenTargetReached" fullname="EventPlannerSim.Tests.EditMode.AchievementSystemTests.IncrementProgress_AwardsWhenTargetReached" methodname="IncrementProgress_AwardsWhenTargetReached" classname="EventPlannerSim.Tests.EditMode.AchievementSystemTests" runstate="Runnable" seed="474151733" result="Passed" start-time="2026-01-09 06:12:07Z" end-time="2026-01-09 06:12:07Z" duration="0.000107" asserts="0">
                <properties>
                  <property name="retryIteration" value="0" />
                  <property name="repeatIteration" value="0" />
                </properties>
              </test-case>
              <test-case id="1011" name="IncrementProgress_CapsAtTarget" fullname="EventPlannerSim.Tests.EditMode.AchievementSystemTests.IncrementProgress_CapsAtTarget" methodname="IncrementProgress_CapsAtTarget" classname="EventPlannerSim.Tests.EditMode.AchievementSystemTests" runstate="Runnable" seed="281414737" result="Passed" start-time="2026-01-09 06:12:07Z" end-time="2026-01-09 06:12:07Z" duration="0.000070" asserts="0">
                <properties>
                  <property name="retryIteration" value="0" />
                  <property name="repeatIteration" value="0" />
                </properties>
              </test-case>
              <test-case id="1012" name="IncrementProgress_DoesNothingForEarnedAchievement" fullname="EventPlannerSim.Tests.EditMode.AchievementSystemTests.IncrementProgress_DoesNothingForEarnedAchievement" methodname="IncrementProgress_DoesNothingForEarnedAchievement" classname="EventPlannerSim.Tests.EditMode.AchievementSystemTests" runstate="Runnable" seed="25838523" result="Passed" start-time="2026-01-09 06:12:07Z" end-time="2026-01-09 06:12:07Z" duration="0.000124" asserts="0">
                <properties>
                  <property name="retryIteration" value="0" />
                  <property name="repeatIteration" value="0" />
                </properties>
              </test-case>
              <test-case id="1009" name="IncrementProgress_FiresOnProgressUpdatedEvent" fullname="EventPlannerSim.Tests.EditMode.AchievementSystemTests.IncrementProgress_FiresOnProgressUpdatedEvent" methodname="IncrementProgress_FiresOnProgressUpdatedEvent" classname="EventPlannerSim.Tests.EditMode.AchievementSystemTests" runstate="Runnable" seed="1686286090" result="Passed" start-time="2026-01-09 06:12:07Z" end-time="2026-01-09 06:12:07Z" duration="0.000171" asserts="0">
                <properties>
                  <property name="retryIteration" value="0" />
                  <property name="repeatIteration" value="0" />
                </properties>
              </test-case>
              <test-case id="1008" name="IncrementProgress_IncreasesProgressCorrectly" fullname="EventPlannerSim.Tests.EditMode.AchievementSystemTests.IncrementProgress_IncreasesProgressCorrectly" methodname="IncrementProgress_IncreasesProgressCorrectly" classname="EventPlannerSim.Tests.EditMode.AchievementSystemTests" runstate="Runnable" seed="486313235" result="Passed" start-time="2026-01-09 06:12:07Z" end-time="2026-01-09 06:12:07Z" duration="0.000073" asserts="0">
                <properties>
                  <property name="retryIteration" value="0" />
                  <property name="repeatIteration" value="0" />
                </properties>
              </test-case>
              <test-case id="1023" name="Initialize_RestoresStateFromSaveData" fullname="EventPlannerSim.Tests.EditMode.AchievementSystemTests.Initialize_RestoresStateFromSaveData" methodname="Initialize_RestoresStateFromSaveData" classname="EventPlannerSim.Tests.EditMode.AchievementSystemTests" runstate="Runnable" seed="836940804" result="Passed" start-time="2026-01-09 06:12:07Z" end-time="2026-01-09 06:12:07Z" duration="0.000628" asserts="0">
                <properties>
                  <property name="retryIteration" value="0" />
                  <property name="repeatIteration" value="0" />
                </properties>
              </test-case>
              <test-case id="1024" name="ResetAll_ClearsAllProgress" fullname="EventPlannerSim.Tests.EditMode.AchievementSystemTests.ResetAll_ClearsAllProgress" methodname="ResetAll_ClearsAllProgress" classname="EventPlannerSim.Tests.EditMode.AchievementSystemTests" runstate="Runnable" seed="637365957" result="Passed" start-time="2026-01-09 06:12:07Z" end-time="2026-01-09 06:12:07Z" duration="0.000095" asserts="0">
                <properties>
                  <property name="retryIteration" value="0" />
                  <property name="repeatIteration" value="0" />
                </properties>
              </test-case>
              <test-case id="1026" name="SyncWithPlatform_CanBeCalledWithoutError" fullname="EventPlannerSim.Tests.EditMode.AchievementSystemTests.SyncWithPlatform_CanBeCalledWithoutError" methodname="SyncWithPlatform_CanBeCalledWithoutError" classname="EventPlannerSim.Tests.EditMode.AchievementSystemTests" runstate="Runnable" seed="1933851340" result="Passed" start-time="2026-01-09 06:12:07Z" end-time="2026-01-09 06:12:07Z" duration="0.000384" asserts="0">
                <properties>
                  <property name="retryIteration" value="0" />
                  <property name="repeatIteration" value="0" />
                </properties>
              </test-case>
            </test-suite>
            <test-suite type="TestFixture" id="1029" name="AudioManagerTests" fullname="EventPlannerSim.Tests.EditMode.AudioManagerTests" classname="EventPlannerSim.Tests.EditMode.AudioManagerTests" runstate="Runnable" testcasecount="35" result="Passed" start-time="2026-01-09 06:12:07Z" end-time="2026-01-09 06:12:07Z" duration="0.008845" total="35" passed="35" failed="0" inconclusive="0" skipped="0" asserts="0">
              <properties />
              <test-case id="1030" name="Constructor_InitializesWithDefaultValues" fullname="EventPlannerSim.Tests.EditMode.AudioManagerTests.Constructor_InitializesWithDefaultValues" methodname="Constructor_InitializesWithDefaultValues" classname="EventPlannerSim.Tests.EditMode.AudioManagerTests" runstate="Runnable" seed="1750378475" result="Passed" start-time="2026-01-09 06:12:07Z" end-time="2026-01-09 06:12:07Z" duration="0.000648" asserts="0">
                <properties>
                  <property name="retryIteration" value="0" />
                  <property name="repeatIteration" value="0" />
                </properties>
              </test-case>
              <test-case id="1031" name="Constructor_WithCustomValues_SetsCorrectly" fullname="EventPlannerSim.Tests.EditMode.AudioManagerTests.Constructor_WithCustomValues_SetsCorrectly" methodname="Constructor_WithCustomValues_SetsCorrectly" classname="EventPlannerSim.Tests.EditMode.AudioManagerTests" runstate="Runnable" seed="1830438406" result="Passed" start-time="2026-01-09 06:12:07Z" end-time="2026-01-09 06:12:07Z" duration="0.000173" asserts="0">
                <properties>
                  <property name="retryIteration" value="0" />
                  <property name="repeatIteration" value="0" />
                </properties>
              </test-case>
              <test-case id="1063" name="GetEffectiveMusicVolume_WhenMuted_ReturnsZero" fullname="EventPlannerSim.Tests.EditMode.AudioManagerTests.GetEffectiveMusicVolume_WhenMuted_ReturnsZero" methodname="GetEffectiveMusicVolume_WhenMuted_ReturnsZero" classname="EventPlannerSim.Tests.EditMode.AudioManagerTests" runstate="Runnable" seed="151263906" result="Passed" start-time="2026-01-09 06:12:07Z" end-time="2026-01-09 06:12:07Z" duration="0.000172" asserts="0">
                <properties>
                  <property name="retryIteration" value="0" />
                  <property name="repeatIteration" value="0" />
                </properties>
              </test-case>
              <test-case id="1064" name="GetEffectiveSFXVolume_WhenMuted_ReturnsZero" fullname="EventPlannerSim.Tests.EditMode.AudioManagerTests.GetEffectiveSFXVolume_WhenMuted_ReturnsZero" methodname="GetEffectiveSFXVolume_WhenMuted_ReturnsZero" classname="EventPlannerSim.Tests.EditMode.AudioManagerTests" runstate="Runnable" seed="302128193" result="Passed" start-time="2026-01-09 06:12:07Z" end-time="2026-01-09 06:12:07Z" duration="0.000121" asserts="0">
                <properties>
                  <property name="retryIteration" value="0" />
                  <property name="repeatIteration" value="0" />
                </properties>
              </test-case>
              <test-case id="1057" name="PauseAudio_AlreadyPaused_DoesNotFireEvent" fullname="EventPlannerSim.Tests.EditMode.AudioManagerTests.PauseAudio_AlreadyPaused_DoesNotFireEvent" methodname="PauseAudio_AlreadyPaused_DoesNotFireEvent" classname="EventPlannerSim.Tests.EditMode.AudioManagerTests" runstate="Runnable" seed="1359414873" result="Passed" start-time="2026-01-09 06:12:07Z" end-time="2026-01-09 06:12:07Z" duration="0.000145" asserts="0">
                <properties>
                  <property name="retryIteration" value="0" />
                  <property name="repeatIteration" value="0" />
                </properties>
              </test-case>
              <test-case id="1055" name="PauseAudio_FiresOnPauseChangedEvent" fullname="EventPlannerSim.Tests.EditMode.AudioManagerTests.PauseAudio_FiresOnPauseChangedEvent" methodname="PauseAudio_FiresOnPauseChangedEvent" classname="EventPlannerSim.Tests.EditMode.AudioManagerTests" runstate="Runnable" seed="1188624582" result="Passed" start-time="2026-01-09 06:12:07Z" end-time="2026-01-09 06:12:07Z" duration="0.000290" asserts="0">
                <properties>
                  <property name="retryIteration" value="0" />
                  <property name="repeatIteration" value="0" />
                </properties>
              </test-case>
              <test-case id="1053" name="PauseAudio_PausesPlayback" fullname="EventPlannerSim.Tests.EditMode.AudioManagerTests.PauseAudio_PausesPlayback" methodname="PauseAudio_PausesPlayback" classname="EventPlannerSim.Tests.EditMode.AudioManagerTests" runstate="Runnable" seed="1503899571" result="Passed" start-time="2026-01-09 06:12:07Z" end-time="2026-01-09 06:12:07Z" duration="0.000167" asserts="0">
                <properties>
                  <property name="retryIteration" value="0" />
                  <property name="repeatIteration" value="0" />
                </properties>
              </test-case>
              <test-case id="1059" name="PauseResume_PreservesCurrentTrack" fullname="EventPlannerSim.Tests.EditMode.AudioManagerTests.PauseResume_PreservesCurrentTrack" methodname="PauseResume_PreservesCurrentTrack" classname="EventPlannerSim.Tests.EditMode.AudioManagerTests" runstate="Runnable" seed="800592963" result="Passed" start-time="2026-01-09 06:12:07Z" end-time="2026-01-09 06:12:07Z" duration="0.000118" asserts="0">
                <properties>
                  <property name="retryIteration" value="0" />
                  <property name="repeatIteration" value="0" />
                </properties>
              </test-case>
              <test-case id="1061" name="PlayEventFailure_PlaysFailureAudio" fullname="EventPlannerSim.Tests.EditMode.AudioManagerTests.PlayEventFailure_PlaysFailureAudio" methodname="PlayEventFailure_PlaysFailureAudio" classname="EventPlannerSim.Tests.EditMode.AudioManagerTests" runstate="Runnable" seed="1203947605" result="Passed" start-time="2026-01-09 06:12:07Z" end-time="2026-01-09 06:12:07Z" duration="0.000204" asserts="0">
                <properties>
                  <property name="retryIteration" value="0" />
                  <property name="repeatIteration" value="0" />
                </properties>
              </test-case>
              <test-case id="1060" name="PlayEventSuccess_PlaysSuccessAudio" fullname="EventPlannerSim.Tests.EditMode.AudioManagerTests.PlayEventSuccess_PlaysSuccessAudio" methodname="PlayEventSuccess_PlaysSuccessAudio" classname="EventPlannerSim.Tests.EditMode.AudioManagerTests" runstate="Runnable" seed="1885621405" result="Passed" start-time="2026-01-09 06:12:07Z" end-time="2026-01-09 06:12:07Z" duration="0.000251" asserts="0">
                <properties>
                  <property name="retryIteration" value="0" />
                  <property name="repeatIteration" value="0" />
                </properties>
              </test-case>
              <test-case id="1035" name="PlayMusic_DifferentTrack_ChangesTrack" fullname="EventPlannerSim.Tests.EditMode.AudioManagerTests.PlayMusic_DifferentTrack_ChangesTrack" methodname="PlayMusic_DifferentTrack_ChangesTrack" classname="EventPlannerSim.Tests.EditMode.AudioManagerTests" runstate="Runnable" seed="674123817" result="Passed" start-time="2026-01-09 06:12:07Z" end-time="2026-01-09 06:12:07Z" duration="0.000074" asserts="0">
                <properties>
                  <property name="retryIteration" value="0" />
                  <property name="repeatIteration" value="0" />
                </properties>
              </test-case>
              <test-case id="1033" name="PlayMusic_FiresOnMusicChangedEvent" fullname="EventPlannerSim.Tests.EditMode.AudioManagerTests.PlayMusic_FiresOnMusicChangedEvent" methodname="PlayMusic_FiresOnMusicChangedEvent" classname="EventPlannerSim.Tests.EditMode.AudioManagerTests" runstate="Runnable" seed="1992239170" result="Passed" start-time="2026-01-09 06:12:07Z" end-time="2026-01-09 06:12:07Z" duration="0.000094" asserts="0">
                <properties>
                  <property name="retryIteration" value="0" />
                  <property name="repeatIteration" value="0" />
                </properties>
              </test-case>
              <test-case id="1034" name="PlayMusic_SameTrack_DoesNotFireEvent" fullname="EventPlannerSim.Tests.EditMode.AudioManagerTests.PlayMusic_SameTrack_DoesNotFireEvent" methodname="PlayMusic_SameTrack_DoesNotFireEvent" classname="EventPlannerSim.Tests.EditMode.AudioManagerTests" runstate="Runnable" seed="1136406226" result="Passed" start-time="2026-01-09 06:12:07Z" end-time="2026-01-09 06:12:07Z" duration="0.000088" asserts="0">
                <properties>
                  <property name="retryIteration" value="0" />
                  <property name="repeatIteration" value="0" />
                </properties>
              </test-case>
              <test-case id="1032" name="PlayMusic_SetsCurrentTrack" fullname="EventPlannerSim.Tests.EditMode.AudioManagerTests.PlayMusic_SetsCurrentTrack" methodname="PlayMusic_SetsCurrentTrack" classname="EventPlannerSim.Tests.EditMode.AudioManagerTests" runstate="Runnable" seed="2002840868" result="Passed" start-time="2026-01-09 06:12:07Z" end-time="2026-01-09 06:12:07Z" duration="0.000073" asserts="0">
                <properties>
                  <property name="retryIteration" value="0" />
                  <property name="repeatIteration" value="0" />
                </properties>
              </test-case>
              <test-case id="1062" name="PlayMusicForContext_MapsContextsCorrectly" fullname="EventPlannerSim.Tests.EditMode.AudioManagerTests.PlayMusicForContext_MapsContextsCorrectly" methodname="PlayMusicForContext_MapsContextsCorrectly" classname="EventPlannerSim.Tests.EditMode.AudioManagerTests" runstate="Runnable" seed="2135251321" result="Passed" start-time="2026-01-09 06:12:07Z" end-time="2026-01-09 06:12:07Z" duration="0.000323" asserts="0">
                <properties>
                  <property name="retryIteration" value="0" />
                  <property name="repeatIteration" value="0" />
                </properties>
              </test-case>
              <test-case id="1043" name="PlaySFX_Failure_ForEventFailure" fullname="EventPlannerSim.Tests.EditMode.AudioManagerTests.PlaySFX_Failure_ForEventFailure" methodname="PlaySFX_Failure_ForEventFailure" classname="EventPlannerSim.Tests.EditMode.AudioManagerTests" runstate="Runnable" seed="777128822" result="Passed" start-time="2026-01-09 06:12:07Z" end-time="2026-01-09 06:12:07Z" duration="0.000103" asserts="0">
                <properties>
                  <property name="retryIteration" value="0" />
                  <property name="repeatIteration" value="0" />
                </properties>
              </test-case>
              <test-case id="1039" name="PlaySFX_FiresOnSFXPlayedEvent" fullname="EventPlannerSim.Tests.EditMode.AudioManagerTests.PlaySFX_FiresOnSFXPlayedEvent" methodname="PlaySFX_FiresOnSFXPlayedEvent" classname="EventPlannerSim.Tests.EditMode.AudioManagerTests" runstate="Runnable" seed="2115073376" result="Passed" start-time="2026-01-09 06:12:07Z" end-time="2026-01-09 06:12:07Z" duration="0.000087" asserts="0">
                <properties>
                  <property name="retryIteration" value="0" />
                  <property name="repeatIteration" value="0" />
                </properties>
              </test-case>
              <test-case id="1042" name="PlaySFX_Success_ForEventSuccess" fullname="EventPlannerSim.Tests.EditMode.AudioManagerTests.PlaySFX_Success_ForEventSuccess" methodname="PlaySFX_Success_ForEventSuccess" classname="EventPlannerSim.Tests.EditMode.AudioManagerTests" runstate="Runnable" seed="710604647" result="Passed" start-time="2026-01-09 06:12:07Z" end-time="2026-01-09 06:12:07Z" duration="0.000088" asserts="0">
                <properties>
                  <property name="retryIteration" value="0" />
                  <property name="repeatIteration" value="0" />
                </properties>
              </test-case>
              <test-case id="1040" name="PlaySFX_WhenMuted_DoesNotFireEvent" fullname="EventPlannerSim.Tests.EditMode.AudioManagerTests.PlaySFX_WhenMuted_DoesNotFireEvent" methodname="PlaySFX_WhenMuted_DoesNotFireEvent" classname="EventPlannerSim.Tests.EditMode.AudioManagerTests" runstate="Runnable" seed="2057022638" result="Passed" start-time="2026-01-09 06:12:07Z" end-time="2026-01-09 06:12:07Z" duration="0.000070" asserts="0">
                <properties>
                  <property name="retryIteration" value="0" />
                  <property name="repeatIteration" value="0" />
                </properties>
              </test-case>
              <test-case id="1041" name="PlaySFX_WhenPaused_DoesNotFireEvent" fullname="EventPlannerSim.Tests.EditMode.AudioManagerTests.PlaySFX_WhenPaused_DoesNotFireEvent" methodname="PlaySFX_WhenPaused_DoesNotFireEvent" classname="EventPlannerSim.Tests.EditMode.AudioManagerTests" runstate="Runnable" seed="766833370" result="Passed" start-time="2026-01-09 06:12:07Z" end-time="2026-01-09 06:12:07Z" duration="0.000071" asserts="0">
                <properties>
                  <property name="retryIteration" value="0" />
                  <property name="repeatIteration" value="0" />
                </properties>
              </test-case>
              <test-case id="1056" name="ResumeAudio_FiresOnPauseChangedEvent" fullname="EventPlannerSim.Tests.EditMode.AudioManagerTests.ResumeAudio_FiresOnPauseChangedEvent" methodname="ResumeAudio_FiresOnPauseChangedEvent" classname="EventPlannerSim.Tests.EditMode.AudioManagerTests" runstate="Runnable" seed="1302513713" result="Passed" start-time="2026-01-09 06:12:07Z" end-time="2026-01-09 06:12:07Z" duration="0.000108" asserts="0">
                <properties>
                  <property name="retryIteration" value="0" />
                  <property name="repeatIteration" value="0" />
                </properties>
              </test-case>
              <test-case id="1058" name="ResumeAudio_NotPaused_DoesNotFireEvent" fullname="EventPlannerSim.Tests.EditMode.AudioManagerTests.ResumeAudio_NotPaused_DoesNotFireEvent" methodname="ResumeAudio_NotPaused_DoesNotFireEvent" classname="EventPlannerSim.Tests.EditMode.AudioManagerTests" runstate="Runnable" seed="661479508" result="Passed" start-time="2026-01-09 06:12:07Z" end-time="2026-01-09 06:12:07Z" duration="0.000070" asserts="0">
                <properties>
                  <property name="retryIteration" value="0" />
                  <property name="repeatIteration" value="0" />
                </properties>
              </test-case>
              <test-case id="1054" name="ResumeAudio_ResumesPlayback" fullname="EventPlannerSim.Tests.EditMode.AudioManagerTests.ResumeAudio_ResumesPlayback" methodname="ResumeAudio_ResumesPlayback" classname="EventPlannerSim.Tests.EditMode.AudioManagerTests" runstate="Runnable" seed="473978636" result="Passed" start-time="2026-01-09 06:12:07Z" end-time="2026-01-09 06:12:07Z" duration="0.000065" asserts="0">
                <properties>
                  <property name="retryIteration" value="0" />
                  <property name="repeatIteration" value="0" />
                </properties>
              </test-case>
              <test-case id="1045" name="SetMusicVolume_ClampsToValidRange" fullname="EventPlannerSim.Tests.EditMode.AudioManagerTests.SetMusicVolume_ClampsToValidRange" methodname="SetMusicVolume_ClampsToValidRange" classname="EventPlannerSim.Tests.EditMode.AudioManagerTests" runstate="Runnable" seed="1428039966" result="Passed" start-time="2026-01-09 06:12:07Z" end-time="2026-01-09 06:12:07Z" duration="0.000068" asserts="0">
                <properties>
                  <property name="retryIteration" value="0" />
                  <property name="repeatIteration" value="0" />
                </properties>
              </test-case>
              <test-case id="1044" name="SetMusicVolume_SetsVolumeCorrectly" fullname="EventPlannerSim.Tests.EditMode.AudioManagerTests.SetMusicVolume_SetsVolumeCorrectly" methodname="SetMusicVolume_SetsVolumeCorrectly" classname="EventPlannerSim.Tests.EditMode.AudioManagerTests" runstate="Runnable" seed="1269571876" result="Passed" start-time="2026-01-09 06:12:07Z" end-time="2026-01-09 06:12:07Z" duration="0.000054" asserts="0">
                <properties>
                  <property name="retryIteration" value="0" />
                  <property name="repeatIteration" value="0" />
                </properties>
              </test-case>
              <test-case id="1050" name="SetMuteAll_False_RestoresPreviousVolumes" fullname="EventPlannerSim.Tests.EditMode.AudioManagerTests.SetMuteAll_False_RestoresPreviousVolumes" methodname="SetMuteAll_False_RestoresPreviousVolumes" classname="EventPlannerSim.Tests.EditMode.AudioManagerTests" runstate="Runnable" seed="1812418660" result="Passed" start-time="2026-01-09 06:12:07Z" end-time="2026-01-09 06:12:07Z" duration="0.000083" asserts="0">
                <properties>
                  <property name="retryIteration" value="0" />
                  <property name="repeatIteration" value="0" />
                </properties>
              </test-case>
              <test-case id="1051" name="SetMuteAll_FiresOnMuteChangedEvent" fullname="EventPlannerSim.Tests.EditMode.AudioManagerTests.SetMuteAll_FiresOnMuteChangedEvent" methodname="SetMuteAll_FiresOnMuteChangedEvent" classname="EventPlannerSim.Tests.EditMode.AudioManagerTests" runstate="Runnable" seed="1434573556" result="Passed" start-time="2026-01-09 06:12:07Z" end-time="2026-01-09 06:12:07Z" duration="0.000121" asserts="0">
                <properties>
                  <property name="retryIteration" value="0" />
                  <property name="repeatIteration" value="0" />
                </properties>
              </test-case>
              <test-case id="1052" name="SetMuteAll_SameState_DoesNotFireEvent" fullname="EventPlannerSim.Tests.EditMode.AudioManagerTests.SetMuteAll_SameState_DoesNotFireEvent" methodname="SetMuteAll_SameState_DoesNotFireEvent" classname="EventPlannerSim.Tests.EditMode.AudioManagerTests" runstate="Runnable" seed="246136254" result="Passed" start-time="2026-01-09 06:12:07Z" end-time="2026-01-09 06:12:07Z" duration="0.000069" asserts="0">
                <properties>
                  <property name="retryIteration" value="0" />
                  <property name="repeatIteration" value="0" />
                </properties>
              </test-case>
              <test-case id="1049" name="SetMuteAll_True_MutesAudio" fullname="EventPlannerSim.Tests.EditMode.AudioManagerTests.SetMuteAll_True_MutesAudio" methodname="SetMuteAll_True_MutesAudio" classname="EventPlannerSim.Tests.EditMode.AudioManagerTests" runstate="Runnable" seed="1767123648" result="Passed" start-time="2026-01-09 06:12:07Z" end-time="2026-01-09 06:12:07Z" duration="0.000068" asserts="0">
                <properties>
                  <property name="retryIteration" value="0" />
                  <property name="repeatIteration" value="0" />
                </properties>
              </test-case>
              <test-case id="1047" name="SetSFXVolume_ClampsToValidRange" fullname="EventPlannerSim.Tests.EditMode.AudioManagerTests.SetSFXVolume_ClampsToValidRange" methodname="SetSFXVolume_ClampsToValidRange" classname="EventPlannerSim.Tests.EditMode.AudioManagerTests" runstate="Runnable" seed="1503062635" result="Passed" start-time="2026-01-09 06:12:07Z" end-time="2026-01-09 06:12:07Z" duration="0.000059" asserts="0">
                <properties>
                  <property name="retryIteration" value="0" />
                  <property name="repeatIteration" value="0" />
                </properties>
              </test-case>
              <test-case id="1046" name="SetSFXVolume_SetsVolumeCorrectly" fullname="EventPlannerSim.Tests.EditMode.AudioManagerTests.SetSFXVolume_SetsVolumeCorrectly" methodname="SetSFXVolume_SetsVolumeCorrectly" classname="EventPlannerSim.Tests.EditMode.AudioManagerTests" runstate="Runnable" seed="1305725091" result="Passed" start-time="2026-01-09 06:12:07Z" end-time="2026-01-09 06:12:07Z" duration="0.000051" asserts="0">
                <properties>
                  <property name="retryIteration" value="0" />
                  <property name="repeatIteration" value="0" />
                </properties>
              </test-case>
              <test-case id="1048" name="SetVolume_FiresOnVolumeChangedEvent" fullname="EventPlannerSim.Tests.EditMode.AudioManagerTests.SetVolume_FiresOnVolumeChangedEvent" methodname="SetVolume_FiresOnVolumeChangedEvent" classname="EventPlannerSim.Tests.EditMode.AudioManagerTests" runstate="Runnable" seed="1199823172" result="Passed" start-time="2026-01-09 06:12:07Z" end-time="2026-01-09 06:12:07Z" duration="0.000247" asserts="0">
                <properties>
                  <property name="retryIteration" value="0" />
                  <property name="repeatIteration" value="0" />
                </properties>
              </test-case>
              <test-case id="1037" name="StopMusic_FiresOnMusicChangedWithNull" fullname="EventPlannerSim.Tests.EditMode.AudioManagerTests.StopMusic_FiresOnMusicChangedWithNull" methodname="StopMusic_FiresOnMusicChangedWithNull" classname="EventPlannerSim.Tests.EditMode.AudioManagerTests" runstate="Runnable" seed="837456376" result="Passed" start-time="2026-01-09 06:12:07Z" end-time="2026-01-09 06:12:07Z" duration="0.000157" asserts="0">
                <properties>
                  <property name="retryIteration" value="0" />
                  <property name="repeatIteration" value="0" />
                </properties>
              </test-case>
              <test-case id="1038" name="StopMusic_NoMusicPlaying_DoesNothing" fullname="EventPlannerSim.Tests.EditMode.AudioManagerTests.StopMusic_NoMusicPlaying_DoesNothing" methodname="StopMusic_NoMusicPlaying_DoesNothing" classname="EventPlannerSim.Tests.EditMode.AudioManagerTests" runstate="Runnable" seed="1550917015" result="Passed" start-time="2026-01-09 06:12:07Z" end-time="2026-01-09 06:12:07Z" duration="0.000067" asserts="0">
                <properties>
                  <property name="retryIteration" value="0" />
                  <property name="repeatIteration" value="0" />
                </properties>
              </test-case>
              <test-case id="1036" name="StopMusic_StopsCurrentTrack" fullname="EventPlannerSim.Tests.EditMode.AudioManagerTests.StopMusic_StopsCurrentTrack" methodname="StopMusic_StopsCurrentTrack" classname="EventPlannerSim.Tests.EditMode.AudioManagerTests" runstate="Runnable" seed="518484573" result="Passed" start-time="2026-01-09 06:12:07Z" end-time="2026-01-09 06:12:07Z" duration="0.000066" asserts="0">
                <properties>
                  <property name="retryIteration" value="0" />
                  <property name="repeatIteration" value="0" />
                </properties>
              </test-case>
            </test-suite>
            <test-suite type="TestFixture" id="1065" name="EventBudgetPropertyTests" fullname="EventPlannerSim.Tests.EditMode.EventBudgetPropertyTests" classname="EventPlannerSim.Tests.EditMode.EventBudgetPropertyTests" runstate="Runnable" testcasecount="6" result="Passed" start-time="2026-01-09 06:12:07Z" end-time="2026-01-09 06:12:07Z" duration="0.005419" total="6" passed="6" failed="0" inconclusive="0" skipped="0" asserts="0">
              <properties />
              <test-case id="1067" name="EventBudget_OverageAmount_EqualsMax_ZeroOrOverspend" fullname="EventPlannerSim.Tests.EditMode.EventBudgetPropertyTests.EventBudget_OverageAmount_EqualsMax_ZeroOrOverspend" methodname="EventBudget_OverageAmount_EqualsMax_ZeroOrOverspend" classname="EventPlannerSim.Tests.EditMode.EventBudgetPropertyTests" runstate="Runnable" seed="1378862087" result="Passed" start-time="2026-01-09 06:12:07Z" end-time="2026-01-09 06:12:07Z" duration="0.000715" asserts="0">
                <properties>
                  <property name="retryIteration" value="0" />
                  <property name="repeatIteration" value="0" />
                </properties>
              </test-case>
              <test-case id="1070" name="EventBudget_OverageAmount_IsNeverNegative" fullname="EventPlannerSim.Tests.EditMode.EventBudgetPropertyTests.EventBudget_OverageAmount_IsNeverNegative" methodname="EventBudget_OverageAmount_IsNeverNegative" classname="EventPlannerSim.Tests.EditMode.EventBudgetPropertyTests" runstate="Runnable" seed="1436516945" result="Passed" start-time="2026-01-09 06:12:07Z" end-time="2026-01-09 06:12:07Z" duration="0.001826" asserts="0">
                <properties>
                  <property name="retryIteration" value="0" />
                  <property name="repeatIteration" value="0" />
                </properties>
              </test-case>
              <test-case id="1068" name="EventBudget_OveragePercent_CalculatesCorrectly" fullname="EventPlannerSim.Tests.EditMode.EventBudgetPropertyTests.EventBudget_OveragePercent_CalculatesCorrectly" methodname="EventBudget_OveragePercent_CalculatesCorrectly" classname="EventPlannerSim.Tests.EditMode.EventBudgetPropertyTests" runstate="Runnable" seed="149599269" result="Passed" start-time="2026-01-09 06:12:07Z" end-time="2026-01-09 06:12:07Z" duration="0.000524" asserts="0">
                <properties>
                  <property name="retryIteration" value="0" />
                  <property name="repeatIteration" value="0" />
                </properties>
              </test-case>
              <test-case id="1069" name="EventBudget_OveragePercent_ReturnsZero_WhenTotalIsZero" fullname="EventPlannerSim.Tests.EditMode.EventBudgetPropertyTests.EventBudget_OveragePercent_ReturnsZero_WhenTotalIsZero" methodname="EventBudget_OveragePercent_ReturnsZero_WhenTotalIsZero" classname="EventPlannerSim.Tests.EditMode.EventBudgetPropertyTests" runstate="Runnable" seed="247361624" result="Passed" start-time="2026-01-09 06:12:07Z" end-time="2026-01-09 06:12:07Z" duration="0.000318" asserts="0">
                <properties>
                  <property name="retryIteration" value="0" />
                  <property name="repeatIteration" value="0" />
                </properties>
              </test-case>
              <test-case id="1066" name="EventBudget_Remaining_EqualsTotal_MinusSpent" fullname="EventPlannerSim.Tests.EditMode.EventBudgetPropertyTests.EventBudget_Remaining_EqualsTotal_MinusSpent" methodname="EventBudget_Remaining_EqualsTotal_MinusSpent" classname="EventPlannerSim.Tests.EditMode.EventBudgetPropertyTests" runstate="Runnable" seed="550494432" result="Passed" start-time="2026-01-09 06:12:07Z" end-time="2026-01-09 06:12:07Z" duration="0.000331" asserts="0">
                <properties>
                  <property name="retryIteration" value="0" />
                  <property name="repeatIteration" value="0" />
                </properties>
              </test-case>
              <test-case id="1071" name="EventBudget_UnderBudget_HasZeroOverage" fullname="EventPlannerSim.Tests.EditMode.EventBudgetPropertyTests.EventBudget_UnderBudget_HasZeroOverage" methodname="EventBudget_UnderBudget_HasZeroOverage" classname="EventPlannerSim.Tests.EditMode.EventBudgetPropertyTests" runstate="Runnable" seed="1274544341" result="Passed" start-time="2026-01-09 06:12:07Z" end-time="2026-01-09 06:12:07Z" duration="0.000576" asserts="0">
                <properties>
                  <property name="retryIteration" value="0" />
                  <property name="repeatIteration" value="0" />
                </properties>
              </test-case>
            </test-suite>
            <test-suite type="TestFixture" id="1072" name="EventPlanningSystemPropertyTests" fullname="EventPlannerSim.Tests.EditMode.EventPlanningSystemPropertyTests" classname="EventPlannerSim.Tests.EditMode.EventPlanningSystemPropertyTests" runstate="Runnable" testcasecount="21" result="Passed" start-time="2026-01-09 06:12:07Z" end-time="2026-01-09 06:12:07Z" duration="0.031337" total="21" passed="21" failed="0" inconclusive="0" skipped="0" asserts="0">
              <properties />
              <test-case id="1076" name="AcceptInquiry_AllFieldsTransferCorrectly" fullname="EventPlannerSim.Tests.EditMode.EventPlanningSystemPropertyTests.AcceptInquiry_AllFieldsTransferCorrectly" methodname="AcceptInquiry_AllFieldsTransferCorrectly" classname="EventPlannerSim.Tests.EditMode.EventPlanningSystemPropertyTests" runstate="Runnable" seed="1530808987" result="Passed" start-time="2026-01-09 06:12:07Z" end-time="2026-01-09 06:12:07Z" duration="0.005795" asserts="0">
                <properties>
                  <property name="retryIteration" value="0" />
                  <property name="repeatIteration" value="0" />
                </properties>
              </test-case>
              <test-case id="1077" name="AcceptInquiry_ReferralInfoPreserved" fullname="EventPlannerSim.Tests.EditMode.EventPlanningSystemPropertyTests.AcceptInquiry_ReferralInfoPreserved" methodname="AcceptInquiry_ReferralInfoPreserved" classname="EventPlannerSim.Tests.EditMode.EventPlanningSystemPropertyTests" runstate="Runnable" seed="167484883" result="Passed" start-time="2026-01-09 06:12:07Z" end-time="2026-01-09 06:12:07Z" duration="0.000182" asserts="0">
                <properties>
                  <property name="retryIteration" value="0" />
                  <property name="repeatIteration" value="0" />
                </properties>
              </test-case>
              <test-case id="1087" name="BookVendor_DeductsBudgetCorrectly" fullname="EventPlannerSim.Tests.EditMode.EventPlanningSystemPropertyTests.BookVendor_DeductsBudgetCorrectly" methodname="BookVendor_DeductsBudgetCorrectly" classname="EventPlannerSim.Tests.EditMode.EventPlanningSystemPropertyTests" runstate="Runnable" seed="1874321935" result="Passed" start-time="2026-01-09 06:12:07Z" end-time="2026-01-09 06:12:07Z" duration="0.000661" asserts="0">
                <properties>
                  <property name="retryIteration" value="0" />
                  <property name="repeatIteration" value="0" />
                </properties>
              </test-case>
              <test-case id="1089" name="BookVendor_FailsWhenUnavailable" fullname="EventPlannerSim.Tests.EditMode.EventPlanningSystemPropertyTests.BookVendor_FailsWhenUnavailable" methodname="BookVendor_FailsWhenUnavailable" classname="EventPlannerSim.Tests.EditMode.EventPlanningSystemPropertyTests" runstate="Runnable" seed="1092291577" result="Passed" start-time="2026-01-09 06:12:07Z" end-time="2026-01-09 06:12:07Z" duration="0.000681" asserts="0">
                <properties>
                  <property name="retryIteration" value="0" />
                  <property name="repeatIteration" value="0" />
                </properties>
              </test-case>
              <test-case id="1088" name="BookVendor_WarnsOnOverspend" fullname="EventPlannerSim.Tests.EditMode.EventPlanningSystemPropertyTests.BookVendor_WarnsOnOverspend" methodname="BookVendor_WarnsOnOverspend" classname="EventPlannerSim.Tests.EditMode.EventPlanningSystemPropertyTests" runstate="Runnable" seed="1793401726" result="Passed" start-time="2026-01-09 06:12:07Z" end-time="2026-01-09 06:12:07Z" duration="0.000145" asserts="0">
                <properties>
                  <property name="retryIteration" value="0" />
                  <property name="repeatIteration" value="0" />
                </properties>
              </test-case>
              <test-case id="1091" name="BookVenue_FailsWhenExceedsMaxCapacity" fullname="EventPlannerSim.Tests.EditMode.EventPlanningSystemPropertyTests.BookVenue_FailsWhenExceedsMaxCapacity" methodname="BookVenue_FailsWhenExceedsMaxCapacity" classname="EventPlannerSim.Tests.EditMode.EventPlanningSystemPropertyTests" runstate="Runnable" seed="2058010346" result="Passed" start-time="2026-01-09 06:12:07Z" end-time="2026-01-09 06:12:07Z" duration="0.000278" asserts="0">
                <properties>
                  <property name="retryIteration" value="0" />
                  <property name="repeatIteration" value="0" />
                </properties>
              </test-case>
              <test-case id="1093" name="BookVenue_FailsWhenUnavailable" fullname="EventPlannerSim.Tests.EditMode.EventPlanningSystemPropertyTests.BookVenue_FailsWhenUnavailable" methodname="BookVenue_FailsWhenUnavailable" classname="EventPlannerSim.Tests.EditMode.EventPlanningSystemPropertyTests" runstate="Runnable" seed="519498836" result="Passed" start-time="2026-01-09 06:12:07Z" end-time="2026-01-09 06:12:07Z" duration="0.000139" asserts="0">
                <properties>
                  <property name="retryIteration" value="0" />
                  <property name="repeatIteration" value="0" />
                </properties>
              </test-case>
              <test-case id="1092" name="BookVenue_NoWarningWhenUnderComfortableCapacity" fullname="EventPlannerSim.Tests.EditMode.EventPlanningSystemPropertyTests.BookVenue_NoWarningWhenUnderComfortableCapacity" methodname="BookVenue_NoWarningWhenUnderComfortableCapacity" classname="EventPlannerSim.Tests.EditMode.EventPlanningSystemPropertyTests" runstate="Runnable" seed="2026285739" result="Passed" start-time="2026-01-09 06:12:07Z" end-time="2026-01-09 06:12:07Z" duration="0.000089" asserts="0">
                <properties>
                  <property name="retryIteration" value="0" />
                  <property name="repeatIteration" value="0" />
                </properties>
              </test-case>
              <test-case id="1090" name="BookVenue_ValidatesCapacity" fullname="EventPlannerSim.Tests.EditMode.EventPlanningSystemPropertyTests.BookVenue_ValidatesCapacity" methodname="BookVenue_ValidatesCapacity" classname="EventPlannerSim.Tests.EditMode.EventPlanningSystemPropertyTests" runstate="Runnable" seed="935602127" result="Passed" start-time="2026-01-09 06:12:07Z" end-time="2026-01-09 06:12:07Z" duration="0.000080" asserts="0">
                <properties>
                  <property name="retryIteration" value="0" />
                  <property name="repeatIteration" value="0" />
                </properties>
              </test-case>
              <test-case id="1085" name="CalculateOverlappingPrepPenalty_CorrectPenalties" fullname="EventPlannerSim.Tests.EditMode.EventPlanningSystemPropertyTests.CalculateOverlappingPrepPenalty_CorrectPenalties" methodname="CalculateOverlappingPrepPenalty_CorrectPenalties" classname="EventPlannerSim.Tests.EditMode.EventPlanningSystemPropertyTests" runstate="Runnable" seed="119438143" result="Passed" start-time="2026-01-09 06:12:07Z" end-time="2026-01-09 06:12:07Z" duration="0.000126" asserts="0">
                <properties>
                  <property name="retryIteration" value="0" />
                  <property name="repeatIteration" value="0" />
                </properties>
              </test-case>
              <test-case id="1086" name="CalculateOverlappingPrepPenalty_FormulaVerification" fullname="EventPlannerSim.Tests.EditMode.EventPlanningSystemPropertyTests.CalculateOverlappingPrepPenalty_FormulaVerification" methodname="CalculateOverlappingPrepPenalty_FormulaVerification" classname="EventPlannerSim.Tests.EditMode.EventPlanningSystemPropertyTests" runstate="Runnable" seed="1003247177" result="Passed" start-time="2026-01-09 06:12:07Z" end-time="2026-01-09 06:12:07Z" duration="0.000304" asserts="0">
                <properties>
                  <property name="retryIteration" value="0" />
                  <property name="repeatIteration" value="0" />
                </properties>
              </test-case>
              <test-case id="1084" name="CalculateTaskFailureProbabilityIncrease_CorrectValues" fullname="EventPlannerSim.Tests.EditMode.EventPlanningSystemPropertyTests.CalculateTaskFailureProbabilityIncrease_CorrectValues" methodname="CalculateTaskFailureProbabilityIncrease_CorrectValues" classname="EventPlannerSim.Tests.EditMode.EventPlanningSystemPropertyTests" runstate="Runnable" seed="1895947556" result="Passed" start-time="2026-01-09 06:12:07Z" end-time="2026-01-09 06:12:07Z" duration="0.000207" asserts="0">
                <properties>
                  <property name="retryIteration" value="0" />
                  <property name="repeatIteration" value="0" />
                </properties>
              </test-case>
              <test-case id="1083" name="CalculateWorkloadPenalty_CorrectPenalties" fullname="EventPlannerSim.Tests.EditMode.EventPlanningSystemPropertyTests.CalculateWorkloadPenalty_CorrectPenalties" methodname="CalculateWorkloadPenalty_CorrectPenalties" classname="EventPlannerSim.Tests.EditMode.EventPlanningSystemPropertyTests" runstate="Runnable" seed="144356414" result="Passed" start-time="2026-01-09 06:12:07Z" end-time="2026-01-09 06:12:07Z" duration="0.000184" asserts="0">
                <properties>
                  <property name="retryIteration" value="0" />
                  <property name="repeatIteration" value="0" />
                </properties>
              </test-case>
              <test-case id="1081" name="CalculateWorkloadPenalty_Stage1_AlwaysZero" fullname="EventPlannerSim.Tests.EditMode.EventPlanningSystemPropertyTests.CalculateWorkloadPenalty_Stage1_AlwaysZero" methodname="CalculateWorkloadPenalty_Stage1_AlwaysZero" classname="EventPlannerSim.Tests.EditMode.EventPlanningSystemPropertyTests" runstate="Runnable" seed="424343584" result="Passed" start-time="2026-01-09 06:12:07Z" end-time="2026-01-09 06:12:07Z" duration="0.000134" asserts="0">
                <properties>
                  <property name="retryIteration" value="0" />
                  <property name="repeatIteration" value="0" />
                </properties>
              </test-case>
              <test-case id="1078" name="GenerateEventTitle_CorrectFormat" fullname="EventPlannerSim.Tests.EditMode.EventPlanningSystemPropertyTests.GenerateEventTitle_CorrectFormat" methodname="GenerateEventTitle_CorrectFormat" classname="EventPlannerSim.Tests.EditMode.EventPlanningSystemPropertyTests" runstate="Runnable" seed="1025470553" result="Passed" start-time="2026-01-09 06:12:07Z" end-time="2026-01-09 06:12:07Z" duration="0.000234" asserts="0">
                <properties>
                  <property name="retryIteration" value="0" />
                  <property name="repeatIteration" value="0" />
                </properties>
              </test-case>
              <test-case id="1079" name="GenerateEventTitle_HandlesEdgeCases" fullname="EventPlannerSim.Tests.EditMode.EventPlanningSystemPropertyTests.GenerateEventTitle_HandlesEdgeCases" methodname="GenerateEventTitle_HandlesEdgeCases" classname="EventPlannerSim.Tests.EditMode.EventPlanningSystemPropertyTests" runstate="Runnable" seed="2097322024" result="Passed" start-time="2026-01-09 06:12:07Z" end-time="2026-01-09 06:12:07Z" duration="0.000100" asserts="0">
                <properties>
                  <property name="retryIteration" value="0" />
                  <property name="repeatIteration" value="0" />
                </properties>
              </test-case>
              <test-case id="1073" name="GenerateInquiry_AllFieldsPopulated_ForAllStagesAndReputations" fullname="EventPlannerSim.Tests.EditMode.EventPlanningSystemPropertyTests.GenerateInquiry_AllFieldsPopulated_ForAllStagesAndReputations" methodname="GenerateInquiry_AllFieldsPopulated_ForAllStagesAndReputations" classname="EventPlannerSim.Tests.EditMode.EventPlanningSystemPropertyTests" runstate="Runnable" seed="929783150" result="Passed" start-time="2026-01-09 06:12:07Z" end-time="2026-01-09 06:12:07Z" duration="0.014844" asserts="0">
                <properties>
                  <property name="retryIteration" value="0" />
                  <property name="repeatIteration" value="0" />
                </properties>
              </test-case>
              <test-case id="1074" name="GenerateInquiry_BudgetWithinEventTypeRange" fullname="EventPlannerSim.Tests.EditMode.EventPlanningSystemPropertyTests.GenerateInquiry_BudgetWithinEventTypeRange" methodname="GenerateInquiry_BudgetWithinEventTypeRange" classname="EventPlannerSim.Tests.EditMode.EventPlanningSystemPropertyTests" runstate="Runnable" seed="809845664" result="Passed" start-time="2026-01-09 06:12:07Z" end-time="2026-01-09 06:12:07Z" duration="0.000846" asserts="0">
                <properties>
                  <property name="retryIteration" value="0" />
                  <property name="repeatIteration" value="0" />
                </properties>
              </test-case>
              <test-case id="1075" name="GenerateInquiry_PersonalityDistributionByStage" fullname="EventPlannerSim.Tests.EditMode.EventPlanningSystemPropertyTests.GenerateInquiry_PersonalityDistributionByStage" methodname="GenerateInquiry_PersonalityDistributionByStage" classname="EventPlannerSim.Tests.EditMode.EventPlanningSystemPropertyTests" runstate="Runnable" seed="810149535" result="Passed" start-time="2026-01-09 06:12:07Z" end-time="2026-01-09 06:12:07Z" duration="0.003813" asserts="0">
                <properties>
                  <property name="retryIteration" value="0" />
                  <property name="repeatIteration" value="0" />
                </properties>
              </test-case>
              <test-case id="1080" name="GetWorkloadStatus_Stage1_SimplifiedSystem" fullname="EventPlannerSim.Tests.EditMode.EventPlanningSystemPropertyTests.GetWorkloadStatus_Stage1_SimplifiedSystem" methodname="GetWorkloadStatus_Stage1_SimplifiedSystem" classname="EventPlannerSim.Tests.EditMode.EventPlanningSystemPropertyTests" runstate="Runnable" seed="508108103" result="Passed" start-time="2026-01-09 06:12:07Z" end-time="2026-01-09 06:12:07Z" duration="0.000251" asserts="0">
                <properties>
                  <property name="retryIteration" value="0" />
                  <property name="repeatIteration" value="0" />
                </properties>
              </test-case>
              <test-case id="1082" name="GetWorkloadStatus_Stage2Plus_FullTierSystem" fullname="EventPlannerSim.Tests.EditMode.EventPlanningSystemPropertyTests.GetWorkloadStatus_Stage2Plus_FullTierSystem" methodname="GetWorkloadStatus_Stage2Plus_FullTierSystem" classname="EventPlannerSim.Tests.EditMode.EventPlanningSystemPropertyTests" runstate="Runnable" seed="1161331550" result="Passed" start-time="2026-01-09 06:12:07Z" end-time="2026-01-09 06:12:07Z" duration="0.000306" asserts="0">
                <properties>
                  <property name="retryIteration" value="0" />
                  <property name="repeatIteration" value="0" />
                </properties>
              </test-case>
            </test-suite>
            <test-suite type="TestFixture" id="1094" name="GameDatePropertyTests" fullname="EventPlannerSim.Tests.EditMode.GameDatePropertyTests" classname="EventPlannerSim.Tests.EditMode.GameDatePropertyTests" runstate="Runnable" testcasecount="5" result="Passed" start-time="2026-01-09 06:12:07Z" end-time="2026-01-09 06:12:07Z" duration="0.011156" total="5" passed="5" failed="0" inconclusive="0" skipped="0" asserts="0">
              <properties />
              <test-case id="1096" name="GameDate_AddDays_DaysBetween_RoundTrip" fullname="EventPlannerSim.Tests.EditMode.GameDatePropertyTests.GameDate_AddDays_DaysBetween_RoundTrip" methodname="GameDate_AddDays_DaysBetween_RoundTrip" classname="EventPlannerSim.Tests.EditMode.GameDatePropertyTests" runstate="Runnable" seed="394905514" result="Passed" start-time="2026-01-09 06:12:07Z" end-time="2026-01-09 06:12:07Z" duration="0.000436" asserts="0">
                <properties>
                  <property name="retryIteration" value="0" />
                  <property name="repeatIteration" value="0" />
                </properties>
              </test-case>
              <test-case id="1099" name="GameDate_AddZeroDays_IsIdentity" fullname="EventPlannerSim.Tests.EditMode.GameDatePropertyTests.GameDate_AddZeroDays_IsIdentity" methodname="GameDate_AddZeroDays_IsIdentity" classname="EventPlannerSim.Tests.EditMode.GameDatePropertyTests" runstate="Runnable" seed="2012689365" result="Passed" start-time="2026-01-09 06:12:07Z" end-time="2026-01-09 06:12:07Z" duration="0.000551" asserts="0">
                <properties>
                  <property name="retryIteration" value="0" />
                  <property name="repeatIteration" value="0" />
                </properties>
              </test-case>
              <test-case id="1097" name="GameDate_ComparisonOperators_ConsistentWithTotalDays" fullname="EventPlannerSim.Tests.EditMode.GameDatePropertyTests.GameDate_ComparisonOperators_ConsistentWithTotalDays" methodname="GameDate_ComparisonOperators_ConsistentWithTotalDays" classname="EventPlannerSim.Tests.EditMode.GameDatePropertyTests" runstate="Runnable" seed="514710281" result="Passed" start-time="2026-01-09 06:12:07Z" end-time="2026-01-09 06:12:07Z" duration="0.003061" asserts="0">
                <properties>
                  <property name="retryIteration" value="0" />
                  <property name="repeatIteration" value="0" />
                </properties>
              </test-case>
              <test-case id="1098" name="GameDate_IsBeforeIsAfter_ConsistentWithOperators" fullname="EventPlannerSim.Tests.EditMode.GameDatePropertyTests.GameDate_IsBeforeIsAfter_ConsistentWithOperators" methodname="GameDate_IsBeforeIsAfter_ConsistentWithOperators" classname="EventPlannerSim.Tests.EditMode.GameDatePropertyTests" runstate="Runnable" seed="806985849" result="Passed" start-time="2026-01-09 06:12:07Z" end-time="2026-01-09 06:12:07Z" duration="0.004639" asserts="0">
                <properties>
                  <property name="retryIteration" value="0" />
                  <property name="repeatIteration" value="0" />
                </properties>
              </test-case>
              <test-case id="1095" name="GameDate_TotalDays_RoundTrip_PreservesDate" fullname="EventPlannerSim.Tests.EditMode.GameDatePropertyTests.GameDate_TotalDays_RoundTrip_PreservesDate" methodname="GameDate_TotalDays_RoundTrip_PreservesDate" classname="EventPlannerSim.Tests.EditMode.GameDatePropertyTests" runstate="Runnable" seed="1716759655" result="Passed" start-time="2026-01-09 06:12:07Z" end-time="2026-01-09 06:12:07Z" duration="0.001370" asserts="0">
                <properties>
                  <property name="retryIteration" value="0" />
                  <property name="repeatIteration" value="0" />
                </properties>
              </test-case>
            </test-suite>
            <test-suite type="TestFixture" id="1100" name="MapSystemPropertyTests" fullname="EventPlannerSim.Tests.EditMode.MapSystemPropertyTests" classname="EventPlannerSim.Tests.EditMode.MapSystemPropertyTests" runstate="Runnable" testcasecount="13" result="Passed" start-time="2026-01-09 06:12:07Z" end-time="2026-01-09 06:12:07Z" duration="0.014197" total="13" passed="13" failed="0" inconclusive="0" skipped="0" asserts="0">
              <properties />
              <test-case id="1106" name="MapSystem_DowntownZone_UnlocksAtStage2" fullname="EventPlannerSim.Tests.EditMode.MapSystemPropertyTests.MapSystem_DowntownZone_UnlocksAtStage2" methodname="MapSystem_DowntownZone_UnlocksAtStage2" classname="EventPlannerSim.Tests.EditMode.MapSystemPropertyTests" runstate="Runnable" seed="1918753044" result="Passed" start-time="2026-01-09 06:12:07Z" end-time="2026-01-09 06:12:07Z" duration="0.001028" asserts="0">
                <properties>
                  <property name="retryIteration" value="0" />
                  <property name="repeatIteration" value="0" />
                </properties>
              </test-case>
              <test-case id="1111" name="MapSystem_GetLocationPreview_ReturnsConsistentData" fullname="EventPlannerSim.Tests.EditMode.MapSystemPropertyTests.MapSystem_GetLocationPreview_ReturnsConsistentData" methodname="MapSystem_GetLocationPreview_ReturnsConsistentData" classname="EventPlannerSim.Tests.EditMode.MapSystemPropertyTests" runstate="Runnable" seed="1097018337" result="Passed" start-time="2026-01-09 06:12:07Z" end-time="2026-01-09 06:12:07Z" duration="0.001331" asserts="0">
                <properties>
                  <property name="retryIteration" value="0" />
                  <property name="repeatIteration" value="0" />
                </properties>
              </test-case>
              <test-case id="1112" name="MapSystem_GetLocationPreview_ReturnsNullForInvalidId" fullname="EventPlannerSim.Tests.EditMode.MapSystemPropertyTests.MapSystem_GetLocationPreview_ReturnsNullForInvalidId" methodname="MapSystem_GetLocationPreview_ReturnsNullForInvalidId" classname="EventPlannerSim.Tests.EditMode.MapSystemPropertyTests" runstate="Runnable" seed="1280565934" result="Passed" start-time="2026-01-09 06:12:07Z" end-time="2026-01-09 06:12:07Z" duration="0.000089" asserts="0">
                <properties>
                  <property name="retryIteration" value="0" />
                  <property name="repeatIteration" value="0" />
                </properties>
              </test-case>
              <test-case id="1109" name="MapSystem_GetLocationsInZone_ReturnsOnlyLocationsInZone" fullname="EventPlannerSim.Tests.EditMode.MapSystemPropertyTests.MapSystem_GetLocationsInZone_ReturnsOnlyLocationsInZone" methodname="MapSystem_GetLocationsInZone_ReturnsOnlyLocationsInZone" classname="EventPlannerSim.Tests.EditMode.MapSystemPropertyTests" runstate="Runnable" seed="824138852" result="Passed" start-time="2026-01-09 06:12:07Z" end-time="2026-01-09 06:12:07Z" duration="0.000721" asserts="0">
                <properties>
                  <property name="retryIteration" value="0" />
                  <property name="repeatIteration" value="0" />
                </properties>
              </test-case>
              <test-case id="1101" name="MapSystem_GetVisibleZones_ReturnsCorrectZonesByStage" fullname="EventPlannerSim.Tests.EditMode.MapSystemPropertyTests.MapSystem_GetVisibleZones_ReturnsCorrectZonesByStage" methodname="MapSystem_GetVisibleZones_ReturnsCorrectZonesByStage" classname="EventPlannerSim.Tests.EditMode.MapSystemPropertyTests" runstate="Runnable" seed="558963932" result="Passed" start-time="2026-01-09 06:12:07Z" end-time="2026-01-09 06:12:07Z" duration="0.001468" asserts="0">
                <properties>
                  <property name="retryIteration" value="0" />
                  <property name="repeatIteration" value="0" />
                </properties>
              </test-case>
              <test-case id="1103" name="MapSystem_HigherStages_HaveMoreOrEqualZones" fullname="EventPlannerSim.Tests.EditMode.MapSystemPropertyTests.MapSystem_HigherStages_HaveMoreOrEqualZones" methodname="MapSystem_HigherStages_HaveMoreOrEqualZones" classname="EventPlannerSim.Tests.EditMode.MapSystemPropertyTests" runstate="Runnable" seed="836847479" result="Passed" start-time="2026-01-09 06:12:07Z" end-time="2026-01-09 06:12:07Z" duration="0.000882" asserts="0">
                <properties>
                  <property name="retryIteration" value="0" />
                  <property name="repeatIteration" value="0" />
                </properties>
              </test-case>
              <test-case id="1105" name="MapSystem_InvalidStage_ClampedToValidRange" fullname="EventPlannerSim.Tests.EditMode.MapSystemPropertyTests.MapSystem_InvalidStage_ClampedToValidRange" methodname="MapSystem_InvalidStage_ClampedToValidRange" classname="EventPlannerSim.Tests.EditMode.MapSystemPropertyTests" runstate="Runnable" seed="1646646595" result="Passed" start-time="2026-01-09 06:12:07Z" end-time="2026-01-09 06:12:07Z" duration="0.000540" asserts="0">
                <properties>
                  <property name="retryIteration" value="0" />
                  <property name="repeatIteration" value="0" />
                </properties>
              </test-case>
              <test-case id="1104" name="MapSystem_IsZoneUnlocked_ConsistentWithGetVisibleZones" fullname="EventPlannerSim.Tests.EditMode.MapSystemPropertyTests.MapSystem_IsZoneUnlocked_ConsistentWithGetVisibleZones" methodname="MapSystem_IsZoneUnlocked_ConsistentWithGetVisibleZones" classname="EventPlannerSim.Tests.EditMode.MapSystemPropertyTests" runstate="Runnable" seed="1648260940" result="Passed" start-time="2026-01-09 06:12:07Z" end-time="2026-01-09 06:12:07Z" duration="0.003774" asserts="0">
                <properties>
                  <property name="retryIteration" value="0" />
                  <property name="repeatIteration" value="0" />
                </properties>
              </test-case>
              <test-case id="1110" name="MapSystem_LocationFilter_FiltersCorrectly" fullname="EventPlannerSim.Tests.EditMode.MapSystemPropertyTests.MapSystem_LocationFilter_FiltersCorrectly" methodname="MapSystem_LocationFilter_FiltersCorrectly" classname="EventPlannerSim.Tests.EditMode.MapSystemPropertyTests" runstate="Runnable" seed="177000728" result="Passed" start-time="2026-01-09 06:12:07Z" end-time="2026-01-09 06:12:07Z" duration="0.000688" asserts="0">
                <properties>
                  <property name="retryIteration" value="0" />
                  <property name="repeatIteration" value="0" />
                </properties>
              </test-case>
              <test-case id="1113" name="MapSystem_NavigateToZone_UpdatesCurrentZone" fullname="EventPlannerSim.Tests.EditMode.MapSystemPropertyTests.MapSystem_NavigateToZone_UpdatesCurrentZone" methodname="MapSystem_NavigateToZone_UpdatesCurrentZone" classname="EventPlannerSim.Tests.EditMode.MapSystemPropertyTests" runstate="Runnable" seed="1276056100" result="Passed" start-time="2026-01-09 06:12:07Z" end-time="2026-01-09 06:12:07Z" duration="0.000241" asserts="0">
                <properties>
                  <property name="retryIteration" value="0" />
                  <property name="repeatIteration" value="0" />
                </properties>
              </test-case>
              <test-case id="1102" name="MapSystem_NeighborhoodZone_AlwaysVisible" fullname="EventPlannerSim.Tests.EditMode.MapSystemPropertyTests.MapSystem_NeighborhoodZone_AlwaysVisible" methodname="MapSystem_NeighborhoodZone_AlwaysVisible" classname="EventPlannerSim.Tests.EditMode.MapSystemPropertyTests" runstate="Runnable" seed="559190675" result="Passed" start-time="2026-01-09 06:12:07Z" end-time="2026-01-09 06:12:07Z" duration="0.000297" asserts="0">
                <properties>
                  <property name="retryIteration" value="0" />
                  <property name="repeatIteration" value="0" />
                </properties>
              </test-case>
              <test-case id="1107" name="MapSystem_UptownZone_UnlocksAtStage4" fullname="EventPlannerSim.Tests.EditMode.MapSystemPropertyTests.MapSystem_UptownZone_UnlocksAtStage4" methodname="MapSystem_UptownZone_UnlocksAtStage4" classname="EventPlannerSim.Tests.EditMode.MapSystemPropertyTests" runstate="Runnable" seed="608749783" result="Passed" start-time="2026-01-09 06:12:07Z" end-time="2026-01-09 06:12:07Z" duration="0.000136" asserts="0">
                <properties>
                  <property name="retryIteration" value="0" />
                  <property name="repeatIteration" value="0" />
                </properties>
              </test-case>
              <test-case id="1108" name="MapSystem_WaterfrontZone_UnlocksAtStage5" fullname="EventPlannerSim.Tests.EditMode.MapSystemPropertyTests.MapSystem_WaterfrontZone_UnlocksAtStage5" methodname="MapSystem_WaterfrontZone_UnlocksAtStage5" classname="EventPlannerSim.Tests.EditMode.MapSystemPropertyTests" runstate="Runnable" seed="223096302" result="Passed" start-time="2026-01-09 06:12:07Z" end-time="2026-01-09 06:12:07Z" duration="0.000117" asserts="0">
                <properties>
                  <property name="retryIteration" value="0" />
                  <property name="repeatIteration" value="0" />
                </properties>
              </test-case>
            </test-suite>
            <test-suite type="TestFixture" id="1114" name="NotificationSystemTests" fullname="EventPlannerSim.Tests.EditMode.NotificationSystemTests" classname="EventPlannerSim.Tests.EditMode.NotificationSystemTests" runstate="Runnable" testcasecount="25" result="Passed" start-time="2026-01-09 06:12:07Z" end-time="2026-01-09 06:12:07Z" duration="0.008245" total="25" passed="25" failed="0" inconclusive="0" skipped="0" asserts="0">
              <properties />
              <test-case id="1135" name="CancelAllNotifications_RemovesAllNotifications" fullname="EventPlannerSim.Tests.EditMode.NotificationSystemTests.CancelAllNotifications_RemovesAllNotifications" methodname="CancelAllNotifications_RemovesAllNotifications" classname="EventPlannerSim.Tests.EditMode.NotificationSystemTests" runstate="Runnable" seed="694439605" result="Passed" start-time="2026-01-09 06:12:07Z" end-time="2026-01-09 06:12:07Z" duration="0.002379" asserts="0">
                <properties>
                  <property name="retryIteration" value="0" />
                  <property name="repeatIteration" value="0" />
                </properties>
              </test-case>
              <test-case id="1134" name="CancelNotification_FiresOnNotificationCancelledEvent" fullname="EventPlannerSim.Tests.EditMode.NotificationSystemTests.CancelNotification_FiresOnNotificationCancelledEvent" methodname="CancelNotification_FiresOnNotificationCancelledEvent" classname="EventPlannerSim.Tests.EditMode.NotificationSystemTests" runstate="Runnable" seed="500626010" result="Passed" start-time="2026-01-09 06:12:07Z" end-time="2026-01-09 06:12:07Z" duration="0.000367" asserts="0">
                <properties>
                  <property name="retryIteration" value="0" />
                  <property name="repeatIteration" value="0" />
                </properties>
              </test-case>
              <test-case id="1133" name="CancelNotification_RemovesNotification" fullname="EventPlannerSim.Tests.EditMode.NotificationSystemTests.CancelNotification_RemovesNotification" methodname="CancelNotification_RemovesNotification" classname="EventPlannerSim.Tests.EditMode.NotificationSystemTests" runstate="Runnable" seed="1548578797" result="Passed" start-time="2026-01-09 06:12:07Z" end-time="2026-01-09 06:12:07Z" duration="0.000254" asserts="0">
                <properties>
                  <property name="retryIteration" value="0" />
[...]
            <test-suite type="TestFixture" id="1281" name="VendorRelationshipPropertyTests" fullname="EventPlannerSim.Tests.EditMode.VendorRelationshipPropertyTests" classname="EventPlannerSim.Tests.EditMode.VendorRelationshipPropertyTests" runstate="Runnable" testcasecount="7" result="Passed" start-time="2026-01-09 06:12:07Z" end-time="2026-01-09 06:12:07Z" duration="0.006003" total="7" passed="7" failed="0" inconclusive="0" skipped="0" asserts="0">
              <properties />
              <test-case id="1283" name="VendorRelationship_DiscountPercent_CalculatesCorrectly" fullname="EventPlannerSim.Tests.EditMode.VendorRelationshipPropertyTests.VendorRelationship_DiscountPercent_CalculatesCorrectly" methodname="VendorRelationship_DiscountPercent_CalculatesCorrectly" classname="EventPlannerSim.Tests.EditMode.VendorRelationshipPropertyTests" runstate="Runnable" seed="1917195165" result="Passed" start-time="2026-01-09 06:12:07Z" end-time="2026-01-09 06:12:07Z" duration="0.000461" asserts="0">
                <properties>
                  <property name="retryIteration" value="0" />
                  <property name="repeatIteration" value="0" />
                </properties>
              </test-case>
              <test-case id="1288" name="VendorRelationship_DiscountPercent_IsBounded" fullname="EventPlannerSim.Tests.EditMode.VendorRelationshipPropertyTests.VendorRelationship_DiscountPercent_IsBounded" methodname="VendorRelationship_DiscountPercent_IsBounded" classname="EventPlannerSim.Tests.EditMode.VendorRelationshipPropertyTests" runstate="Runnable" seed="659755382" result="Passed" start-time="2026-01-09 06:12:07Z" end-time="2026-01-09 06:12:07Z" duration="0.000493" asserts="0">
                <properties>
                  <property name="retryIteration" value="0" />
                  <property name="repeatIteration" value="0" />
                </properties>
              </test-case>
              <test-case id="1287" name="VendorRelationship_FlexibilityRevealed_AtLevel5" fullname="EventPlannerSim.Tests.EditMode.VendorRelationshipPropertyTests.VendorRelationship_FlexibilityRevealed_AtLevel5" methodname="VendorRelationship_FlexibilityRevealed_AtLevel5" classname="EventPlannerSim.Tests.EditMode.VendorRelationshipPropertyTests" runstate="Runnable" seed="950605006" result="Passed" start-time="2026-01-09 06:12:07Z" end-time="2026-01-09 06:12:07Z" duration="0.000278" asserts="0">
                <properties>
                  <property name="retryIteration" value="0" />
                  <property name="repeatIteration" value="0" />
                </properties>
              </test-case>
              <test-case id="1285" name="VendorRelationship_Level_MonotonicallyIncreases" fullname="EventPlannerSim.Tests.EditMode.VendorRelationshipPropertyTests.VendorRelationship_Level_MonotonicallyIncreases" methodname="VendorRelationship_Level_MonotonicallyIncreases" classname="EventPlannerSim.Tests.EditMode.VendorRelationshipPropertyTests" runstate="Runnable" seed="2069273364" result="Passed" start-time="2026-01-09 06:12:07Z" end-time="2026-01-09 06:12:07Z" duration="0.001213" asserts="0">
                <properties>
                  <property name="retryIteration" value="0" />
                  <property name="repeatIteration" value="0" />
                </properties>
              </test-case>
              <test-case id="1284" name="VendorRelationship_RecordHire_IncrementsTimesHired" fullname="EventPlannerSim.Tests.EditMode.VendorRelationshipPropertyTests.VendorRelationship_RecordHire_IncrementsTimesHired" methodname="VendorRelationship_RecordHire_IncrementsTimesHired" classname="EventPlannerSim.Tests.EditMode.VendorRelationshipPropertyTests" runstate="Runnable" seed="1757801437" result="Passed" start-time="2026-01-09 06:12:07Z" end-time="2026-01-09 06:12:07Z" duration="0.000352" asserts="0">
                <properties>
                  <property name="retryIteration" value="0" />
                  <property name="repeatIteration" value="0" />
                </properties>
              </test-case>
              <test-case id="1282" name="VendorRelationship_RelationshipLevel_CalculatesCorrectly" fullname="EventPlannerSim.Tests.EditMode.VendorRelationshipPropertyTests.VendorRelationship_RelationshipLevel_CalculatesCorrectly" methodname="VendorRelationship_RelationshipLevel_CalculatesCorrectly" classname="EventPlannerSim.Tests.EditMode.VendorRelationshipPropertyTests" runstate="Runnable" seed="566557052" result="Passed" start-time="2026-01-09 06:12:07Z" end-time="2026-01-09 06:12:07Z" duration="0.000305" asserts="0">
                <properties>
                  <property name="retryIteration" value="0" />
                  <property name="repeatIteration" value="0" />
                </properties>
              </test-case>
              <test-case id="1286" name="VendorRelationship_ReliabilityRevealed_AtLevel3" fullname="EventPlannerSim.Tests.EditMode.VendorRelationshipPropertyTests.VendorRelationship_ReliabilityRevealed_AtLevel3" methodname="VendorRelationship_ReliabilityRevealed_AtLevel3" classname="EventPlannerSim.Tests.EditMode.VendorRelationshipPropertyTests" runstate="Runnable" seed="1811154602" result="Passed" start-time="2026-01-09 06:12:07Z" end-time="2026-01-09 06:12:07Z" duration="0.001694" asserts="0">
                <properties>
                  <property name="retryIteration" value="0" />
                  <property name="repeatIteration" value="0" />
                </properties>
              </test-case>
            </test-suite>
            <test-suite type="TestFixture" id="1289" name="WeatherSystemPropertyTests" fullname="EventPlannerSim.Tests.EditMode.WeatherSystemPropertyTests" classname="EventPlannerSim.Tests.EditMode.WeatherSystemPropertyTests" runstate="Runnable" testcasecount="11" result="Passed" start-time="2026-01-09 06:12:07Z" end-time="2026-01-09 06:12:08Z" duration="0.035035" total="11" passed="11" failed="0" inconclusive="0" skipped="0" asserts="0">
              <properties />
              <test-case id="1290" name="WeatherForecast_CalculateAccuracy_ReturnsCorrectAccuracyByDaysOut" fullname="EventPlannerSim.Tests.EditMode.WeatherSystemPropertyTests.WeatherForecast_CalculateAccuracy_ReturnsCorrectAccuracyByDaysOut" methodname="WeatherForecast_CalculateAccuracy_ReturnsCorrectAccuracyByDaysOut" classname="EventPlannerSim.Tests.EditMode.WeatherSystemPropertyTests" runstate="Runnable" seed="1421868208" result="Passed" start-time="2026-01-09 06:12:07Z" end-time="2026-01-09 06:12:07Z" duration="0.000396" asserts="0">
                <properties>
                  <property name="retryIteration" value="0" />
                  <property name="repeatIteration" value="0" />
                </properties>
              </test-case>
              <test-case id="1295" name="WeatherForecast_GetSimplifiedRisk_ReturnsCorrectRiskLevel" fullname="EventPlannerSim.Tests.EditMode.WeatherSystemPropertyTests.WeatherForecast_GetSimplifiedRisk_ReturnsCorrectRiskLevel" methodname="WeatherForecast_GetSimplifiedRisk_ReturnsCorrectRiskLevel" classname="EventPlannerSim.Tests.EditMode.WeatherSystemPropertyTests" runstate="Runnable" seed="856453424" result="Passed" start-time="2026-01-09 06:12:07Z" end-time="2026-01-09 06:12:07Z" duration="0.000378" asserts="0">
                <properties>
                  <property name="retryIteration" value="0" />
                  <property name="repeatIteration" value="0" />
                </properties>
              </test-case>
              <test-case id="1298" name="WeatherSystem_AdvanceDay_MaintainsSevenForecasts" fullname="EventPlannerSim.Tests.EditMode.WeatherSystemPropertyTests.WeatherSystem_AdvanceDay_MaintainsSevenForecasts" methodname="WeatherSystem_AdvanceDay_MaintainsSevenForecasts" classname="EventPlannerSim.Tests.EditMode.WeatherSystemPropertyTests" runstate="Runnable" seed="178853506" result="Passed" start-time="2026-01-09 06:12:07Z" end-time="2026-01-09 06:12:07Z" duration="0.006403" asserts="0">
                <properties>
                  <property name="retryIteration" value="0" />
                  <property name="repeatIteration" value="0" />
                </properties>
              </test-case>
              <test-case id="1294" name="WeatherSystem_CurrentDayForecast_HasActualWeatherRevealed" fullname="EventPlannerSim.Tests.EditMode.WeatherSystemPropertyTests.WeatherSystem_CurrentDayForecast_HasActualWeatherRevealed" methodname="WeatherSystem_CurrentDayForecast_HasActualWeatherRevealed" classname="EventPlannerSim.Tests.EditMode.WeatherSystemPropertyTests" runstate="Runnable" seed="899253453" result="Passed" start-time="2026-01-09 06:12:07Z" end-time="2026-01-09 06:12:07Z" duration="0.001061" asserts="0">
                <properties>
                  <property name="retryIteration" value="0" />
                  <property name="repeatIteration" value="0" />
                </properties>
              </test-case>
              <test-case id="1293" name="WeatherSystem_ForecastAccuracy_MatchesDaysOut" fullname="EventPlannerSim.Tests.EditMode.WeatherSystemPropertyTests.WeatherSystem_ForecastAccuracy_MatchesDaysOut" methodname="WeatherSystem_ForecastAccuracy_MatchesDaysOut" classname="EventPlannerSim.Tests.EditMode.WeatherSystemPropertyTests" runstate="Runnable" seed="628902350" result="Passed" start-time="2026-01-09 06:12:07Z" end-time="2026-01-09 06:12:07Z" duration="0.003727" asserts="0">
                <properties>
                  <property name="retryIteration" value="0" />
                  <property name="repeatIteration" value="0" />
                </properties>
              </test-case>
              <test-case id="1299" name="WeatherSystem_GeneratedForecasts_HaveValidWeatherTypes" fullname="EventPlannerSim.Tests.EditMode.WeatherSystemPropertyTests.WeatherSystem_GeneratedForecasts_HaveValidWeatherTypes" methodname="WeatherSystem_GeneratedForecasts_HaveValidWeatherTypes" classname="EventPlannerSim.Tests.EditMode.WeatherSystemPropertyTests" runstate="Runnable" seed="1284651792" result="Passed" start-time="2026-01-09 06:12:07Z" end-time="2026-01-09 06:12:07Z" duration="0.003705" asserts="0">
                <properties>
                  <property name="retryIteration" value="0" />
                  <property name="repeatIteration" value="0" />
                </properties>
              </test-case>
              <test-case id="1292" name="WeatherSystem_GetForecast_CoversConsecutiveDays" fullname="EventPlannerSim.Tests.EditMode.WeatherSystemPropertyTests.WeatherSystem_GetForecast_CoversConsecutiveDays" methodname="WeatherSystem_GetForecast_CoversConsecutiveDays" classname="EventPlannerSim.Tests.EditMode.WeatherSystemPropertyTests" runstate="Runnable" seed="999665336" result="Passed" start-time="2026-01-09 06:12:07Z" end-time="2026-01-09 06:12:07Z" duration="0.005173" asserts="0">
                <properties>
                  <property name="retryIteration" value="0" />
                  <property name="repeatIteration" value="0" />
                </properties>
              </test-case>
              <test-case id="1291" name="WeatherSystem_GetForecast_Returns7DayForecast" fullname="EventPlannerSim.Tests.EditMode.WeatherSystemPropertyTests.WeatherSystem_GetForecast_Returns7DayForecast" methodname="WeatherSystem_GetForecast_Returns7DayForecast" classname="EventPlannerSim.Tests.EditMode.WeatherSystemPropertyTests" runstate="Runnable" seed="2081324883" result="Passed" start-time="2026-01-09 06:12:07Z" end-time="2026-01-09 06:12:07Z" duration="0.000719" asserts="0">
                <properties>
                  <property name="retryIteration" value="0" />
                  <property name="repeatIteration" value="0" />
                </properties>
              </test-case>
              <test-case id="1300" name="WeatherSystem_SeasonalPatterns_AreDistinct" fullname="EventPlannerSim.Tests.EditMode.WeatherSystemPropertyTests.WeatherSystem_SeasonalPatterns_AreDistinct" methodname="WeatherSystem_SeasonalPatterns_AreDistinct" classname="EventPlannerSim.Tests.EditMode.WeatherSystemPropertyTests" runstate="Runnable" seed="1700824224" result="Passed" start-time="2026-01-09 06:12:07Z" end-time="2026-01-09 06:12:08Z" duration="0.010140" asserts="0">
                <properties>
                  <property name="retryIteration" value="0" />
                  <property name="repeatIteration" value="0" />
                </properties>
              </test-case>
              <test-case id="1296" name="WeatherSystem_Stage1_AlwaysShows100PercentAccuracy" fullname="EventPlannerSim.Tests.EditMode.WeatherSystemPropertyTests.WeatherSystem_Stage1_AlwaysShows100PercentAccuracy" methodname="WeatherSystem_Stage1_AlwaysShows100PercentAccuracy" classname="EventPlannerSim.Tests.EditMode.WeatherSystemPropertyTests" runstate="Runnable" seed="4860110" result="Passed" start-time="2026-01-09 06:12:08Z" end-time="2026-01-09 06:12:08Z" duration="0.001090" asserts="0">
                <properties>
                  <property name="retryIteration" value="0" />
                  <property name="repeatIteration" value="0" />
                </properties>
              </test-case>
              <test-case id="1297" name="WeatherSystem_Stage2Plus_ShowsVariableAccuracy" fullname="EventPlannerSim.Tests.EditMode.WeatherSystemPropertyTests.WeatherSystem_Stage2Plus_ShowsVariableAccuracy" methodname="WeatherSystem_Stage2Plus_ShowsVariableAccuracy" classname="EventPlannerSim.Tests.EditMode.WeatherSystemPropertyTests" runstate="Runnable" seed="667654151" result="Passed" start-time="2026-01-09 06:12:08Z" end-time="2026-01-09 06:12:08Z" duration="0.000793" asserts="0">
                <properties>
                  <property name="retryIteration" value="0" />
                  <property name="repeatIteration" value="0" />
                </properties>
              </test-case>
            </test-suite>
            <test-suite type="TestFixture" id="1301" name="WorkHoursPropertyTests" fullname="EventPlannerSim.Tests.EditMode.WorkHoursPropertyTests" classname="EventPlannerSim.Tests.EditMode.WorkHoursPropertyTests" runstate="Runnable" testcasecount="8" result="Passed" start-time="2026-01-09 06:12:08Z" end-time="2026-01-09 06:12:08Z" duration="0.005347" total="8" passed="8" failed="0" inconclusive="0" skipped="0" asserts="0">
              <properties />
              <test-case id="1308" name="WorkHours_AddOvertime_FailsAfterTwo" fullname="EventPlannerSim.Tests.EditMode.WorkHoursPropertyTests.WorkHours_AddOvertime_FailsAfterTwo" methodname="WorkHours_AddOvertime_FailsAfterTwo" classname="EventPlannerSim.Tests.EditMode.WorkHoursPropertyTests" runstate="Runnable" seed="1818302274" result="Passed" start-time="2026-01-09 06:12:08Z" end-time="2026-01-09 06:12:08Z" duration="0.000389" asserts="0">
                <properties>
                  <property name="retryIteration" value="0" />
                  <property name="repeatIteration" value="0" />
                </properties>
              </test-case>
              <test-case id="1307" name="WorkHours_AddOvertime_Grants4Hours" fullname="EventPlannerSim.Tests.EditMode.WorkHoursPropertyTests.WorkHours_AddOvertime_Grants4Hours" methodname="WorkHours_AddOvertime_Grants4Hours" classname="EventPlannerSim.Tests.EditMode.WorkHoursPropertyTests" runstate="Runnable" seed="697471596" result="Passed" start-time="2026-01-09 06:12:08Z" end-time="2026-01-09 06:12:08Z" duration="0.000217" asserts="0">
                <properties>
                  <property name="retryIteration" value="0" />
                  <property name="repeatIteration" value="0" />
                </properties>
              </test-case>
              <test-case id="1304" name="WorkHours_CanUseOvertime_LimitedToTwo" fullname="EventPlannerSim.Tests.EditMode.WorkHoursPropertyTests.WorkHours_CanUseOvertime_LimitedToTwo" methodname="WorkHours_CanUseOvertime_LimitedToTwo" classname="EventPlannerSim.Tests.EditMode.WorkHoursPropertyTests" runstate="Runnable" seed="1683633291" result="Passed" start-time="2026-01-09 06:12:08Z" end-time="2026-01-09 06:12:08Z" duration="0.000490" asserts="0">
                <properties>
                  <property name="retryIteration" value="0" />
                  <property name="repeatIteration" value="0" />
                </properties>
              </test-case>
              <test-case id="1302" name="WorkHours_RemainingHours_CalculatesCorrectly" fullname="EventPlannerSim.Tests.EditMode.WorkHoursPropertyTests.WorkHours_RemainingHours_CalculatesCorrectly" methodname="WorkHours_RemainingHours_CalculatesCorrectly" classname="EventPlannerSim.Tests.EditMode.WorkHoursPropertyTests" runstate="Runnable" seed="426681860" result="Passed" start-time="2026-01-09 06:12:08Z" end-time="2026-01-09 06:12:08Z" duration="0.000257" asserts="0">
                <properties>
                  <property name="retryIteration" value="0" />
                  <property name="repeatIteration" value="0" />
                </properties>
              </test-case>
              <test-case id="1303" name="WorkHours_ResetDaily_ClearsAllUsage" fullname="EventPlannerSim.Tests.EditMode.WorkHoursPropertyTests.WorkHours_ResetDaily_ClearsAllUsage" methodname="WorkHours_ResetDaily_ClearsAllUsage" classname="EventPlannerSim.Tests.EditMode.WorkHoursPropertyTests" runstate="Runnable" seed="1111662308" result="Passed" start-time="2026-01-09 06:12:08Z" end-time="2026-01-09 06:12:08Z" duration="0.000441" asserts="0">
                <properties>
                  <property name="retryIteration" value="0" />
                  <property name="repeatIteration" value="0" />
                </properties>
              </test-case>
              <test-case id="1309" name="WorkHours_TotalAvailableHours_CalculatesCorrectly" fullname="EventPlannerSim.Tests.EditMode.WorkHoursPropertyTests.WorkHours_TotalAvailableHours_CalculatesCorrectly" methodname="WorkHours_TotalAvailableHours_CalculatesCorrectly" classname="EventPlannerSim.Tests.EditMode.WorkHoursPropertyTests" runstate="Runnable" seed="892356723" result="Passed" start-time="2026-01-09 06:12:08Z" end-time="2026-01-09 06:12:08Z" duration="0.000221" asserts="0">
                <properties>
                  <property name="retryIteration" value="0" />
                  <property name="repeatIteration" value="0" />
                </properties>
              </test-case>
              <test-case id="1305" name="WorkHours_UseHours_DeductsCorrectly" fullname="EventPlannerSim.Tests.EditMode.WorkHoursPropertyTests.WorkHours_UseHours_DeductsCorrectly" methodname="WorkHours_UseHours_DeductsCorrectly" classname="EventPlannerSim.Tests.EditMode.WorkHoursPropertyTests" runstate="Runnable" seed="196196287" result="Passed" start-time="2026-01-09 06:12:08Z" end-time="2026-01-09 06:12:08Z" duration="0.000424" asserts="0">
                <properties>
                  <property name="retryIteration" value="0" />
                  <property name="repeatIteration" value="0" />
                </properties>
              </test-case>
              <test-case id="1306" name="WorkHours_UseHours_FailsWhenInsufficient" fullname="EventPlannerSim.Tests.EditMode.WorkHoursPropertyTests.WorkHours_UseHours_FailsWhenInsufficient" methodname="WorkHours_UseHours_FailsWhenInsufficient" classname="EventPlannerSim.Tests.EditMode.WorkHoursPropertyTests" runstate="Runnable" seed="174282309" result="Passed" start-time="2026-01-09 06:12:08Z" end-time="2026-01-09 06:12:08Z" duration="0.001845" asserts="0">
                <properties>
                  <property name="retryIteration" value="0" />
                  <property name="repeatIteration" value="0" />
                </properties>
                <output><![CDATA[Saving results to: ./unity_app/unity_test_results/checkpoint21_results.xml
]]></output>
              </test-case>
            </test-suite>
          </test-suite>
        </test-suite>
      </test-suite>
    </test-suite>
  </test-suite>
</test-run>