<?xml version="1.0" encoding="utf-8"?>
<test-run id="2" testcasecount="451" result="Passed" total="451" passed="451" failed="0" inconclusive="0" skipped="0" asserts="0" engine-version="3.5.0.0" clr-version="4.0.30319.42000" start-time="2026-01-09 07:35:04Z" end-time="2026-01-09 07:35:04Z" duration="0.466286">
  <test-suite type="TestSuite" id="1000" name="EventPlannerSim" fullname="EventPlannerSim" runstate="Runnable" testcasecount="451" result="Passed" start-time="2026-01-09 07:35:04Z" end-time="2026-01-09 07:35:04Z" duration="0.466286" total="451" passed="451" failed="0" inconclusive="0" skipped="0" asserts="0">
    <properties>
      <property name="platform" value="EditMode" />
    </properties>
    <test-suite type="Assembly" id="1474" name="EventPlannerSim.Tests.EditMode.dll" fullname="/Users/d/github/events_app/unity_app/Library/ScriptAssemblies/EventPlannerSim.Tests.EditMode.dll" runstate="Runnable" testcasecount="451" result="Passed" start-time="2026-01-09 07:35:04Z" end-time="2026-01-09 07:35:04Z" duration="0.460808" total="451" passed="451" failed="0" inconclusive="0" skipped="0" asserts="0">
      <properties>
        <property name="_PID" value="48729" />
        <property name="_APPDOMAIN" value="Unity Child Domain" />
        <property name="platform" value="EditMode" />
        <property name="EditorOnly" value="True" />
      </properties>
      <test-suite type="TestSuite" id="1475" name="EventPlannerSim" fullname="EventPlannerSim" runstate="Runnable" testcasecount="451" result="Passed" start-time="2026-01-09 07:35:04Z" end-time="2026-01-09 07:35:04Z" duration="0.460338" total="451" passed="451" failed="0" inconclusive="0" skipped="0" asserts="0">
        <properties />
        <test-suite type="TestSuite" id="1476" name="Tests" fullname="EventPlannerSim.Tests" runstate="Runnable" testcasecount="451" result="Passed" start-time="2026-01-09 07:35:04Z" end-time="2026-01-09 07:35:04Z" duration="0.460116" total="451" passed="451" failed="0" inconclusive="0" skipped="0" asserts="0">
          <properties />
          <test-suite type="TestSuite" id="1477" name="EditMode" fullname="EventPlannerSim.Tests.EditMode" runstate="Runnable" testcasecount="451" result="Passed" start-time="2026-01-09 07:35:04Z" end-time="2026-01-09 07:35:04Z" duration="0.459593" total="451" passed="451" failed="0" inconclusive="0" skipped="0" asserts="0">
            <properties />
            <test-suite type="TestFixture" id="1001" name="AchievementSystemTests" fullname="EventPlannerSim.Tests.EditMode.AchievementSystemTests" classname="EventPlannerSim.Tests.EditMode.AchievementSystemTests" runstate="Runnable" testcasecount="27" result="Passed" start-time="2026-01-09 07:35:04Z" end-time="2026-01-09 07:35:04Z" duration="0.026817" total="27" passed="27" failed="0" inconclusive="0" skipped="0" asserts="0">
              <properties />
              <test-case id="1004" name="CheckAndAward_AwardsNonTrackableAchievement" fullname="EventPlannerSim.Tests.EditMode.AchievementSystemTests.CheckAndAward_AwardsNonTrackableAchievement" methodname="CheckAndAward_AwardsNonTrackableAchievement" classname="EventPlannerSim.Tests.EditMode.AchievementSystemTests" runstate="Runnable" seed="1061027238" result="Passed" start-time="2026-01-09 07:35:04Z" end-time="2026-01-09 07:35:04Z" duration="0.008271" asserts="0">
                <properties>
                  <property name="retryIteration" value="0" />
                  <property name="repeatIteration" value="0" />
                </properties>
              </test-case>
              <test-case id="1006" name="CheckAndAward_DoesNotAwardAlreadyEarned" fullname="EventPlannerSim.Tests.EditMode.AchievementSystemTests.CheckAndAward_DoesNotAwardAlreadyEarned" methodname="CheckAndAward_DoesNotAwardAlreadyEarned" classname="EventPlannerSim.Tests.EditMode.AchievementSystemTests" runstate="Runnable" seed="134063026" result="Passed" start-time="2026-01-09 07:35:04Z" end-time="2026-01-09 07:35:04Z" duration="0.001990" asserts="0">
                <properties>
                  <property name="retryIteration" value="0" />
                  <property name="repeatIteration" value="0" />
                </properties>
              </test-case>
              <test-case id="1007" name="CheckAndAward_DoesNotAwardTrackableWithoutProgress" fullname="EventPlannerSim.Tests.EditMode.AchievementSystemTests.CheckAndAward_DoesNotAwardTrackableWithoutProgress" methodname="CheckAndAward_DoesNotAwardTrackableWithoutProgress" classname="EventPlannerSim.Tests.EditMode.AchievementSystemTests" runstate="Runnable" seed="1579049327" result="Passed" start-time="2026-01-09 07:35:04Z" end-time="2026-01-09 07:35:04Z" duration="0.000136" asserts="0">
                <properties>
                  <property name="retryIteration" value="0" />
                  <property name="repeatIteration" value="0" />
                </properties>
              </test-case>
              <test-case id="1005" name="CheckAndAward_FiresOnAchievementEarnedEvent" fullname="EventPlannerSim.Tests.EditMode.AchievementSystemTests.CheckAndAward_FiresOnAchievementEarnedEvent" methodname="CheckAndAward_FiresOnAchievementEarnedEvent" classname="EventPlannerSim.Tests.EditMode.AchievementSystemTests" runstate="Runnable" seed="1447613317" result="Passed" start-time="2026-01-09 07:35:04Z" end-time="2026-01-09 07:35:04Z" duration="0.001354" asserts="0">
                <properties>
                  <property name="retryIteration" value="0" />
                  <property name="repeatIteration" value="0" />
                </properties>
              </test-case>
              <test-case id="1003" name="Constructor_AllAchievementsStartNotEarned" fullname="EventPlannerSim.Tests.EditMode.AchievementSystemTests.Constructor_AllAchievementsStartNotEarned" methodname="Constructor_AllAchievementsStartNotEarned" classname="EventPlannerSim.Tests.EditMode.AchievementSystemTests" runstate="Runnable" seed="304899819" result="Passed" start-time="2026-01-09 07:35:04Z" end-time="2026-01-09 07:35:04Z" duration="0.000607" asserts="0">
                <properties>
                  <property name="retryIteration" value="0" />
                  <property name="repeatIteration" value="0" />
                </properties>
              </test-case>
              <test-case id="1002" name="Constructor_InitializesAllAchievements" fullname="EventPlannerSim.Tests.EditMode.AchievementSystemTests.Constructor_InitializesAllAchievements" methodname="Constructor_InitializesAllAchievements" classname="EventPlannerSim.Tests.EditMode.AchievementSystemTests" runstate="Runnable" seed="1632071765" result="Passed" start-time="2026-01-09 07:35:04Z" end-time="2026-01-09 07:35:04Z" duration="0.000632" asserts="0">
                <properties>
                  <property name="retryIteration" value="0" />
                  <property name="repeatIteration" value="0" />
                </properties>
              </test-case>
              <test-case id="1020" name="GetAllAchievements_HidesSecretDescriptionBeforeEarned" fullname="EventPlannerSim.Tests.EditMode.AchievementSystemTests.GetAllAchievements_HidesSecretDescriptionBeforeEarned" methodname="GetAllAchievements_HidesSecretDescriptionBeforeEarned" classname="EventPlannerSim.Tests.EditMode.AchievementSystemTests" runstate="Runnable" seed="1267062238" result="Passed" start-time="2026-01-09 07:35:04Z" end-time="2026-01-09 07:35:04Z" duration="0.000535" asserts="0">
                <properties>
                  <property name="retryIteration" value="0" />
                  <property name="repeatIteration" value="0" />
                </properties>
              </test-case>
              <test-case id="1021" name="GetAllAchievements_ShowsSecretDescriptionAfterEarned" fullname="EventPlannerSim.Tests.EditMode.AchievementSystemTests.GetAllAchievements_ShowsSecretDescriptionAfterEarned" methodname="GetAllAchievements_ShowsSecretDescriptionAfterEarned" classname="EventPlannerSim.Tests.EditMode.AchievementSystemTests" runstate="Runnable" seed="2034581340" result="Passed" start-time="2026-01-09 07:35:04Z" end-time="2026-01-09 07:35:04Z" duration="0.000204" asserts="0">
                <properties>
                  <property name="retryIteration" value="0" />
                  <property name="repeatIteration" value="0" />
                </properties>
              </test-case>
              <test-case id="1018" name="GetCategory_ReturnsChallengeForChallengeAchievements" fullname="EventPlannerSim.Tests.EditMode.AchievementSystemTests.GetCategory_ReturnsChallengeForChallengeAchievements" methodname="GetCategory_ReturnsChallengeForChallengeAchievements" classname="EventPlannerSim.Tests.EditMode.AchievementSystemTests" runstate="Runnable" seed="1679414590" result="Passed" start-time="2026-01-09 07:35:04Z" end-time="2026-01-09 07:35:04Z" duration="0.000200" asserts="0">
                <properties>
                  <property name="retryIteration" value="0" />
                  <property name="repeatIteration" value="0" />
                </properties>
              </test-case>
              <test-case id="1017" name="GetCategory_ReturnsMasteryForMasteryAchievements" fullname="EventPlannerSim.Tests.EditMode.AchievementSystemTests.GetCategory_ReturnsMasteryForMasteryAchievements" methodname="GetCategory_ReturnsMasteryForMasteryAchievements" classname="EventPlannerSim.Tests.EditMode.AchievementSystemTests" runstate="Runnable" seed="1563311578" result="Passed" start-time="2026-01-09 07:35:04Z" end-time="2026-01-09 07:35:04Z" duration="0.000114" asserts="0">
                <properties>
                  <property name="retryIteration" value="0" />
                  <property name="repeatIteration" value="0" />
                </properties>
              </test-case>
              <test-case id="1016" name="GetCategory_ReturnsProgressionForProgressionAchievements" fullname="EventPlannerSim.Tests.EditMode.AchievementSystemTests.GetCategory_ReturnsProgressionForProgressionAchievements" methodname="GetCategory_ReturnsProgressionForProgressionAchievements" classname="EventPlannerSim.Tests.EditMode.AchievementSystemTests" runstate="Runnable" seed="1690097729" result="Passed" start-time="2026-01-09 07:35:04Z" end-time="2026-01-09 07:35:04Z" duration="0.000095" asserts="0">
                <properties>
                  <property name="retryIteration" value="0" />
                  <property name="repeatIteration" value="0" />
                </properties>
              </test-case>
              <test-case id="1019" name="GetCategory_ReturnsSecretForSecretAchievements" fullname="EventPlannerSim.Tests.EditMode.AchievementSystemTests.GetCategory_ReturnsSecretForSecretAchievements" methodname="GetCategory_ReturnsSecretForSecretAchievements" classname="EventPlannerSim.Tests.EditMode.AchievementSystemTests" runstate="Runnable" seed="413084660" result="Passed" start-time="2026-01-09 07:35:04Z" end-time="2026-01-09 07:35:04Z" duration="0.000079" asserts="0">
                <properties>
                  <property name="retryIteration" value="0" />
                  <property name="repeatIteration" value="0" />
                </properties>
              </test-case>
              <test-case id="1027" name="GetDefinition_ReturnsCorrectDefinition" fullname="EventPlannerSim.Tests.EditMode.AchievementSystemTests.GetDefinition_ReturnsCorrectDefinition" methodname="GetDefinition_ReturnsCorrectDefinition" classname="EventPlannerSim.Tests.EditMode.AchievementSystemTests" runstate="Runnable" seed="1905539990" result="Passed" start-time="2026-01-09 07:35:04Z" end-time="2026-01-09 07:35:04Z" duration="0.000139" asserts="0">
                <properties>
                  <property name="retryIteration" value="0" />
                  <property name="repeatIteration" value="0" />
                </properties>
              </test-case>
              <test-case id="1028" name="GetDefinition_TrackableAchievementsHaveCorrectTarget" fullname="EventPlannerSim.Tests.EditMode.AchievementSystemTests.GetDefinition_TrackableAchievementsHaveCorrectTarget" methodname="GetDefinition_TrackableAchievementsHaveCorrectTarget" classname="EventPlannerSim.Tests.EditMode.AchievementSystemTests" runstate="Runnable" seed="518307354" result="Passed" start-time="2026-01-09 07:35:04Z" end-time="2026-01-09 07:35:04Z" duration="0.000134" asserts="0">
                <properties>
                  <property name="retryIteration" value="0" />
                  <property name="repeatIteration" value="0" />
                </properties>
              </test-case>
              <test-case id="1025" name="GetEarnedAchievements_ReturnsOnlyEarned" fullname="EventPlannerSim.Tests.EditMode.AchievementSystemTests.GetEarnedAchievements_ReturnsOnlyEarned" methodname="GetEarnedAchievements_ReturnsOnlyEarned" classname="EventPlannerSim.Tests.EditMode.AchievementSystemTests" runstate="Runnable" seed="1895112697" result="Passed" start-time="2026-01-09 07:35:04Z" end-time="2026-01-09 07:35:04Z" duration="0.000204" asserts="0">
                <properties>
                  <property name="retryIteration" value="0" />
                  <property name="repeatIteration" value="0" />
                </properties>
              </test-case>
              <test-case id="1015" name="GetProgress_Returns100PercentForCompleted" fullname="EventPlannerSim.Tests.EditMode.AchievementSystemTests.GetProgress_Returns100PercentForCompleted" methodname="GetProgress_Returns100PercentForCompleted" classname="EventPlannerSim.Tests.EditMode.AchievementSystemTests" runstate="Runnable" seed="648767613" result="Passed" start-time="2026-01-09 07:35:04Z" end-time="2026-01-09 07:35:04Z" duration="0.000503" asserts="0">
                <properties>
                  <property name="retryIteration" value="0" />
                  <property name="repeatIteration" value="0" />
                </properties>
              </test-case>
              <test-case id="1013" name="GetProgress_ReturnsCorrectDisplayString" fullname="EventPlannerSim.Tests.EditMode.AchievementSystemTests.GetProgress_ReturnsCorrectDisplayString" methodname="GetProgress_ReturnsCorrectDisplayString" classname="EventPlannerSim.Tests.EditMode.AchievementSystemTests" runstate="Runnable" seed="389595080" result="Passed" start-time="2026-01-09 07:35:04Z" end-time="2026-01-09 07:35:04Z" duration="0.000090" asserts="0">
                <properties>
                  <property name="retryIteration" value="0" />
                  <property name="repeatIteration" value="0" />
                </properties>
              </test-case>
              <test-case id="1014" name="GetProgress_ReturnsCorrectPercentage" fullname="EventPlannerSim.Tests.EditMode.AchievementSystemTests.GetProgress_ReturnsCorrectPercentage" methodname="GetProgress_ReturnsCorrectPercentage" classname="EventPlannerSim.Tests.EditMode.AchievementSystemTests" runstate="Runnable" seed="1873966522" result="Passed" start-time="2026-01-09 07:35:04Z" end-time="2026-01-09 07:35:04Z" duration="0.000061" asserts="0">
                <properties>
                  <property name="retryIteration" value="0" />
                  <property name="repeatIteration" value="0" />
                </properties>
              </test-case>
              <test-case id="1022" name="GetSaveData_ReturnsCorrectData" fullname="EventPlannerSim.Tests.EditMode.AchievementSystemTests.GetSaveData_ReturnsCorrectData" methodname="GetSaveData_ReturnsCorrectData" classname="EventPlannerSim.Tests.EditMode.AchievementSystemTests" runstate="Runnable" seed="594611941" result="Passed" start-time="2026-01-09 07:35:04Z" end-time="2026-01-09 07:35:04Z" duration="0.001207" asserts="0">
                <properties>
                  <property name="retryIteration" value="0" />
                  <property name="repeatIteration" value="0" />
                </properties>
              </test-case>
              <test-case id="1010" name="IncrementProgress_AwardsWhenTargetReached" fullname="EventPlannerSim.Tests.EditMode.AchievementSystemTests.IncrementProgress_AwardsWhenTargetReached" methodname="IncrementProgress_AwardsWhenTargetReached" classname="EventPlannerSim.Tests.EditMode.AchievementSystemTests" runstate="Runnable" seed="59005239" result="Passed" start-time="2026-01-09 07:35:04Z" end-time="2026-01-09 07:35:04Z" duration="0.000119" asserts="0">
                <properties>
                  <property name="retryIteration" value="0" />
                  <property name="repeatIteration" value="0" />
                </properties>
              </test-case>
              <test-case id="1011" name="IncrementProgress_CapsAtTarget" fullname="EventPlannerSim.Tests.EditMode.AchievementSystemTests.IncrementProgress_CapsAtTarget" methodname="IncrementProgress_CapsAtTarget" classname="EventPlannerSim.Tests.EditMode.AchievementSystemTests" runstate="Runnable" seed="1184917474" result="Passed" start-time="2026-01-09 07:35:04Z" end-time="2026-01-09 07:35:04Z" duration="0.000072" asserts="0">
                <properties>
                  <property name="retryIteration" value="0" />
                  <property name="repeatIteration" value="0" />
                </properties>
              </test-case>
              <test-case id="1012" name="IncrementProgress_DoesNothingForEarnedAchievement" fullname="EventPlannerSim.Tests.EditMode.AchievementSystemTests.IncrementProgress_DoesNothingForEarnedAchievement" methodname="IncrementProgress_DoesNothingForEarnedAchievement" classname="EventPlannerSim.Tests.EditMode.AchievementSystemTests" runstate="Runnable" seed="894784515" result="Passed" start-time="2026-01-09 07:35:04Z" end-time="2026-01-09 07:35:04Z" duration="0.000127" asserts="0">
                <properties>
                  <property name="retryIteration" value="0" />
                  <property name="repeatIteration" value="0" />
                </properties>
              </test-case>
              <test-case id="1009" name="IncrementProgress_FiresOnProgressUpdatedEvent" fullname="EventPlannerSim.Tests.EditMode.AchievementSystemTests.IncrementProgress_FiresOnProgressUpdatedEvent" methodname="IncrementProgress_FiresOnProgressUpdatedEvent" classname="EventPlannerSim.Tests.EditMode.AchievementSystemTests" runstate="Runnable" seed="1282784452" result="Passed" start-time="2026-01-09 07:35:04Z" end-time="2026-01-09 07:35:04Z" duration="0.000179" asserts="0">
                <properties>
                  <property name="retryIteration" value="0" />
                  <property name="repeatIteration" value="0" />
                </properties>
              </test-case>
              <test-case id="1008" name="IncrementProgress_IncreasesProgressCorrectly" fullname="EventPlannerSim.Tests.EditMode.AchievementSystemTests.IncrementProgress_IncreasesProgressCorrectly" methodname="IncrementProgress_IncreasesProgressCorrectly" classname="EventPlannerSim.Tests.EditMode.AchievementSystemTests" runstate="Runnable" seed="1205920183" result="Passed" start-time="2026-01-09 07:35:04Z" end-time="2026-01-09 07:35:04Z" duration="0.000077" asserts="0">
                <properties>
                  <property name="retryIteration" value="0" />
                  <property name="repeatIteration" value="0" />
                </properties>
              </test-case>
              <test-case id="1023" name="Initialize_RestoresStateFromSaveData" fullname="EventPlannerSim.Tests.EditMode.AchievementSystemTests.Initialize_RestoresStateFromSaveData" methodname="Initialize_RestoresStateFromSaveData" classname="EventPlannerSim.Tests.EditMode.AchievementSystemTests" runstate="Runnable" seed="1600319588" result="Passed" start-time="2026-01-09 07:35:04Z" end-time="2026-01-09 07:35:04Z" duration="0.000638" asserts="0">
                <properties>
                  <property name="retryIteration" value="0" />
                  <property name="repeatIteration" value="0" />
                </properties>
              </test-case>
              <test-case id="1024" name="ResetAll_ClearsAllProgress" fullname="EventPlannerSim.Tests.EditMode.AchievementSystemTests.ResetAll_ClearsAllProgress" methodname="ResetAll_ClearsAllProgress" classname="EventPlannerSim.Tests.EditMode.AchievementSystemTests" runstate="Runnable" seed="654049977" result="Passed" start-time="2026-01-09 07:35:04Z" end-time="2026-01-09 07:35:04Z" duration="0.000093" asserts="0">
                <properties>
                  <property name="retryIteration" value="0" />
                  <property name="repeatIteration" value="0" />
                </properties>
              </test-case>
              <test-case id="1026" name="SyncWithPlatform_CanBeCalledWithoutError" fullname="EventPlannerSim.Tests.EditMode.AchievementSystemTests.SyncWithPlatform_CanBeCalledWithoutError" methodname="SyncWithPlatform_CanBeCalledWithoutError" classname="EventPlannerSim.Tests.EditMode.AchievementSystemTests" runstate="Runnable" seed="1469892438" result="Passed" start-time="2026-01-09 07:35:04Z" end-time="2026-01-09 07:35:04Z" duration="0.000389" asserts="0">
                <properties>
                  <property name="retryIteration" value="0" />
                  <property name="repeatIteration" value="0" />
                </properties>
              </test-case>
            </test-suite>
            <test-suite type="TestFixture" id="1029" name="AnalyticsTrackerTests" fullname="EventPlannerSim.Tests.EditMode.AnalyticsTrackerTests" classname="EventPlannerSim.Tests.EditMode.AnalyticsTrackerTests" runstate="Runnable" testcasecount="23" result="Passed" start-time="2026-01-09 07:35:04Z" end-time="2026-01-09 07:35:04Z" duration="0.012338" total="23" passed="23" failed="0" inconclusive="0" skipped="0" asserts="0">
              <properties />
              <test-case id="1030" name="Constructor_ThrowsOnNullServicesManager" fullname="EventPlannerSim.Tests.EditMode.AnalyticsTrackerTests.Constructor_ThrowsOnNullServicesManager" methodname="Constructor_ThrowsOnNullServicesManager" classname="EventPlannerSim.Tests.EditMode.AnalyticsTrackerTests" runstate="Runnable" seed="2013863186" result="Passed" start-time="2026-01-09 07:35:04Z" end-time="2026-01-09 07:35:04Z" duration="0.002076" asserts="0">
                <properties>
                  <property name="retryIteration" value="0" />
                  <property name="repeatIteration" value="0" />
                </properties>
              </test-case>
              <test-case id="1049" name="TrackAdSkipped_TracksAdSkippedEvent" fullname="EventPlannerSim.Tests.EditMode.AnalyticsTrackerTests.TrackAdSkipped_TracksAdSkippedEvent" methodname="TrackAdSkipped_TracksAdSkippedEvent" classname="EventPlannerSim.Tests.EditMode.AnalyticsTrackerTests" runstate="Runnable" seed="1236262057" result="Passed" start-time="2026-01-09 07:35:04Z" end-time="2026-01-09 07:35:04Z" duration="0.000941" asserts="0">
                <properties>
                  <property name="retryIteration" value="0" />
                  <property name="repeatIteration" value="0" />
                </properties>
              </test-case>
              <test-case id="1047" name="TrackAdWatched_TracksAdWatchedEvent" fullname="EventPlannerSim.Tests.EditMode.AnalyticsTrackerTests.TrackAdWatched_TracksAdWatchedEvent" methodname="TrackAdWatched_TracksAdWatchedEvent" classname="EventPlannerSim.Tests.EditMode.AnalyticsTrackerTests" runstate="Runnable" seed="2063259057" result="Passed" start-time="2026-01-09 07:35:04Z" end-time="2026-01-09 07:35:04Z" duration="0.000166" asserts="0">
                <properties>
                  <property name="retryIteration" value="0" />
                  <property name="repeatIteration" value="0" />
                </properties>
              </test-case>
              <test-case id="1048" name="TrackAdWatched_WithAdPlacement_TracksCorrectly" fullname="EventPlannerSim.Tests.EditMode.AnalyticsTrackerTests.TrackAdWatched_WithAdPlacement_TracksCorrectly" methodname="TrackAdWatched_WithAdPlacement_TracksCorrectly" classname="EventPlannerSim.Tests.EditMode.AnalyticsTrackerTests" runstate="Runnable" seed="622280306" result="Passed" start-time="2026-01-09 07:35:04Z" end-time="2026-01-09 07:35:04Z" duration="0.000126" asserts="0">
                <properties>
                  <property name="retryIteration" value="0" />
                  <property name="repeatIteration" value="0" />
                </properties>
              </test-case>
              <test-case id="1036" name="TrackEventAccepted_TracksEventAcceptedEvent" fullname="EventPlannerSim.Tests.EditMode.AnalyticsTrackerTests.TrackEventAccepted_TracksEventAcceptedEvent" methodname="TrackEventAccepted_TracksEventAcceptedEvent" classname="EventPlannerSim.Tests.EditMode.AnalyticsTrackerTests" runstate="Runnable" seed="1807266685" result="Passed" start-time="2026-01-09 07:35:04Z" end-time="2026-01-09 07:35:04Z" duration="0.000369" asserts="0">
                <properties>
                  <property name="retryIteration" value="0" />
                  <property name="repeatIteration" value="0" />
                </properties>
              </test-case>
              <test-case id="1037" name="TrackEventCompleted_TracksEventCompletedEvent" fullname="EventPlannerSim.Tests.EditMode.AnalyticsTrackerTests.TrackEventCompleted_TracksEventCompletedEvent" methodname="TrackEventCompleted_TracksEventCompletedEvent" classname="EventPlannerSim.Tests.EditMode.AnalyticsTrackerTests" runstate="Runnable" seed="2137320254" result="Passed" start-time="2026-01-09 07:35:04Z" end-time="2026-01-09 07:35:04Z" duration="0.000396" asserts="0">
                <properties>
                  <property name="retryIteration" value="0" />
                  <property name="repeatIteration" value="0" />
                </properties>
              </test-case>
              <test-case id="1038" name="TrackEventFailed_TracksEventFailedEvent" fullname="EventPlannerSim.Tests.EditMode.AnalyticsTrackerTests.TrackEventFailed_TracksEventFailedEvent" methodname="TrackEventFailed_TracksEventFailedEvent" classname="EventPlannerSim.Tests.EditMode.AnalyticsTrackerTests" runstate="Runnable" seed="723573529" result="Passed" start-time="2026-01-09 07:35:04Z" end-time="2026-01-09 07:35:04Z" duration="0.000163" asserts="0">
                <properties>
                  <property name="retryIteration" value="0" />
                  <property name="repeatIteration" value="0" />
                </properties>
              </test-case>
              <test-case id="1050" name="TrackFamilyHelpUsed_TracksFamilyHelpUsedEvent" fullname="EventPlannerSim.Tests.EditMode.AnalyticsTrackerTests.TrackFamilyHelpUsed_TracksFamilyHelpUsedEvent" methodname="TrackFamilyHelpUsed_TracksFamilyHelpUsedEvent" classname="EventPlannerSim.Tests.EditMode.AnalyticsTrackerTests" runstate="Runnable" seed="58215688" result="Passed" start-time="2026-01-09 07:35:04Z" end-time="2026-01-09 07:35:04Z" duration="0.000120" asserts="0">
                <properties>
                  <property name="retryIteration" value="0" />
                  <property name="repeatIteration" value="0" />
                </properties>
              </test-case>
              <test-case id="1051" name="TrackFinancialCrisis_TracksFinancialCrisisEvent" fullname="EventPlannerSim.Tests.EditMode.AnalyticsTrackerTests.TrackFinancialCrisis_TracksFinancialCrisisEvent" methodname="TrackFinancialCrisis_TracksFinancialCrisisEvent" classname="EventPlannerSim.Tests.EditMode.AnalyticsTrackerTests" runstate="Runnable" seed="1282177532" result="Passed" start-time="2026-01-09 07:35:04Z" end-time="2026-01-09 07:35:04Z" duration="0.000140" asserts="0">
                <properties>
                  <property name="retryIteration" value="0" />
                  <property name="repeatIteration" value="0" />
                </properties>
              </test-case>
              <test-case id="1052" name="TrackFinancialCrisis_WithBusinessStage_TracksCorrectly" fullname="EventPlannerSim.Tests.EditMode.AnalyticsTrackerTests.TrackFinancialCrisis_WithBusinessStage_TracksCorrectly" methodname="TrackFinancialCrisis_WithBusinessStage_TracksCorrectly" classname="EventPlannerSim.Tests.EditMode.AnalyticsTrackerTests" runstate="Runnable" seed="61718232" result="Passed" start-time="2026-01-09 07:35:04Z" end-time="2026-01-09 07:35:04Z" duration="0.000138" asserts="0">
                <properties>
                  <property name="retryIteration" value="0" />
                  <property name="repeatIteration" value="0" />
                </properties>
              </test-case>
              <test-case id="1045" name="TrackPurchaseCompleted_TracksPurchaseCompletedEvent" fullname="EventPlannerSim.Tests.EditMode.AnalyticsTrackerTests.TrackPurchaseCompleted_TracksPurchaseCompletedEvent" methodname="TrackPurchaseCompleted_TracksPurchaseCompletedEvent" classname="EventPlannerSim.Tests.EditMode.AnalyticsTrackerTests" runstate="Runnable" seed="666578607" result="Passed" start-time="2026-01-09 07:35:04Z" end-time="2026-01-09 07:35:04Z" duration="0.000151" asserts="0">
                <properties>
                  <property name="retryIteration" value="0" />
                  <property name="repeatIteration" value="0" />
                </properties>
              </test-case>
              <test-case id="1046" name="TrackPurchaseFailed_TracksPurchaseFailedEvent" fullname="EventPlannerSim.Tests.EditMode.AnalyticsTrackerTests.TrackPurchaseFailed_TracksPurchaseFailedEvent" methodname="TrackPurchaseFailed_TracksPurchaseFailedEvent" classname="EventPlannerSim.Tests.EditMode.AnalyticsTrackerTests" runstate="Runnable" seed="1793751603" result="Passed" start-time="2026-01-09 07:35:04Z" end-time="2026-01-09 07:35:04Z" duration="0.000142" asserts="0">
                <properties>
                  <property name="retryIteration" value="0" />
                  <property name="repeatIteration" value="0" />
                </properties>
              </test-case>
              <test-case id="1044" name="TrackPurchaseInitiated_TracksPurchaseInitiatedEvent" fullname="EventPlannerSim.Tests.EditMode.AnalyticsTrackerTests.TrackPurchaseInitiated_TracksPurchaseInitiatedEvent" methodname="TrackPurchaseInitiated_TracksPurchaseInitiatedEvent" classname="EventPlannerSim.Tests.EditMode.AnalyticsTrackerTests" runstate="Runnable" seed="1698100453" result="Passed" start-time="2026-01-09 07:35:04Z" end-time="2026-01-09 07:35:04Z" duration="0.000115" asserts="0">
                <properties>
                  <property name="retryIteration" value="0" />
                  <property name="repeatIteration" value="0" />
                </properties>
              </test-case>
              <test-case id="1032" name="TrackSessionEnd_TracksSessionEndEvent" fullname="EventPlannerSim.Tests.EditMode.AnalyticsTrackerTests.TrackSessionEnd_TracksSessionEndEvent" methodname="TrackSessionEnd_TracksSessionEndEvent" classname="EventPlannerSim.Tests.EditMode.AnalyticsTrackerTests" runstate="Runnable" seed="1103348521" result="Passed" start-time="2026-01-09 07:35:04Z" end-time="2026-01-09 07:35:04Z" duration="0.000176" asserts="0">
                <properties>
                  <property name="retryIteration" value="0" />
                  <property name="repeatIteration" value="0" />
                </properties>
              </test-case>
              <test-case id="1031" name="TrackSessionStart_TracksSessionStartEvent" fullname="EventPlannerSim.Tests.EditMode.AnalyticsTrackerTests.TrackSessionStart_TracksSessionStartEvent" methodname="TrackSessionStart_TracksSessionStartEvent" classname="EventPlannerSim.Tests.EditMode.AnalyticsTrackerTests" runstate="Runnable" seed="727452" result="Passed" start-time="2026-01-09 07:35:04Z" end-time="2026-01-09 07:35:04Z" duration="0.000163" asserts="0">
                <properties>
                  <property name="retryIteration" value="0" />
                  <property name="repeatIteration" value="0" />
                </properties>
              </test-case>
              <test-case id="1041" name="TrackStage3PathChosen_TracksStage3PathChosenEvent" fullname="EventPlannerSim.Tests.EditMode.AnalyticsTrackerTests.TrackStage3PathChosen_TracksStage3PathChosenEvent" methodname="TrackStage3PathChosen_TracksStage3PathChosenEvent" classname="EventPlannerSim.Tests.EditMode.AnalyticsTrackerTests" runstate="Runnable" seed="1177286114" result="Passed" start-time="2026-01-09 07:35:04Z" end-time="2026-01-09 07:35:04Z" duration="0.000147" asserts="0">
                <properties>
                  <property name="retryIteration" value="0" />
                  <property name="repeatIteration" value="0" />
                </properties>
              </test-case>
              <test-case id="1039" name="TrackStageAdvanced_TracksStageAdvancedEvent" fullname="EventPlannerSim.Tests.EditMode.AnalyticsTrackerTests.TrackStageAdvanced_TracksStageAdvancedEvent" methodname="TrackStageAdvanced_TracksStageAdvancedEvent" classname="EventPlannerSim.Tests.EditMode.AnalyticsTrackerTests" runstate="Runnable" seed="506794633" result="Passed" start-time="2026-01-09 07:35:04Z" end-time="2026-01-09 07:35:04Z" duration="0.000294" asserts="0">
                <properties>
                  <property name="retryIteration" value="0" />
                  <property name="repeatIteration" value="0" />
                </properties>
              </test-case>
              <test-case id="1040" name="TrackStageAdvanced_WithBusinessStage_TracksCorrectly" fullname="EventPlannerSim.Tests.EditMode.AnalyticsTrackerTests.TrackStageAdvanced_WithBusinessStage_TracksCorrectly" methodname="TrackStageAdvanced_WithBusinessStage_TracksCorrectly" classname="EventPlannerSim.Tests.EditMode.AnalyticsTrackerTests" runstate="Runnable" seed="1365752566" result="Passed" start-time="2026-01-09 07:35:04Z" end-time="2026-01-09 07:35:04Z" duration="0.000219" asserts="0">
                <properties>
                  <property name="retryIteration" value="0" />
                  <property name="repeatIteration" value="0" />
                </properties>
              </test-case>
              <test-case id="1034" name="TrackTutorialCompleted_TracksTutorialCompletedEvent" fullname="EventPlannerSim.Tests.EditMode.AnalyticsTrackerTests.TrackTutorialCompleted_TracksTutorialCompletedEvent" methodname="TrackTutorialCompleted_TracksTutorialCompletedEvent" classname="EventPlannerSim.Tests.EditMode.AnalyticsTrackerTests" runstate="Runnable" seed="735188201" result="Passed" start-time="2026-01-09 07:35:04Z" end-time="2026-01-09 07:35:04Z" duration="0.000096" asserts="0">
                <properties>
                  <property name="retryIteration" value="0" />
                  <property name="repeatIteration" value="0" />
                </properties>
              </test-case>
              <test-case id="1035" name="TrackTutorialSkipped_TracksTutorialSkippedEvent" fullname="EventPlannerSim.Tests.EditMode.AnalyticsTrackerTests.TrackTutorialSkipped_TracksTutorialSkippedEvent" methodname="TrackTutorialSkipped_TracksTutorialSkippedEvent" classname="EventPlannerSim.Tests.EditMode.AnalyticsTrackerTests" runstate="Runnable" seed="787063285" result="Passed" start-time="2026-01-09 07:35:04Z" end-time="2026-01-09 07:35:04Z" duration="0.000082" asserts="0">
                <properties>
                  <property name="retryIteration" value="0" />
                  <property name="repeatIteration" value="0" />
                </properties>
              </test-case>
              <test-case id="1033" name="TrackTutorialStarted_TracksTutorialStartedEvent" fullname="EventPlannerSim.Tests.EditMode.AnalyticsTrackerTests.TrackTutorialStarted_TracksTutorialStartedEvent" methodname="TrackTutorialStarted_TracksTutorialStartedEvent" classname="EventPlannerSim.Tests.EditMode.AnalyticsTrackerTests" runstate="Runnable" seed="97389662" result="Passed" start-time="2026-01-09 07:35:04Z" end-time="2026-01-09 07:35:04Z" duration="0.000089" asserts="0">
                <properties>
                  <property name="retryIteration" value="0" />
                  <property name="repeatIteration" value="0" />
                </properties>
              </test-case>
              <test-case id="1042" name="TrackVendorBooked_TracksVendorBookedEvent" fullname="EventPlannerSim.Tests.EditMode.AnalyticsTrackerTests.TrackVendorBooked_TracksVendorBookedEvent" methodname="TrackVendorBooked_TracksVendorBookedEvent" classname="EventPlannerSim.Tests.EditMode.AnalyticsTrackerTests" runstate="Runnable" seed="1846516685" result="Passed" start-time="2026-01-09 07:35:04Z" end-time="2026-01-09 07:35:04Z" duration="0.000227" asserts="0">
                <properties>
                  <property name="retryIteration" value="0" />
                  <property name="repeatIteration" value="0" />
                </properties>
              </test-case>
              <test-case id="1043" name="TrackVenueBooked_TracksVenueBookedEvent" fullname="EventPlannerSim.Tests.EditMode.AnalyticsTrackerTests.TrackVenueBooked_TracksVenueBookedEvent" methodname="TrackVenueBooked_TracksVenueBookedEvent" classname="EventPlannerSim.Tests.EditMode.AnalyticsTrackerTests" runstate="Runnable" seed="259986449" result="Passed" start-time="2026-01-09 07:35:04Z" end-time="2026-01-09 07:35:04Z" duration="0.000172" asserts="0">
                <properties>
                  <property name="retryIteration" value="0" />
                  <property name="repeatIteration" value="0" />
                </properties>
              </test-case>
            </test-suite>
            <test-suite type="TestFixture" id="1053" name="AudioManagerTests" fullname="EventPlannerSim.Tests.EditMode.AudioManagerTests" classname="EventPlannerSim.Tests.EditMode.AudioManagerTests" runstate="Runnable" testcasecount="35" result="Passed" start-time="2026-01-09 07:35:04Z" end-time="2026-01-09 07:35:04Z" duration="0.007599" total="35" passed="35" failed="0" inconclusive="0" skipped="0" asserts="0">
              <properties />
              <test-case id="1054" name="Constructor_InitializesWithDefaultValues" fullname="EventPlannerSim.Tests.EditMode.AudioManagerTests.Constructor_InitializesWithDefaultValues" methodname="Constructor_InitializesWithDefaultValues" classname="EventPlannerSim.Tests.EditMode.AudioManagerTests" runstate="Runnable" seed="1024652061" result="Passed" start-time="2026-01-09 07:35:04Z" end-time="2026-01-09 07:35:04Z" duration="0.000494" asserts="0">
                <properties>
                  <property name="retryIteration" value="0" />
                  <property name="repeatIteration" value="0" />
                </properties>
              </test-case>
              <test-case id="1055" name="Constructor_WithCustomValues_SetsCorrectly" fullname="EventPlannerSim.Tests.EditMode.AudioManagerTests.Constructor_WithCustomValues_SetsCorrectly" methodname="Constructor_WithCustomValues_SetsCorrectly" classname="EventPlannerSim.Tests.EditMode.AudioManagerTests" runstate="Runnable" seed="1888087627" result="Passed" start-time="2026-01-09 07:35:04Z" end-time="2026-01-09 07:35:04Z" duration="0.000165" asserts="0">
                <properties>
                  <property name="retryIteration" value="0" />
                  <property name="repeatIteration" value="0" />
                </properties>
              </test-case>
              <test-case id="1087" name="GetEffectiveMusicVolume_WhenMuted_ReturnsZero" fullname="EventPlannerSim.Tests.EditMode.AudioManagerTests.GetEffectiveMusicVolume_WhenMuted_ReturnsZero" methodname="GetEffectiveMusicVolume_WhenMuted_ReturnsZero" classname="EventPlannerSim.Tests.EditMode.AudioManagerTests" runstate="Runnable" seed="1191579668" result="Passed" start-time="2026-01-09 07:35:04Z" end-time="2026-01-09 07:35:04Z" duration="0.000158" asserts="0">
                <properties>
                  <property name="retryIteration" value="0" />
                  <property name="repeatIteration" value="0" />
                </properties>
              </test-case>
              <test-case id="1088" name="GetEffectiveSFXVolume_WhenMuted_ReturnsZero" fullname="EventPlannerSim.Tests.EditMode.AudioManagerTests.GetEffectiveSFXVolume_WhenMuted_ReturnsZero" methodname="GetEffectiveSFXVolume_WhenMuted_ReturnsZero" classname="EventPlannerSim.Tests.EditMode.AudioManagerTests" runstate="Runnable" seed="370403292" result="Passed" start-time="2026-01-09 07:35:04Z" end-time="2026-01-09 07:35:04Z" duration="0.000108" asserts="0">
                <properties>
                  <property name="retryIteration" value="0" />
                  <property name="repeatIteration" value="0" />
                </properties>
              </test-case>
              <test-case id="1081" name="PauseAudio_AlreadyPaused_DoesNotFireEvent" fullname="EventPlannerSim.Tests.EditMode.AudioManagerTests.PauseAudio_AlreadyPaused_DoesNotFireEvent" methodname="PauseAudio_AlreadyPaused_DoesNotFireEvent" classname="EventPlannerSim.Tests.EditMode.AudioManagerTests" runstate="Runnable" seed="294896334" result="Passed" start-time="2026-01-09 07:35:04Z" end-time="2026-01-09 07:35:04Z" duration="0.000144" asserts="0">
                <properties>
                  <property name="retryIteration" value="0" />
                  <property name="repeatIteration" value="0" />
                </properties>
              </test-case>
              <test-case id="1079" name="PauseAudio_FiresOnPauseChangedEvent" fullname="EventPlannerSim.Tests.EditMode.AudioManagerTests.PauseAudio_FiresOnPauseChangedEvent" methodname="PauseAudio_FiresOnPauseChangedEvent" classname="EventPlannerSim.Tests.EditMode.AudioManagerTests" runstate="Runnable" seed="998351496" result="Passed" start-time="2026-01-09 07:35:04Z" end-time="2026-01-09 07:35:04Z" duration="0.000191" asserts="0">
                <properties>
                  <property name="retryIteration" value="0" />
                  <property name="repeatIteration" value="0" />
                </properties>
              </test-case>
              <test-case id="1077" name="PauseAudio_PausesPlayback" fullname="EventPlannerSim.Tests.EditMode.AudioManagerTests.PauseAudio_PausesPlayback" methodname="PauseAudio_PausesPlayback" classname="EventPlannerSim.Tests.EditMode.AudioManagerTests" runstate="Runnable" seed="1088658031" result="Passed" start-time="2026-01-09 07:35:04Z" end-time="2026-01-09 07:35:04Z" duration="0.000137" asserts="0">
                <properties>
                  <property name="retryIteration" value="0" />
                  <property name="repeatIteration" value="0" />
                </properties>
              </test-case>
              <test-case id="1083" name="PauseResume_PreservesCurrentTrack" fullname="EventPlannerSim.Tests.EditMode.AudioManagerTests.PauseResume_PreservesCurrentTrack" methodname="PauseResume_PreservesCurrentTrack" classname="EventPlannerSim.Tests.EditMode.AudioManagerTests" runstate="Runnable" seed="227436155" result="Passed" start-time="2026-01-09 07:35:04Z" end-time="2026-01-09 07:35:04Z" duration="0.000145" asserts="0">
                <properties>
                  <property name="retryIteration" value="0" />
                  <property name="repeatIteration" value="0" />
                </properties>
              </test-case>
              <test-case id="1085" name="PlayEventFailure_PlaysFailureAudio" fullname="EventPlannerSim.Tests.EditMode.AudioManagerTests.PlayEventFailure_PlaysFailureAudio" methodname="PlayEventFailure_PlaysFailureAudio" classname="EventPlannerSim.Tests.EditMode.AudioManagerTests" runstate="Runnable" seed="800816655" result="Passed" start-time="2026-01-09 07:35:04Z" end-time="2026-01-09 07:35:04Z" duration="0.000264" asserts="0">
                <properties>
                  <property name="retryIteration" value="0" />
                  <property name="repeatIteration" value="0" />
                </properties>
              </test-case>
              <test-case id="1084" name="PlayEventSuccess_PlaysSuccessAudio" fullname="EventPlannerSim.Tests.EditMode.AudioManagerTests.PlayEventSuccess_PlaysSuccessAudio" methodname="PlayEventSuccess_PlaysSuccessAudio" classname="EventPlannerSim.Tests.EditMode.AudioManagerTests" runstate="Runnable" seed="1381550256" result="Passed" start-time="2026-01-09 07:35:04Z" end-time="2026-01-09 07:35:04Z" duration="0.000227" asserts="0">
                <properties>
                  <property name="retryIteration" value="0" />
                  <property name="repeatIteration" value="0" />
                </properties>
              </test-case>
              <test-case id="1059" name="PlayMusic_DifferentTrack_ChangesTrack" fullname="EventPlannerSim.Tests.EditMode.AudioManagerTests.PlayMusic_DifferentTrack_ChangesTrack" methodname="PlayMusic_DifferentTrack_ChangesTrack" classname="EventPlannerSim.Tests.EditMode.AudioManagerTests" runstate="Runnable" seed="1480669075" result="Passed" start-time="2026-01-09 07:35:04Z" end-time="2026-01-09 07:35:04Z" duration="0.000069" asserts="0">
                <properties>
                  <property name="retryIteration" value="0" />
                  <property name="repeatIteration" value="0" />
                </properties>
              </test-case>
              <test-case id="1057" name="PlayMusic_FiresOnMusicChangedEvent" fullname="EventPlannerSim.Tests.EditMode.AudioManagerTests.PlayMusic_FiresOnMusicChangedEvent" methodname="PlayMusic_FiresOnMusicChangedEvent" classname="EventPlannerSim.Tests.EditMode.AudioManagerTests" runstate="Runnable" seed="1916518239" result="Passed" start-time="2026-01-09 07:35:04Z" end-time="2026-01-09 07:35:04Z" duration="0.000090" asserts="0">
                <properties>
                  <property name="retryIteration" value="0" />
                  <property name="repeatIteration" value="0" />
                </properties>
              </test-case>
              <test-case id="1058" name="PlayMusic_SameTrack_DoesNotFireEvent" fullname="EventPlannerSim.Tests.EditMode.AudioManagerTests.PlayMusic_SameTrack_DoesNotFireEvent" methodname="PlayMusic_SameTrack_DoesNotFireEvent" classname="EventPlannerSim.Tests.EditMode.AudioManagerTests" runstate="Runnable" seed="1473338874" result="Passed" start-time="2026-01-09 07:35:04Z" end-time="2026-01-09 07:35:04Z" duration="0.000084" asserts="0">
                <properties>
                  <property name="retryIteration" value="0" />
                  <property name="repeatIteration" value="0" />
                </properties>
              </test-case>
              <test-case id="1056" name="PlayMusic_SetsCurrentTrack" fullname="EventPlannerSim.Tests.EditMode.AudioManagerTests.PlayMusic_SetsCurrentTrack" methodname="PlayMusic_SetsCurrentTrack" classname="EventPlannerSim.Tests.EditMode.AudioManagerTests" runstate="Runnable" seed="227247519" result="Passed" start-time="2026-01-09 07:35:04Z" end-time="2026-01-09 07:35:04Z" duration="0.000074" asserts="0">
                <properties>
                  <property name="retryIteration" value="0" />
                  <property name="repeatIteration" value="0" />
                </properties>
              </test-case>
              <test-case id="1086" name="PlayMusicForContext_MapsContextsCorrectly" fullname="EventPlannerSim.Tests.EditMode.AudioManagerTests.PlayMusicForContext_MapsContextsCorrectly" methodname="PlayMusicForContext_MapsContextsCorrectly" classname="EventPlannerSim.Tests.EditMode.AudioManagerTests" runstate="Runnable" seed="158628148" result="Passed" start-time="2026-01-09 07:35:04Z" end-time="2026-01-09 07:35:04Z" duration="0.000334" asserts="0">
                <properties>
                  <property name="retryIteration" value="0" />
                  <property name="repeatIteration" value="0" />
                </properties>
              </test-case>
              <test-case id="1067" name="PlaySFX_Failure_ForEventFailure" fullname="EventPlannerSim.Tests.EditMode.AudioManagerTests.PlaySFX_Failure_ForEventFailure" methodname="PlaySFX_Failure_ForEventFailure" classname="EventPlannerSim.Tests.EditMode.AudioManagerTests" runstate="Runnable" seed="1909344716" result="Passed" start-time="2026-01-09 07:35:04Z" end-time="2026-01-09 07:35:04Z" duration="0.000100" asserts="0">
                <properties>
                  <property name="retryIteration" value="0" />
                  <property name="repeatIteration" value="0" />
                </properties>
              </test-case>
              <test-case id="1063" name="PlaySFX_FiresOnSFXPlayedEvent" fullname="EventPlannerSim.Tests.EditMode.AudioManagerTests.PlaySFX_FiresOnSFXPlayedEvent" methodname="PlaySFX_FiresOnSFXPlayedEvent" classname="EventPlannerSim.Tests.EditMode.AudioManagerTests" runstate="Runnable" seed="375989163" result="Passed" start-time="2026-01-09 07:35:04Z" end-time="2026-01-09 07:35:04Z" duration="0.000087" asserts="0">
                <properties>
                  <property name="retryIteration" value="0" />
                  <property name="repeatIteration" value="0" />
                </properties>
              </test-case>
              <test-case id="1066" name="PlaySFX_Success_ForEventSuccess" fullname="EventPlannerSim.Tests.EditMode.AudioManagerTests.PlaySFX_Success_ForEventSuccess" methodname="PlaySFX_Success_ForEventSuccess" classname="EventPlannerSim.Tests.EditMode.AudioManagerTests" runstate="Runnable" seed="1957314543" result="Passed" start-time="2026-01-09 07:35:04Z" end-time="2026-01-09 07:35:04Z" duration="0.000085" asserts="0">
                <properties>
                  <property name="retryIteration" value="0" />
                  <property name="repeatIteration" value="0" />
                </properties>
              </test-case>
              <test-case id="1064" name="PlaySFX_WhenMuted_DoesNotFireEvent" fullname="EventPlannerSim.Tests.EditMode.AudioManagerTests.PlaySFX_WhenMuted_DoesNotFireEvent" methodname="PlaySFX_WhenMuted_DoesNotFireEvent" classname="EventPlannerSim.Tests.EditMode.AudioManagerTests" runstate="Runnable" seed="908076397" result="Passed" start-time="2026-01-09 07:35:04Z" end-time="2026-01-09 07:35:04Z" duration="0.000067" asserts="0">
                <properties>
                  <property name="retryIteration" value="0" />
                  <property name="repeatIteration" value="0" />
                </properties>
              </test-case>
              <test-case id="1065" name="PlaySFX_WhenPaused_DoesNotFireEvent" fullname="EventPlannerSim.Tests.EditMode.AudioManagerTests.PlaySFX_WhenPaused_DoesNotFireEvent" methodname="PlaySFX_WhenPaused_DoesNotFireEvent" classname="EventPlannerSim.Tests.EditMode.AudioManagerTests" runstate="Runnable" seed="1280256489" result="Passed" start-time="2026-01-09 07:35:04Z" end-time="2026-01-09 07:35:04Z" duration="0.000075" asserts="0">
                <properties>
                  <property name="retryIteration" value="0" />
                  <property name="repeatIteration" value="0" />
                </properties>
              </test-case>
              <test-case id="1080" name="ResumeAudio_FiresOnPauseChangedEvent" fullname="EventPlannerSim.Tests.EditMode.AudioManagerTests.ResumeAudio_FiresOnPauseChangedEvent" methodname="ResumeAudio_FiresOnPauseChangedEvent" classname="EventPlannerSim.Tests.EditMode.AudioManagerTests" runstate="Runnable" seed="24057273" result="Passed" start-time="2026-01-09 07:35:04Z" end-time="2026-01-09 07:35:04Z" duration="0.000123" asserts="0">
                <properties>
                  <property name="retryIteration" value="0" />
                  <property name="repeatIteration" value="0" />
                </properties>
              </test-case>
              <test-case id="1082" name="ResumeAudio_NotPaused_DoesNotFireEvent" fullname="EventPlannerSim.Tests.EditMode.AudioManagerTests.ResumeAudio_NotPaused_DoesNotFireEvent" methodname="ResumeAudio_NotPaused_DoesNotFireEvent" classname="EventPlannerSim.Tests.EditMode.AudioManagerTests" runstate="Runnable" seed="937204161" result="Passed" start-time="2026-01-09 07:35:04Z" end-time="2026-01-09 07:35:04Z" duration="0.000072" asserts="0">
                <properties>
                  <property name="retryIteration" value="0" />
                  <property name="repeatIteration" value="0" />
                </properties>
              </test-case>
              <test-case id="1078" name="ResumeAudio_ResumesPlayback" fullname="EventPlannerSim.Tests.EditMode.AudioManagerTests.ResumeAudio_ResumesPlayback" methodname="ResumeAudio_ResumesPlayback" classname="EventPlannerSim.Tests.EditMode.AudioManagerTests" runstate="Runnable" seed="744843736" result="Passed" start-time="2026-01-09 07:35:04Z" end-time="2026-01-09 07:35:04Z" duration="0.000064" asserts="0">
                <properties>
                  <property name="retryIteration" value="0" />
                  <property name="repeatIteration" value="0" />
                </properties>
              </test-case>
              <test-case id="1069" name="SetMusicVolume_ClampsToValidRange" fullname="EventPlannerSim.Tests.EditMode.AudioManagerTests.SetMusicVolume_ClampsToValidRange" methodname="SetMusicVolume_ClampsToValidRange" classname="EventPlannerSim.Tests.EditMode.AudioManagerTests" runstate="Runnable" seed="1993113294" result="Passed" start-time="2026-01-09 07:35:04Z" end-time="2026-01-09 07:35:04Z" duration="0.000069" asserts="0">
                <properties>
                  <property name="retryIteration" value="0" />
                  <property name="repeatIteration" value="0" />
                </properties>
              </test-case>
              <test-case id="1068" name="SetMusicVolume_SetsVolumeCorrectly" fullname="EventPlannerSim.Tests.EditMode.AudioManagerTests.SetMusicVolume_SetsVolumeCorrectly" methodname="SetMusicVolume_SetsVolumeCorrectly" classname="EventPlannerSim.Tests.EditMode.AudioManagerTests" runstate="Runnable" seed="43482580" result="Passed" start-time="2026-01-09 07:35:04Z" end-time="2026-01-09 07:35:04Z" duration="0.000053" asserts="0">
                <properties>
                  <property name="retryIteration" value="0" />
                  <property name="repeatIteration" value="0" />
                </properties>
              </test-case>
              <test-case id="1074" name="SetMuteAll_False_RestoresPreviousVolumes" fullname="EventPlannerSim.Tests.EditMode.AudioManagerTests.SetMuteAll_False_RestoresPreviousVolumes" methodname="SetMuteAll_False_RestoresPreviousVolumes" classname="EventPlannerSim.Tests.EditMode.AudioManagerTests" runstate="Runnable" seed="361922456" result="Passed" start-time="2026-01-09 07:35:04Z" end-time="2026-01-09 07:35:04Z" duration="0.000073" asserts="0">
                <properties>
                  <property name="retryIteration" value="0" />
                  <property name="repeatIteration" value="0" />
                </properties>
              </test-case>
              <test-case id="1075" name="SetMuteAll_FiresOnMuteChangedEvent" fullname="EventPlannerSim.Tests.EditMode.AudioManagerTests.SetMuteAll_FiresOnMuteChangedEvent" methodname="SetMuteAll_FiresOnMuteChangedEvent" classname="EventPlannerSim.Tests.EditMode.AudioManagerTests" runstate="Runnable" seed="1167140916" result="Passed" start-time="2026-01-09 07:35:04Z" end-time="2026-01-09 07:35:04Z" duration="0.000117" asserts="0">
                <properties>
                  <property name="retryIteration" value="0" />
                  <property name="repeatIteration" value="0" />
                </properties>
              </test-case>
              <test-case id="1076" name="SetMuteAll_SameState_DoesNotFireEvent" fullname="EventPlannerSim.Tests.EditMode.AudioManagerTests.SetMuteAll_SameState_DoesNotFireEvent" methodname="SetMuteAll_SameState_DoesNotFireEvent" classname="EventPlannerSim.Tests.EditMode.AudioManagerTests" runstate="Runnable" seed="1220430528" result="Passed" start-time="2026-01-09 07:35:04Z" end-time="2026-01-09 07:35:04Z" duration="0.000124" asserts="0">
                <properties>
                  <property name="retryIteration" value="0" />
                  <property name="repeatIteration" value="0" />
                </properties>
              </test-case>
              <test-case id="1073" name="SetMuteAll_True_MutesAudio" fullname="EventPlannerSim.Tests.EditMode.AudioManagerTests.SetMuteAll_True_MutesAudio" methodname="SetMuteAll_True_MutesAudio" classname="EventPlannerSim.Tests.EditMode.AudioManagerTests" runstate="Runnable" seed="1364368671" result="Passed" start-time="2026-01-09 07:35:04Z" end-time="2026-01-09 07:35:04Z" duration="0.000075" asserts="0">
                <properties>
                  <property name="retryIteration" value="0" />
                  <property name="repeatIteration" value="0" />
                </properties>
              </test-case>
              <test-case id="1071" name="SetSFXVolume_ClampsToValidRange" fullname="EventPlannerSim.Tests.EditMode.AudioManagerTests.SetSFXVolume_ClampsToValidRange" methodname="SetSFXVolume_ClampsToValidRange" classname="EventPlannerSim.Tests.EditMode.AudioManagerTests" runstate="Runnable" seed="1601319100" result="Passed" start-time="2026-01-09 07:35:04Z" end-time="2026-01-09 07:35:04Z" duration="0.000065" asserts="0">
                <properties>
                  <property name="retryIteration" value="0" />
                  <property name="repeatIteration" value="0" />
                </properties>
              </test-case>
              <test-case id="1070" name="SetSFXVolume_SetsVolumeCorrectly" fullname="EventPlannerSim.Tests.EditMode.AudioManagerTests.SetSFXVolume_SetsVolumeCorrectly" methodname="SetSFXVolume_SetsVolumeCorrectly" classname="EventPlannerSim.Tests.EditMode.AudioManagerTests" runstate="Runnable" seed="2087378944" result="Passed" start-time="2026-01-09 07:35:04Z" end-time="2026-01-09 07:35:04Z" duration="0.000053" asserts="0">
                <properties>
                  <property name="retryIteration" value="0" />
                  <property name="repeatIteration" value="0" />
                </properties>
              </test-case>
              <test-case id="1072" name="SetVolume_FiresOnVolumeChangedEvent" fullname="EventPlannerSim.Tests.EditMode.AudioManagerTests.SetVolume_FiresOnVolumeChangedEvent" methodname="SetVolume_FiresOnVolumeChangedEvent" classname="EventPlannerSim.Tests.EditMode.AudioManagerTests" runstate="Runnable" seed="798328170" result="Passed" start-time="2026-01-09 07:35:04Z" end-time="2026-01-09 07:35:04Z" duration="0.000262" asserts="0">
                <properties>
                  <property name="retryIteration" value="0" />
                  <property name="repeatIteration" value="0" />
                </properties>
              </test-case>
              <test-case id="1061" name="StopMusic_FiresOnMusicChangedWithNull" fullname="EventPlannerSim.Tests.EditMode.AudioManagerTests.StopMusic_FiresOnMusicChangedWithNull" methodname="StopMusic_FiresOnMusicChangedWithNull" classname="EventPlannerSim.Tests.EditMode.AudioManagerTests" runstate="Runnable" seed="423106756" result="Passed" start-time="2026-01-09 07:35:04Z" end-time="2026-01-09 07:35:04Z" duration="0.000160" asserts="0">
                <properties>
                  <property name="retryIteration" value="0" />
                  <property name="repeatIteration" value="0" />
                </properties>
              </test-case>
              <test-case id="1062" name="StopMusic_NoMusicPlaying_DoesNothing" fullname="EventPlannerSim.Tests.EditMode.AudioManagerTests.StopMusic_NoMusicPlaying_DoesNothing" methodname="StopMusic_NoMusicPlaying_DoesNothing" classname="EventPlannerSim.Tests.EditMode.AudioManagerTests" runstate="Runnable" seed="368225419" result="Passed" start-time="2026-01-09 07:35:04Z" end-time="2026-01-09 07:35:04Z" duration="0.000078" asserts="0">
                <properties>
                  <property name="retryIteration" value="0" />
                  <property name="repeatIteration" value="0" />
                </properties>
              </test-case>
              <test-case id="1060" name="StopMusic_StopsCurrentTrack" fullname="EventPlannerSim.Tests.EditMode.AudioManagerTests.StopMusic_StopsCurrentTrack" methodname="StopMusic_StopsCurrentTrack" classname="EventPlannerSim.Tests.EditMode.AudioManagerTests" runstate="Runnable" seed="1725518773" result="Passed" start-time="2026-01-09 07:35:04Z" end-time="2026-01-09 07:35:04Z" duration="0.000070" asserts="0">
                <properties>
                  <property name="retryIteration" value="0" />
                  <property name="repeatIteration" value="0" />
                </properties>
              </test-case>
            </test-suite>
            <test-suite type="TestFixture" id="1089" name="EmergencyFundingPropertyTests" fullname="EventPlannerSim.Tests.EditMode.EmergencyFundingPropertyTests" classname="EventPlannerSim.Tests.EditMode.EmergencyFundingPropertyTests" runstate="Runnable" testcasecount="23" result="Passed" start-time="2026-01-09 07:35:04Z" end-time="2026-01-09 07:35:04Z" duration="0.008630" total="23" passed="23" failed="0" inconclusive="0" skipped="0" asserts="0">
              <properties />
              <test-case id="1112" name="FamilyHelp_FullSequence_WorksCorrectly" fullname="EventPlannerSim.Tests.EditMode.EmergencyFundingPropertyTests.FamilyHelp_FullSequence_WorksCorrectly" methodname="FamilyHelp_FullSequence_WorksCorrectly" classname="EventPlannerSim.Tests.EditMode.EmergencyFundingPropertyTests" runstate="Runnable" seed="1939784942" result="Passed" start-time="2026-01-09 07:35:04Z" end-time="2026-01-09 07:35:04Z" duration="0.000575" asserts="0">
                <properties>
                  <property name="retryIteration" value="0" />
                  <property name="repeatIteration" value="0" />
                </properties>
              </test-case>
              <test-case id="1110" name="FamilyHelpAmounts_StrictlyDecreasing" fullname="EventPlannerSim.Tests.EditMode.EmergencyFundingPropertyTests.FamilyHelpAmounts_StrictlyDecreasing" methodname="FamilyHelpAmounts_StrictlyDecreasing" classname="EventPlannerSim.Tests.EditMode.EmergencyFundingPropertyTests" runstate="Runnable" seed="1104574576" result="Passed" start-time="2026-01-09 07:35:04Z" end-time="2026-01-09 07:35:04Z" duration="0.000900" asserts="0">
                <properties>
                  <property name="retryIteration" value="0" />
                  <property name="repeatIteration" value="0" />
                </properties>
              </test-case>
              <test-case id="1111" name="FamilyHelpAmounts_TotalEquals1200" fullname="EventPlannerSim.Tests.EditMode.EmergencyFundingPropertyTests.FamilyHelpAmounts_TotalEquals1200" methodname="FamilyHelpAmounts_TotalEquals1200" classname="EventPlannerSim.Tests.EditMode.EmergencyFundingPropertyTests" runstate="Runnable" seed="992312232" result="Passed" start-time="2026-01-09 07:35:04Z" end-time="2026-01-09 07:35:04Z" duration="0.000102" asserts="0">
                <properties>
                  <property name="retryIteration" value="0" />
                  <property name="repeatIteration" value="0" />
                </properties>
              </test-case>
              <test-case id="1109" name="FamilyHelpUsed_Invariant_NeverExceedsThree" fullname="EventPlannerSim.Tests.EditMode.EmergencyFundingPropertyTests.FamilyHelpUsed_Invariant_NeverExceedsThree" methodname="FamilyHelpUsed_Invariant_NeverExceedsThree" classname="EventPlannerSim.Tests.EditMode.EmergencyFundingPropertyTests" runstate="Runnable" seed="45591533" result="Passed" start-time="2026-01-09 07:35:04Z" end-time="2026-01-09 07:35:04Z" duration="0.000209" asserts="0">
                <properties>
                  <property name="retryIteration" value="0" />
                  <property name="repeatIteration" value="0" />
                </properties>
              </test-case>
              <test-case id="1093" name="GetFamilyHelpAmount_AfterThreeRequests_ReturnsZero" fullname="EventPlannerSim.Tests.EditMode.EmergencyFundingPropertyTests.GetFamilyHelpAmount_AfterThreeRequests_ReturnsZero" methodname="GetFamilyHelpAmount_AfterThreeRequests_ReturnsZero" classname="EventPlannerSim.Tests.EditMode.EmergencyFundingPropertyTests" runstate="Runnable" seed="55678179" result="Passed" start-time="2026-01-09 07:35:04Z" end-time="2026-01-09 07:35:04Z" duration="0.000279" asserts="0">
                <properties>
                  <property name="retryIteration" value="0" />
                  <property name="repeatIteration" value="0" />
                </properties>
              </test-case>
              <test-case id="1090" name="GetFamilyHelpAmount_FirstRequest_Returns500" fullname="EventPlannerSim.Tests.EditMode.EmergencyFundingPropertyTests.GetFamilyHelpAmount_FirstRequest_Returns500" methodname="GetFamilyHelpAmount_FirstRequest_Returns500" classname="EventPlannerSim.Tests.EditMode.EmergencyFundingPropertyTests" runstate="Runnable" seed="2032625512" result="Passed" start-time="2026-01-09 07:35:04Z" end-time="2026-01-09 07:35:04Z" duration="0.000074" asserts="0">
                <properties>
                  <property name="retryIteration" value="0" />
                  <property name="repeatIteration" value="0" />
                </properties>
              </test-case>
              <test-case id="1091" name="GetFamilyHelpAmount_SecondRequest_Returns400" fullname="EventPlannerSim.Tests.EditMode.EmergencyFundingPropertyTests.GetFamilyHelpAmount_SecondRequest_Returns400" methodname="GetFamilyHelpAmount_SecondRequest_Returns400" classname="EventPlannerSim.Tests.EditMode.EmergencyFundingPropertyTests" runstate="Runnable" seed="2071630017" result="Passed" start-time="2026-01-09 07:35:04Z" end-time="2026-01-09 07:35:04Z" duration="0.000062" asserts="0">
                <properties>
                  <property name="retryIteration" value="0" />
                  <property name="repeatIteration" value="0" />
                </properties>
              </test-case>
              <test-case id="1092" name="GetFamilyHelpAmount_ThirdRequest_Returns300" fullname="EventPlannerSim.Tests.EditMode.EmergencyFundingPropertyTests.GetFamilyHelpAmount_ThirdRequest_Returns300" methodname="GetFamilyHelpAmount_ThirdRequest_Returns300" classname="EventPlannerSim.Tests.EditMode.EmergencyFundingPropertyTests" runstate="Runnable" seed="1781011202" result="Passed" start-time="2026-01-09 07:35:04Z" end-time="2026-01-09 07:35:04Z" duration="0.000064" asserts="0">
                <properties>
                  <property name="retryIteration" value="0" />
                  <property name="repeatIteration" value="0" />
                </properties>
              </test-case>
              <test-case id="1108" name="GetFamilyMessage_ReturnsAppropriateMessages" fullname="EventPlannerSim.Tests.EditMode.EmergencyFundingPropertyTests.GetFamilyMessage_ReturnsAppropriateMessages" methodname="GetFamilyMessage_ReturnsAppropriateMessages" classname="EventPlannerSim.Tests.EditMode.EmergencyFundingPropertyTests" runstate="Runnable" seed="1773302928" result="Passed" start-time="2026-01-09 07:35:04Z" end-time="2026-01-09 07:35:04Z" duration="0.000238" asserts="0">
                <properties>
                  <property name="retryIteration" value="0" />
                  <property name="repeatIteration" value="0" />
                </properties>
              </test-case>
              <test-case id="1102" name="GetRemainingFamilyHelpRequests_NeverNegative" fullname="EventPlannerSim.Tests.EditMode.EmergencyFundingPropertyTests.GetRemainingFamilyHelpRequests_NeverNegative" methodname="GetRemainingFamilyHelpRequests_NeverNegative" classname="EventPlannerSim.Tests.EditMode.EmergencyFundingPropertyTests" runstate="Runnable" seed="466963712" result="Passed" start-time="2026-01-09 07:35:04Z" end-time="2026-01-09 07:35:04Z" duration="0.001734" asserts="0">
                <properties>
                  <property name="retryIteration" value="0" />
                  <property name="repeatIteration" value="0" />
                </properties>
              </test-case>
              <test-case id="1101" name="GetRemainingFamilyHelpRequests_ReturnsCorrectCount" fullname="EventPlannerSim.Tests.EditMode.EmergencyFundingPropertyTests.GetRemainingFamilyHelpRequests_ReturnsCorrectCount" methodname="GetRemainingFamilyHelpRequests_ReturnsCorrectCount" classname="EventPlannerSim.Tests.EditMode.EmergencyFundingPropertyTests" runstate="Runnable" seed="568859026" result="Passed" start-time="2026-01-09 07:35:04Z" end-time="2026-01-09 07:35:04Z" duration="0.000133" asserts="0">
                <properties>
                  <property name="retryIteration" value="0" />
                  <property name="repeatIteration" value="0" />
                </properties>
              </test-case>
              <test-case id="1097" name="IsFamilyHelpAvailable_AfterThreeRequests_ReturnsFalse" fullname="EventPlannerSim.Tests.EditMode.EmergencyFundingPropertyTests.IsFamilyHelpAvailable_AfterThreeRequests_ReturnsFalse" methodname="IsFamilyHelpAvailable_AfterThreeRequests_ReturnsFalse" classname="EventPlannerSim.Tests.EditMode.EmergencyFundingPropertyTests" runstate="Runnable" seed="1485937690" result="Passed" start-time="2026-01-09 07:35:04Z" end-time="2026-01-09 07:35:04Z" duration="0.000394" asserts="0">
                <properties>
                  <property name="retryIteration" value="0" />
                  <property name="repeatIteration" value="0" />
                </properties>
              </test-case>
              <test-case id="1094" name="IsFamilyHelpAvailable_Stage1_ReturnsTrue" fullname="EventPlannerSim.Tests.EditMode.EmergencyFundingPropertyTests.IsFamilyHelpAvailable_Stage1_ReturnsTrue" methodname="IsFamilyHelpAvailable_Stage1_ReturnsTrue" classname="EventPlannerSim.Tests.EditMode.EmergencyFundingPropertyTests" runstate="Runnable" seed="1137206935" result="Passed" start-time="2026-01-09 07:35:04Z" end-time="2026-01-09 07:35:04Z" duration="0.000085" asserts="0">
                <properties>
                  <property name="retryIteration" value="0" />
                  <property name="repeatIteration" value="0" />
                </properties>
              </test-case>
              <test-case id="1095" name="IsFamilyHelpAvailable_Stage2_ReturnsTrue" fullname="EventPlannerSim.Tests.EditMode.EmergencyFundingPropertyTests.IsFamilyHelpAvailable_Stage2_ReturnsTrue" methodname="IsFamilyHelpAvailable_Stage2_ReturnsTrue" classname="EventPlannerSim.Tests.EditMode.EmergencyFundingPropertyTests" runstate="Runnable" seed="2059505022" result="Passed" start-time="2026-01-09 07:35:04Z" end-time="2026-01-09 07:35:04Z" duration="0.000129" asserts="0">
                <properties>
                  <property name="retryIteration" value="0" />
                  <property name="repeatIteration" value="0" />
                </properties>
              </test-case>
              <test-case id="1096" name="IsFamilyHelpAvailable_Stage3Plus_ReturnsFalse" fullname="EventPlannerSim.Tests.EditMode.EmergencyFundingPropertyTests.IsFamilyHelpAvailable_Stage3Plus_ReturnsFalse" methodname="IsFamilyHelpAvailable_Stage3Plus_ReturnsFalse" classname="EventPlannerSim.Tests.EditMode.EmergencyFundingPropertyTests" runstate="Runnable" seed="1138605441" result="Passed" start-time="2026-01-09 07:35:04Z" end-time="2026-01-09 07:35:04Z" duration="0.000152" asserts="0">
                <properties>
                  <property name="retryIteration" value="0" />
                  <property name="repeatIteration" value="0" />
                </properties>
              </test-case>
              <test-case id="1099" name="IsLowOnFunds_AtOrAboveThreshold_ReturnsFalse" fullname="EventPlannerSim.Tests.EditMode.EmergencyFundingPropertyTests.IsLowOnFunds_AtOrAboveThreshold_ReturnsFalse" methodname="IsLowOnFunds_AtOrAboveThreshold_ReturnsFalse" classname="EventPlannerSim.Tests.EditMode.EmergencyFundingPropertyTests" runstate="Runnable" seed="1555748100" result="Passed" start-time="2026-01-09 07:35:04Z" end-time="2026-01-09 07:35:04Z" duration="0.000281" asserts="0">
                <properties>
                  <property name="retryIteration" value="0" />
                  <property name="repeatIteration" value="0" />
                </properties>
              </test-case>
              <test-case id="1098" name="IsLowOnFunds_BelowThreshold_ReturnsTrue" fullname="EventPlannerSim.Tests.EditMode.EmergencyFundingPropertyTests.IsLowOnFunds_BelowThreshold_ReturnsTrue" methodname="IsLowOnFunds_BelowThreshold_ReturnsTrue" classname="EventPlannerSim.Tests.EditMode.EmergencyFundingPropertyTests" runstate="Runnable" seed="736894407" result="Passed" start-time="2026-01-09 07:35:04Z" end-time="2026-01-09 07:35:04Z" duration="0.000238" asserts="0">
                <properties>
                  <property name="retryIteration" value="0" />
                  <property name="repeatIteration" value="0" />
                </properties>
              </test-case>
              <test-case id="1100" name="IsLowOnFunds_BoundaryValues" fullname="EventPlannerSim.Tests.EditMode.EmergencyFundingPropertyTests.IsLowOnFunds_BoundaryValues" methodname="IsLowOnFunds_BoundaryValues" classname="EventPlannerSim.Tests.EditMode.EmergencyFundingPropertyTests" runstate="Runnable" seed="1986421432" result="Passed" start-time="2026-01-09 07:35:04Z" end-time="2026-01-09 07:35:04Z" duration="0.000105" asserts="0">
                <properties>
                  <property name="retryIteration" value="0" />
                  <property name="repeatIteration" value="0" />
                </properties>
              </test-case>
              <test-case id="1106" name="RequestFamilyHelp_Exhausted_ReturnsFailed" fullname="EventPlannerSim.Tests.EditMode.EmergencyFundingPropertyTests.RequestFamilyHelp_Exhausted_ReturnsFailed" methodname="RequestFamilyHelp_Exhausted_ReturnsFailed" classname="EventPlannerSim.Tests.EditMode.EmergencyFundingPropertyTests" runstate="Runnable" seed="277988500" result="Passed" start-time="2026-01-09 07:35:04Z" end-time="2026-01-09 07:35:04Z" duration="0.000139" asserts="0">
                <properties>
                  <property name="retryIteration" value="0" />
                  <property name="repeatIteration" value="0" />
                </properties>
              </test-case>
              <test-case id="1103" name="RequestFamilyHelp_FirstRequest_ReturnsCorrectResult" fullname="EventPlannerSim.Tests.EditMode.EmergencyFundingPropertyTests.RequestFamilyHelp_FirstRequest_ReturnsCorrectResult" methodname="RequestFamilyHelp_FirstRequest_ReturnsCorrectResult" classname="EventPlannerSim.Tests.EditMode.EmergencyFundingPropertyTests" runstate="Runnable" seed="791333432" result="Passed" start-time="2026-01-09 07:35:04Z" end-time="2026-01-09 07:35:04Z" duration="0.000143" asserts="0">
                <properties>
                  <property name="retryIteration" value="0" />
                  <property name="repeatIteration" value="0" />
                </properties>
              </test-case>
              <test-case id="1104" name="RequestFamilyHelp_SecondRequest_ReturnsCorrectResult" fullname="EventPlannerSim.Tests.EditMode.EmergencyFundingPropertyTests.RequestFamilyHelp_SecondRequest_ReturnsCorrectResult" methodname="RequestFamilyHelp_SecondRequest_ReturnsCorrectResult" classname="EventPlannerSim.Tests.EditMode.EmergencyFundingPropertyTests" runstate="Runnable" seed="745633484" result="Passed" start-time="2026-01-09 07:35:04Z" end-time="2026-01-09 07:35:04Z" duration="0.000121" asserts="0">
                <properties>
                  <property name="retryIteration" value="0" />
                  <property name="repeatIteration" value="0" />
                </properties>
              </test-case>
              <test-case id="1107" name="RequestFamilyHelp_Stage3Plus_ReturnsFailed" fullname="EventPlannerSim.Tests.EditMode.EmergencyFundingPropertyTests.RequestFamilyHelp_Stage3Plus_ReturnsFailed" methodname="RequestFamilyHelp_Stage3Plus_ReturnsFailed" classname="EventPlannerSim.Tests.EditMode.EmergencyFundingPropertyTests" runstate="Runnable" seed="2056779530" result="Passed" start-time="2026-01-09 07:35:04Z" end-time="2026-01-09 07:35:04Z" duration="0.000156" asserts="0">
                <properties>
                  <property name="retryIteration" value="0" />
                  <property name="repeatIteration" value="0" />
                </properties>
              </test-case>
              <test-case id="1105" name="RequestFamilyHelp_ThirdRequest_ReturnsCorrectResult" fullname="EventPlannerSim.Tests.EditMode.EmergencyFundingPropertyTests.RequestFamilyHelp_ThirdRequest_ReturnsCorrectResult" methodname="RequestFamilyHelp_ThirdRequest_ReturnsCorrectResult" classname="EventPlannerSim.Tests.EditMode.EmergencyFundingPropertyTests" runstate="Runnable" seed="427616233" result="Passed" start-time="2026-01-09 07:35:04Z" end-time="2026-01-09 07:35:04Z" duration="0.000116" asserts="0">
                <properties>
                  <property name="retryIteration" value="0" />
                  <property name="repeatIteration" value="0" />
                </properties>
              </test-case>
            </test-suite>
            <test-suite type="TestFixture" id="1113" name="EventBudgetPropertyTests" fullname="EventPlannerSim.Tests.EditMode.EventBudgetPropertyTests" classname="EventPlannerSim.Tests.EditMode.EventBudgetPropertyTests" runstate="Runnable" testcasecount="6" result="Passed" start-time="2026-01-09 07:35:04Z" end-time="2026-01-09 07:35:04Z" duration="0.003469" total="6" passed="6" failed="0" inconclusive="0" skipped="0" asserts="0">
              <properties />
              <test-case id="1115" name="EventBudget_OverageAmount_EqualsMax_ZeroOrOverspend" fullname="EventPlannerSim.Tests.EditMode.EventBudgetPropertyTests.EventBudget_OverageAmount_EqualsMax_ZeroOrOverspend" methodname="EventBudget_OverageAmount_EqualsMax_ZeroOrOverspend" classname="EventPlannerSim.Tests.EditMode.EventBudgetPropertyTests" runstate="Runnable" seed="529193526" result="Passed" start-time="2026-01-09 07:35:04Z" end-time="2026-01-09 07:35:04Z" duration="0.000518" asserts="0">
                <properties>
                  <property name="retryIteration" value="0" />
                  <property name="repeatIteration" value="0" />
                </properties>
              </test-case>
              <test-case id="1118" name="EventBudget_OverageAmount_IsNeverNegative" fullname="EventPlannerSim.Tests.EditMode.EventBudgetPropertyTests.EventBudget_OverageAmount_IsNeverNegative" methodname="EventBudget_OverageAmount_IsNeverNegative" classname="EventPlannerSim.Tests.EditMode.EventBudgetPropertyTests" runstate="Runnable" seed="272754353" result="Passed" start-time="2026-01-09 07:35:04Z" end-time="2026-01-09 07:35:04Z" duration="0.000369" asserts="0">
                <properties>
                  <property name="retryIteration" value="0" />
                  <property name="repeatIteration" value="0" />
                </properties>
              </test-case>
              <test-case id="1116" name="EventBudget_OveragePercent_CalculatesCorrectly" fullname="EventPlannerSim.Tests.EditMode.EventBudgetPropertyTests.EventBudget_OveragePercent_CalculatesCorrectly" methodname="EventBudget_OveragePercent_CalculatesCorrectly" classname="EventPlannerSim.Tests.EditMode.EventBudgetPropertyTests" runstate="Runnable" seed="2013548534" result="Passed" start-time="2026-01-09 07:35:04Z" end-time="2026-01-09 07:35:04Z" duration="0.000455" asserts="0">
                <properties>
                  <property name="retryIteration" value="0" />
                  <property name="repeatIteration" value="0" />
                </properties>
              </test-case>
[...]
            <test-suite type="TestFixture" id="1445" name="VendorRelationshipPropertyTests" fullname="EventPlannerSim.Tests.EditMode.VendorRelationshipPropertyTests" classname="EventPlannerSim.Tests.EditMode.VendorRelationshipPropertyTests" runstate="Runnable" testcasecount="7" result="Passed" start-time="2026-01-09 07:35:04Z" end-time="2026-01-09 07:35:04Z" duration="0.005731" total="7" passed="7" failed="0" inconclusive="0" skipped="0" asserts="0">
              <properties />
              <test-case id="1447" name="VendorRelationship_DiscountPercent_CalculatesCorrectly" fullname="EventPlannerSim.Tests.EditMode.VendorRelationshipPropertyTests.VendorRelationship_DiscountPercent_CalculatesCorrectly" methodname="VendorRelationship_DiscountPercent_CalculatesCorrectly" classname="EventPlannerSim.Tests.EditMode.VendorRelationshipPropertyTests" runstate="Runnable" seed="35828681" result="Passed" start-time="2026-01-09 07:35:04Z" end-time="2026-01-09 07:35:04Z" duration="0.002191" asserts="0">
                <properties>
                  <property name="retryIteration" value="0" />
                  <property name="repeatIteration" value="0" />
                </properties>
              </test-case>
              <test-case id="1452" name="VendorRelationship_DiscountPercent_IsBounded" fullname="EventPlannerSim.Tests.EditMode.VendorRelationshipPropertyTests.VendorRelationship_DiscountPercent_IsBounded" methodname="VendorRelationship_DiscountPercent_IsBounded" classname="EventPlannerSim.Tests.EditMode.VendorRelationshipPropertyTests" runstate="Runnable" seed="1177465238" result="Passed" start-time="2026-01-09 07:35:04Z" end-time="2026-01-09 07:35:04Z" duration="0.000491" asserts="0">
                <properties>
                  <property name="retryIteration" value="0" />
                  <property name="repeatIteration" value="0" />
                </properties>
              </test-case>
              <test-case id="1451" name="VendorRelationship_FlexibilityRevealed_AtLevel5" fullname="EventPlannerSim.Tests.EditMode.VendorRelationshipPropertyTests.VendorRelationship_FlexibilityRevealed_AtLevel5" methodname="VendorRelationship_FlexibilityRevealed_AtLevel5" classname="EventPlannerSim.Tests.EditMode.VendorRelationshipPropertyTests" runstate="Runnable" seed="1742595765" result="Passed" start-time="2026-01-09 07:35:04Z" end-time="2026-01-09 07:35:04Z" duration="0.000246" asserts="0">
                <properties>
                  <property name="retryIteration" value="0" />
                  <property name="repeatIteration" value="0" />
                </properties>
              </test-case>
              <test-case id="1449" name="VendorRelationship_Level_MonotonicallyIncreases" fullname="EventPlannerSim.Tests.EditMode.VendorRelationshipPropertyTests.VendorRelationship_Level_MonotonicallyIncreases" methodname="VendorRelationship_Level_MonotonicallyIncreases" classname="EventPlannerSim.Tests.EditMode.VendorRelationshipPropertyTests" runstate="Runnable" seed="1697772301" result="Passed" start-time="2026-01-09 07:35:04Z" end-time="2026-01-09 07:35:04Z" duration="0.001068" asserts="0">
                <properties>
                  <property name="retryIteration" value="0" />
                  <property name="repeatIteration" value="0" />
                </properties>
              </test-case>
              <test-case id="1448" name="VendorRelationship_RecordHire_IncrementsTimesHired" fullname="EventPlannerSim.Tests.EditMode.VendorRelationshipPropertyTests.VendorRelationship_RecordHire_IncrementsTimesHired" methodname="VendorRelationship_RecordHire_IncrementsTimesHired" classname="EventPlannerSim.Tests.EditMode.VendorRelationshipPropertyTests" runstate="Runnable" seed="558859416" result="Passed" start-time="2026-01-09 07:35:04Z" end-time="2026-01-09 07:35:04Z" duration="0.000257" asserts="0">
                <properties>
                  <property name="retryIteration" value="0" />
                  <property name="repeatIteration" value="0" />
                </properties>
              </test-case>
              <test-case id="1446" name="VendorRelationship_RelationshipLevel_CalculatesCorrectly" fullname="EventPlannerSim.Tests.EditMode.VendorRelationshipPropertyTests.VendorRelationship_RelationshipLevel_CalculatesCorrectly" methodname="VendorRelationship_RelationshipLevel_CalculatesCorrectly" classname="EventPlannerSim.Tests.EditMode.VendorRelationshipPropertyTests" runstate="Runnable" seed="386244105" result="Passed" start-time="2026-01-09 07:35:04Z" end-time="2026-01-09 07:35:04Z" duration="0.000264" asserts="0">
                <properties>
                  <property name="retryIteration" value="0" />
                  <property name="repeatIteration" value="0" />
                </properties>
              </test-case>
              <test-case id="1450" name="VendorRelationship_ReliabilityRevealed_AtLevel3" fullname="EventPlannerSim.Tests.EditMode.VendorRelationshipPropertyTests.VendorRelationship_ReliabilityRevealed_AtLevel3" methodname="VendorRelationship_ReliabilityRevealed_AtLevel3" classname="EventPlannerSim.Tests.EditMode.VendorRelationshipPropertyTests" runstate="Runnable" seed="1014044472" result="Passed" start-time="2026-01-09 07:35:04Z" end-time="2026-01-09 07:35:04Z" duration="0.000183" asserts="0">
                <properties>
                  <property name="retryIteration" value="0" />
                  <property name="repeatIteration" value="0" />
                </properties>
              </test-case>
            </test-suite>
            <test-suite type="TestFixture" id="1453" name="WeatherSystemPropertyTests" fullname="EventPlannerSim.Tests.EditMode.WeatherSystemPropertyTests" classname="EventPlannerSim.Tests.EditMode.WeatherSystemPropertyTests" runstate="Runnable" testcasecount="11" result="Passed" start-time="2026-01-09 07:35:04Z" end-time="2026-01-09 07:35:04Z" duration="0.035918" total="11" passed="11" failed="0" inconclusive="0" skipped="0" asserts="0">
              <properties />
              <test-case id="1454" name="WeatherForecast_CalculateAccuracy_ReturnsCorrectAccuracyByDaysOut" fullname="EventPlannerSim.Tests.EditMode.WeatherSystemPropertyTests.WeatherForecast_CalculateAccuracy_ReturnsCorrectAccuracyByDaysOut" methodname="WeatherForecast_CalculateAccuracy_ReturnsCorrectAccuracyByDaysOut" classname="EventPlannerSim.Tests.EditMode.WeatherSystemPropertyTests" runstate="Runnable" seed="2075159970" result="Passed" start-time="2026-01-09 07:35:04Z" end-time="2026-01-09 07:35:04Z" duration="0.000463" asserts="0">
                <properties>
                  <property name="retryIteration" value="0" />
                  <property name="repeatIteration" value="0" />
                </properties>
              </test-case>
              <test-case id="1459" name="WeatherForecast_GetSimplifiedRisk_ReturnsCorrectRiskLevel" fullname="EventPlannerSim.Tests.EditMode.WeatherSystemPropertyTests.WeatherForecast_GetSimplifiedRisk_ReturnsCorrectRiskLevel" methodname="WeatherForecast_GetSimplifiedRisk_ReturnsCorrectRiskLevel" classname="EventPlannerSim.Tests.EditMode.WeatherSystemPropertyTests" runstate="Runnable" seed="1645342103" result="Passed" start-time="2026-01-09 07:35:04Z" end-time="2026-01-09 07:35:04Z" duration="0.000388" asserts="0">
                <properties>
                  <property name="retryIteration" value="0" />
                  <property name="repeatIteration" value="0" />
                </properties>
              </test-case>
              <test-case id="1462" name="WeatherSystem_AdvanceDay_MaintainsSevenForecasts" fullname="EventPlannerSim.Tests.EditMode.WeatherSystemPropertyTests.WeatherSystem_AdvanceDay_MaintainsSevenForecasts" methodname="WeatherSystem_AdvanceDay_MaintainsSevenForecasts" classname="EventPlannerSim.Tests.EditMode.WeatherSystemPropertyTests" runstate="Runnable" seed="2070857793" result="Passed" start-time="2026-01-09 07:35:04Z" end-time="2026-01-09 07:35:04Z" duration="0.007910" asserts="0">
                <properties>
                  <property name="retryIteration" value="0" />
                  <property name="repeatIteration" value="0" />
                </properties>
              </test-case>
              <test-case id="1458" name="WeatherSystem_CurrentDayForecast_HasActualWeatherRevealed" fullname="EventPlannerSim.Tests.EditMode.WeatherSystemPropertyTests.WeatherSystem_CurrentDayForecast_HasActualWeatherRevealed" methodname="WeatherSystem_CurrentDayForecast_HasActualWeatherRevealed" classname="EventPlannerSim.Tests.EditMode.WeatherSystemPropertyTests" runstate="Runnable" seed="187434410" result="Passed" start-time="2026-01-09 07:35:04Z" end-time="2026-01-09 07:35:04Z" duration="0.001181" asserts="0">
                <properties>
                  <property name="retryIteration" value="0" />
                  <property name="repeatIteration" value="0" />
                </properties>
              </test-case>
              <test-case id="1457" name="WeatherSystem_ForecastAccuracy_MatchesDaysOut" fullname="EventPlannerSim.Tests.EditMode.WeatherSystemPropertyTests.WeatherSystem_ForecastAccuracy_MatchesDaysOut" methodname="WeatherSystem_ForecastAccuracy_MatchesDaysOut" classname="EventPlannerSim.Tests.EditMode.WeatherSystemPropertyTests" runstate="Runnable" seed="1833311243" result="Passed" start-time="2026-01-09 07:35:04Z" end-time="2026-01-09 07:35:04Z" duration="0.002298" asserts="0">
                <properties>
                  <property name="retryIteration" value="0" />
                  <property name="repeatIteration" value="0" />
                </properties>
              </test-case>
              <test-case id="1463" name="WeatherSystem_GeneratedForecasts_HaveValidWeatherTypes" fullname="EventPlannerSim.Tests.EditMode.WeatherSystemPropertyTests.WeatherSystem_GeneratedForecasts_HaveValidWeatherTypes" methodname="WeatherSystem_GeneratedForecasts_HaveValidWeatherTypes" classname="EventPlannerSim.Tests.EditMode.WeatherSystemPropertyTests" runstate="Runnable" seed="1979252919" result="Passed" start-time="2026-01-09 07:35:04Z" end-time="2026-01-09 07:35:04Z" duration="0.004916" asserts="0">
                <properties>
                  <property name="retryIteration" value="0" />
                  <property name="repeatIteration" value="0" />
                </properties>
              </test-case>
              <test-case id="1456" name="WeatherSystem_GetForecast_CoversConsecutiveDays" fullname="EventPlannerSim.Tests.EditMode.WeatherSystemPropertyTests.WeatherSystem_GetForecast_CoversConsecutiveDays" methodname="WeatherSystem_GetForecast_CoversConsecutiveDays" classname="EventPlannerSim.Tests.EditMode.WeatherSystemPropertyTests" runstate="Runnable" seed="2073476455" result="Passed" start-time="2026-01-09 07:35:04Z" end-time="2026-01-09 07:35:04Z" duration="0.003997" asserts="0">
                <properties>
                  <property name="retryIteration" value="0" />
                  <property name="repeatIteration" value="0" />
                </properties>
              </test-case>
              <test-case id="1455" name="WeatherSystem_GetForecast_Returns7DayForecast" fullname="EventPlannerSim.Tests.EditMode.WeatherSystemPropertyTests.WeatherSystem_GetForecast_Returns7DayForecast" methodname="WeatherSystem_GetForecast_Returns7DayForecast" classname="EventPlannerSim.Tests.EditMode.WeatherSystemPropertyTests" runstate="Runnable" seed="1504618499" result="Passed" start-time="2026-01-09 07:35:04Z" end-time="2026-01-09 07:35:04Z" duration="0.000765" asserts="0">
                <properties>
                  <property name="retryIteration" value="0" />
                  <property name="repeatIteration" value="0" />
                </properties>
              </test-case>
              <test-case id="1464" name="WeatherSystem_SeasonalPatterns_AreDistinct" fullname="EventPlannerSim.Tests.EditMode.WeatherSystemPropertyTests.WeatherSystem_SeasonalPatterns_AreDistinct" methodname="WeatherSystem_SeasonalPatterns_AreDistinct" classname="EventPlannerSim.Tests.EditMode.WeatherSystemPropertyTests" runstate="Runnable" seed="1858323801" result="Passed" start-time="2026-01-09 07:35:04Z" end-time="2026-01-09 07:35:04Z" duration="0.010397" asserts="0">
                <properties>
                  <property name="retryIteration" value="0" />
                  <property name="repeatIteration" value="0" />
                </properties>
              </test-case>
              <test-case id="1460" name="WeatherSystem_Stage1_AlwaysShows100PercentAccuracy" fullname="EventPlannerSim.Tests.EditMode.WeatherSystemPropertyTests.WeatherSystem_Stage1_AlwaysShows100PercentAccuracy" methodname="WeatherSystem_Stage1_AlwaysShows100PercentAccuracy" classname="EventPlannerSim.Tests.EditMode.WeatherSystemPropertyTests" runstate="Runnable" seed="304408827" result="Passed" start-time="2026-01-09 07:35:04Z" end-time="2026-01-09 07:35:04Z" duration="0.001240" asserts="0">
                <properties>
                  <property name="retryIteration" value="0" />
                  <property name="repeatIteration" value="0" />
                </properties>
              </test-case>
              <test-case id="1461" name="WeatherSystem_Stage2Plus_ShowsVariableAccuracy" fullname="EventPlannerSim.Tests.EditMode.WeatherSystemPropertyTests.WeatherSystem_Stage2Plus_ShowsVariableAccuracy" methodname="WeatherSystem_Stage2Plus_ShowsVariableAccuracy" classname="EventPlannerSim.Tests.EditMode.WeatherSystemPropertyTests" runstate="Runnable" seed="963511275" result="Passed" start-time="2026-01-09 07:35:04Z" end-time="2026-01-09 07:35:04Z" duration="0.000901" asserts="0">
                <properties>
                  <property name="retryIteration" value="0" />
                  <property name="repeatIteration" value="0" />
                </properties>
              </test-case>
            </test-suite>
            <test-suite type="TestFixture" id="1465" name="WorkHoursPropertyTests" fullname="EventPlannerSim.Tests.EditMode.WorkHoursPropertyTests" classname="EventPlannerSim.Tests.EditMode.WorkHoursPropertyTests" runstate="Runnable" testcasecount="8" result="Passed" start-time="2026-01-09 07:35:04Z" end-time="2026-01-09 07:35:04Z" duration="0.006196" total="8" passed="8" failed="0" inconclusive="0" skipped="0" asserts="0">
              <properties />
              <test-case id="1472" name="WorkHours_AddOvertime_FailsAfterTwo" fullname="EventPlannerSim.Tests.EditMode.WorkHoursPropertyTests.WorkHours_AddOvertime_FailsAfterTwo" methodname="WorkHours_AddOvertime_FailsAfterTwo" classname="EventPlannerSim.Tests.EditMode.WorkHoursPropertyTests" runstate="Runnable" seed="1974666636" result="Passed" start-time="2026-01-09 07:35:04Z" end-time="2026-01-09 07:35:04Z" duration="0.000498" asserts="0">
                <properties>
                  <property name="retryIteration" value="0" />
                  <property name="repeatIteration" value="0" />
                </properties>
              </test-case>
              <test-case id="1471" name="WorkHours_AddOvertime_Grants4Hours" fullname="EventPlannerSim.Tests.EditMode.WorkHoursPropertyTests.WorkHours_AddOvertime_Grants4Hours" methodname="WorkHours_AddOvertime_Grants4Hours" classname="EventPlannerSim.Tests.EditMode.WorkHoursPropertyTests" runstate="Runnable" seed="260216227" result="Passed" start-time="2026-01-09 07:35:04Z" end-time="2026-01-09 07:35:04Z" duration="0.000286" asserts="0">
                <properties>
                  <property name="retryIteration" value="0" />
                  <property name="repeatIteration" value="0" />
                </properties>
              </test-case>
              <test-case id="1468" name="WorkHours_CanUseOvertime_LimitedToTwo" fullname="EventPlannerSim.Tests.EditMode.WorkHoursPropertyTests.WorkHours_CanUseOvertime_LimitedToTwo" methodname="WorkHours_CanUseOvertime_LimitedToTwo" classname="EventPlannerSim.Tests.EditMode.WorkHoursPropertyTests" runstate="Runnable" seed="1409637980" result="Passed" start-time="2026-01-09 07:35:04Z" end-time="2026-01-09 07:35:04Z" duration="0.000644" asserts="0">
                <properties>
                  <property name="retryIteration" value="0" />
                  <property name="repeatIteration" value="0" />
                </properties>
              </test-case>
              <test-case id="1466" name="WorkHours_RemainingHours_CalculatesCorrectly" fullname="EventPlannerSim.Tests.EditMode.WorkHoursPropertyTests.WorkHours_RemainingHours_CalculatesCorrectly" methodname="WorkHours_RemainingHours_CalculatesCorrectly" classname="EventPlannerSim.Tests.EditMode.WorkHoursPropertyTests" runstate="Runnable" seed="1133107946" result="Passed" start-time="2026-01-09 07:35:04Z" end-time="2026-01-09 07:35:04Z" duration="0.000350" asserts="0">
                <properties>
                  <property name="retryIteration" value="0" />
                  <property name="repeatIteration" value="0" />
                </properties>
              </test-case>
              <test-case id="1467" name="WorkHours_ResetDaily_ClearsAllUsage" fullname="EventPlannerSim.Tests.EditMode.WorkHoursPropertyTests.WorkHours_ResetDaily_ClearsAllUsage" methodname="WorkHours_ResetDaily_ClearsAllUsage" classname="EventPlannerSim.Tests.EditMode.WorkHoursPropertyTests" runstate="Runnable" seed="1744045666" result="Passed" start-time="2026-01-09 07:35:04Z" end-time="2026-01-09 07:35:04Z" duration="0.000408" asserts="0">
                <properties>
                  <property name="retryIteration" value="0" />
                  <property name="repeatIteration" value="0" />
                </properties>
              </test-case>
              <test-case id="1473" name="WorkHours_TotalAvailableHours_CalculatesCorrectly" fullname="EventPlannerSim.Tests.EditMode.WorkHoursPropertyTests.WorkHours_TotalAvailableHours_CalculatesCorrectly" methodname="WorkHours_TotalAvailableHours_CalculatesCorrectly" classname="EventPlannerSim.Tests.EditMode.WorkHoursPropertyTests" runstate="Runnable" seed="1476517643" result="Passed" start-time="2026-01-09 07:35:04Z" end-time="2026-01-09 07:35:04Z" duration="0.000238" asserts="0">
                <properties>
                  <property name="retryIteration" value="0" />
                  <property name="repeatIteration" value="0" />
                </properties>
              </test-case>
              <test-case id="1469" name="WorkHours_UseHours_DeductsCorrectly" fullname="EventPlannerSim.Tests.EditMode.WorkHoursPropertyTests.WorkHours_UseHours_DeductsCorrectly" methodname="WorkHours_UseHours_DeductsCorrectly" classname="EventPlannerSim.Tests.EditMode.WorkHoursPropertyTests" runstate="Runnable" seed="1631512530" result="Passed" start-time="2026-01-09 07:35:04Z" end-time="2026-01-09 07:35:04Z" duration="0.002183" asserts="0">
                <properties>
                  <property name="retryIteration" value="0" />
                  <property name="repeatIteration" value="0" />
                </properties>
              </test-case>
              <test-case id="1470" name="WorkHours_UseHours_FailsWhenInsufficient" fullname="EventPlannerSim.Tests.EditMode.WorkHoursPropertyTests.WorkHours_UseHours_FailsWhenInsufficient" methodname="WorkHours_UseHours_FailsWhenInsufficient" classname="EventPlannerSim.Tests.EditMode.WorkHoursPropertyTests" runstate="Runnable" seed="601533790" result="Passed" start-time="2026-01-09 07:35:04Z" end-time="2026-01-09 07:35:04Z" duration="0.000336" asserts="0">
                <properties>
                  <property name="retryIteration" value="0" />
                  <property name="repeatIteration" value="0" />
                </properties>
                <output><![CDATA[Saving results to: ./unity_app/unity_test_results/checkpoint27_results.xml
]]></output>
              </test-case>
            </test-suite>
          </test-suite>
        </test-suite>
      </test-suite>
    </test-suite>
  </test-suite>
</test-run>