<?xml version="1.0" encoding="utf-8"?>
<test-run id="2" testcasecount="19" result="Passed" total="19" passed="19" failed="0" inconclusive="0" skipped="0" asserts="0" engine-version="3.5.0.0" clr-version="4.0.30319.42000" start-time="2026-01-09 08:25:16Z" end-time="2026-01-09 08:25:16Z" duration="0.0567234">
  <test-suite type="TestSuite" id="1000" name="EventPlannerSim" fullname="EventPlannerSim" runstate="Runnable" testcasecount="577" result="Passed" start-time="2026-01-09 08:25:16Z" end-time="2026-01-09 08:25:16Z" duration="0.056723" total="19" passed="19" failed="0" inconclusive="0" skipped="0" asserts="0">
    <properties>
      <property name="platform" value="EditMode" />
    </properties>
    <test-suite type="Assembly" id="1605" name="EventPlannerSim.Tests.EditMode.dll" fullname="/Users/d/github/events_app/unity_app/Library/ScriptAssemblies/EventPlannerSim.Tests.EditMode.dll" runstate="Runnable" testcasecount="577" result="Passed" start-time="2026-01-09 08:25:16Z" end-time="2026-01-09 08:25:16Z" duration="0.047585" total="19" passed="19" failed="0" inconclusive="0" skipped="0" asserts="0">
      <properties>
        <property name="_PID" value="72443" />
        <property name="_APPDOMAIN" value="Unity Child Domain" />
        <property name="platform" value="EditMode" />
        <property name="EditorOnly" value="True" />
      </properties>
      <test-suite type="TestSuite" id="1606" name="EventPlannerSim" fullname="EventPlannerSim" runstate="Runnable" testcasecount="577" result="Passed" start-time="2026-01-09 08:25:16Z" end-time="2026-01-09 08:25:16Z" duration="0.045429" total="19" passed="19" failed="0" inconclusive="0" skipped="0" asserts="0">
        <properties />
        <test-suite type="TestSuite" id="1607" name="Tests" fullname="EventPlannerSim.Tests" runstate="Runnable" testcasecount="577" result="Passed" start-time="2026-01-09 08:25:16Z" end-time="2026-01-09 08:25:16Z" duration="0.040801" total="19" passed="19" failed="0" inconclusive="0" skipped="0" asserts="0">
          <properties />
          <test-suite type="TestSuite" id="1608" name="EditMode" fullname="EventPlannerSim.Tests.EditMode" runstate="Runnable" testcasecount="577" result="Passed" start-time="2026-01-09 08:25:16Z" end-time="2026-01-09 08:25:16Z" duration="0.038759" total="19" passed="19" failed="0" inconclusive="0" skipped="0" asserts="0">
            <properties />
            <test-suite type="TestFixture" id="1369" name="ProgressionSystemDefensiveTests" fullname="EventPlannerSim.Tests.EditMode.ProgressionSystemDefensiveTests" classname="EventPlannerSim.Tests.EditMode.ProgressionSystemDefensiveTests" runstate="Runnable" testcasecount="19" result="Passed" start-time="2026-01-09 08:25:16Z" end-time="2026-01-09 08:25:16Z" duration="0.030208" total="19" passed="19" failed="0" inconclusive="0" skipped="0" asserts="0">
              <properties />
              <test-case id="1372" name="ApplyEventResult_NaNSatisfaction_HandledGracefully" fullname="EventPlannerSim.Tests.EditMode.ProgressionSystemDefensiveTests.ApplyEventResult_NaNSatisfaction_HandledGracefully" methodname="ApplyEventResult_NaNSatisfaction_HandledGracefully" classname="EventPlannerSim.Tests.EditMode.ProgressionSystemDefensiveTests" runstate="Runnable" seed="268365803" result="Passed" start-time="2026-01-09 08:25:16Z" end-time="2026-01-09 08:25:16Z" duration="0.009162" asserts="0">
                <properties>
                  <property name="retryIteration" value="0" />
                  <property name="repeatIteration" value="0" />
                </properties>
              </test-case>
              <test-case id="1373" name="ApplyEventResult_NegativeCurrentReputation_HandledGracefully" fullname="EventPlannerSim.Tests.EditMode.ProgressionSystemDefensiveTests.ApplyEventResult_NegativeCurrentReputation_HandledGracefully" methodname="ApplyEventResult_NegativeCurrentReputation_HandledGracefully" classname="EventPlannerSim.Tests.EditMode.ProgressionSystemDefensiveTests" runstate="Runnable" seed="1566327092" result="Passed" start-time="2026-01-09 08:25:16Z" end-time="2026-01-09 08:25:16Z" duration="0.000235" asserts="0">
                <properties>
                  <property name="retryIteration" value="0" />
                  <property name="repeatIteration" value="0" />
                </properties>
              </test-case>
              <test-case id="1371" name="ApplyEventResult_NegativeSatisfaction_HandledAsFailedSatisfaction" fullname="EventPlannerSim.Tests.EditMode.ProgressionSystemDefensiveTests.ApplyEventResult_NegativeSatisfaction_HandledAsFailedSatisfaction" methodname="ApplyEventResult_NegativeSatisfaction_HandledAsFailedSatisfaction" classname="EventPlannerSim.Tests.EditMode.ProgressionSystemDefensiveTests" runstate="Runnable" seed="2146197448" result="Passed" start-time="2026-01-09 08:25:16Z" end-time="2026-01-09 08:25:16Z" duration="0.000559" asserts="0">
                <properties>
                  <property name="retryIteration" value="0" />
                  <property name="repeatIteration" value="0" />
                </properties>
              </test-case>
              <test-case id="1370" name="ApplyEventResult_SatisfactionOver100_HandledAsHighSatisfaction" fullname="EventPlannerSim.Tests.EditMode.ProgressionSystemDefensiveTests.ApplyEventResult_SatisfactionOver100_HandledAsHighSatisfaction" methodname="ApplyEventResult_SatisfactionOver100_HandledAsHighSatisfaction" classname="EventPlannerSim.Tests.EditMode.ProgressionSystemDefensiveTests" runstate="Runnable" seed="1341240787" result="Passed" start-time="2026-01-09 08:25:16Z" end-time="2026-01-09 08:25:16Z" duration="0.000212" asserts="0">
                <properties>
                  <property name="retryIteration" value="0" />
                  <property name="repeatIteration" value="0" />
                </properties>
              </test-case>
              <test-case id="1381" name="EvaluatePerformance_EmptyEventList_ReturnsNeutralReview" fullname="EventPlannerSim.Tests.EditMode.ProgressionSystemDefensiveTests.EvaluatePerformance_EmptyEventList_ReturnsNeutralReview" methodname="EvaluatePerformance_EmptyEventList_ReturnsNeutralReview" classname="EventPlannerSim.Tests.EditMode.ProgressionSystemDefensiveTests" runstate="Runnable" seed="208249030" result="Passed" start-time="2026-01-09 08:25:16Z" end-time="2026-01-09 08:25:16Z" duration="0.004096" asserts="0">
                <properties>
                  <property name="retryIteration" value="0" />
                  <property name="repeatIteration" value="0" />
                </properties>
              </test-case>
              <test-case id="1383" name="EvaluatePerformance_EventsWithNoTasks_HandledGracefully" fullname="EventPlannerSim.Tests.EditMode.ProgressionSystemDefensiveTests.EvaluatePerformance_EventsWithNoTasks_HandledGracefully" methodname="EvaluatePerformance_EventsWithNoTasks_HandledGracefully" classname="EventPlannerSim.Tests.EditMode.ProgressionSystemDefensiveTests" runstate="Runnable" seed="21823779" result="Passed" start-time="2026-01-09 08:25:16Z" end-time="2026-01-09 08:25:16Z" duration="0.002618" asserts="0">
                <properties>
                  <property name="retryIteration" value="0" />
                  <property name="repeatIteration" value="0" />
                </properties>
              </test-case>
              <test-case id="1384" name="EvaluatePerformance_EventsWithNullResults_HandledGracefully" fullname="EventPlannerSim.Tests.EditMode.ProgressionSystemDefensiveTests.EvaluatePerformance_EventsWithNullResults_HandledGracefully" methodname="EvaluatePerformance_EventsWithNullResults_HandledGracefully" classname="EventPlannerSim.Tests.EditMode.ProgressionSystemDefensiveTests" runstate="Runnable" seed="158134931" result="Passed" start-time="2026-01-09 08:25:16Z" end-time="2026-01-09 08:25:16Z" duration="0.000259" asserts="0">
                <properties>
                  <property name="retryIteration" value="0" />
                  <property name="repeatIteration" value="0" />
                </properties>
              </test-case>
              <test-case id="1380" name="EvaluatePerformance_InvalidEmployeeLevel_HandledGracefully" fullname="EventPlannerSim.Tests.EditMode.ProgressionSystemDefensiveTests.EvaluatePerformance_InvalidEmployeeLevel_HandledGracefully" methodname="EvaluatePerformance_InvalidEmployeeLevel_HandledGracefully" classname="EventPlannerSim.Tests.EditMode.ProgressionSystemDefensiveTests" runstate="Runnable" seed="1142305743" result="Passed" start-time="2026-01-09 08:25:16Z" end-time="2026-01-09 08:25:16Z" duration="0.000463" asserts="0">
                <properties>
                  <property name="retryIteration" value="0" />
                  <property name="repeatIteration" value="0" />
                </properties>
              </test-case>
              <test-case id="1385" name="EvaluatePerformance_MixedEventsWithAndWithoutTasks_HandledGracefully" fullname="EventPlannerSim.Tests.EditMode.ProgressionSystemDefensiveTests.EvaluatePerformance_MixedEventsWithAndWithoutTasks_HandledGracefully" methodname="EvaluatePerformance_MixedEventsWithAndWithoutTasks_HandledGracefully" classname="EventPlannerSim.Tests.EditMode.ProgressionSystemDefensiveTests" runstate="Runnable" seed="2063955483" result="Passed" start-time="2026-01-09 08:25:16Z" end-time="2026-01-09 08:25:16Z" duration="0.000314" asserts="0">
                <properties>
                  <property name="retryIteration" value="0" />
                  <property name="repeatIteration" value="0" />
                </properties>
              </test-case>
              <test-case id="1386" name="EvaluatePerformance_NegativeConsecutiveReviews_HandledGracefully" fullname="EventPlannerSim.Tests.EditMode.ProgressionSystemDefensiveTests.EvaluatePerformance_NegativeConsecutiveReviews_HandledGracefully" methodname="EvaluatePerformance_NegativeConsecutiveReviews_HandledGracefully" classname="EventPlannerSim.Tests.EditMode.ProgressionSystemDefensiveTests" runstate="Runnable" seed="214670698" result="Passed" start-time="2026-01-09 08:25:16Z" end-time="2026-01-09 08:25:16Z" duration="0.000125" asserts="0">
                <properties>
                  <property name="retryIteration" value="0" />
                  <property name="repeatIteration" value="0" />
                </properties>
              </test-case>
              <test-case id="1382" name="EvaluatePerformance_NullEventList_ReturnsNeutralReview" fullname="EventPlannerSim.Tests.EditMode.ProgressionSystemDefensiveTests.EvaluatePerformance_NullEventList_ReturnsNeutralReview" methodname="EvaluatePerformance_NullEventList_ReturnsNeutralReview" classname="EventPlannerSim.Tests.EditMode.ProgressionSystemDefensiveTests" runstate="Runnable" seed="1056602562" result="Passed" start-time="2026-01-09 08:25:16Z" end-time="2026-01-09 08:25:16Z" duration="0.000101" asserts="0">
                <properties>
                  <property name="retryIteration" value="0" />
                  <property name="repeatIteration" value="0" />
                </properties>
              </test-case>
              <test-case id="1374" name="GetCompensation_EmployeeLevel0_ReturnsDefaultCompensation" fullname="EventPlannerSim.Tests.EditMode.ProgressionSystemDefensiveTests.GetCompensation_EmployeeLevel0_ReturnsDefaultCompensation" methodname="GetCompensation_EmployeeLevel0_ReturnsDefaultCompensation" classname="EventPlannerSim.Tests.EditMode.ProgressionSystemDefensiveTests" runstate="Runnable" seed="917699930" result="Passed" start-time="2026-01-09 08:25:16Z" end-time="2026-01-09 08:25:16Z" duration="0.000198" asserts="0">
                <properties>
                  <property name="retryIteration" value="0" />
                  <property name="repeatIteration" value="0" />
                </properties>
              </test-case>
              <test-case id="1376" name="GetCompensation_EmployeeLevelOver5_ReturnsSeniorCompensation" fullname="EventPlannerSim.Tests.EditMode.ProgressionSystemDefensiveTests.GetCompensation_EmployeeLevelOver5_ReturnsSeniorCompensation" methodname="GetCompensation_EmployeeLevelOver5_ReturnsSeniorCompensation" classname="EventPlannerSim.Tests.EditMode.ProgressionSystemDefensiveTests" runstate="Runnable" seed="983289886" result="Passed" start-time="2026-01-09 08:25:16Z" end-time="2026-01-09 08:25:16Z" duration="0.000135" asserts="0">
                <properties>
                  <property name="retryIteration" value="0" />
                  <property name="repeatIteration" value="0" />
                </properties>
              </test-case>
              <test-case id="1375" name="GetCompensation_NegativeEmployeeLevel_ReturnsDefaultCompensation" fullname="EventPlannerSim.Tests.EditMode.ProgressionSystemDefensiveTests.GetCompensation_NegativeEmployeeLevel_ReturnsDefaultCompensation" methodname="GetCompensation_NegativeEmployeeLevel_ReturnsDefaultCompensation" classname="EventPlannerSim.Tests.EditMode.ProgressionSystemDefensiveTests" runstate="Runnable" seed="1556221439" result="Passed" start-time="2026-01-09 08:25:16Z" end-time="2026-01-09 08:25:16Z" duration="0.000124" asserts="0">
                <properties>
                  <property name="retryIteration" value="0" />
                  <property name="repeatIteration" value="0" />
                </properties>
              </test-case>
              <test-case id="1387" name="GetPersonalityDistribution_InvalidStage_ReturnsDefaultDistribution" fullname="EventPlannerSim.Tests.EditMode.ProgressionSystemDefensiveTests.GetPersonalityDistribution_InvalidStage_ReturnsDefaultDistribution" methodname="GetPersonalityDistribution_InvalidStage_ReturnsDefaultDistribution" classname="EventPlannerSim.Tests.EditMode.ProgressionSystemDefensiveTests" runstate="Runnable" seed="1557763382" result="Passed" start-time="2026-01-09 08:25:16Z" end-time="2026-01-09 08:25:16Z" duration="0.000274" asserts="0">
                <properties>
                  <property name="retryIteration" value="0" />
                  <property name="repeatIteration" value="0" />
                </properties>
              </test-case>
              <test-case id="1388" name="GetRandomEventFrequency_InvalidStage_ReturnsDefaultFrequency" fullname="EventPlannerSim.Tests.EditMode.ProgressionSystemDefensiveTests.GetRandomEventFrequency_InvalidStage_ReturnsDefaultFrequency" methodname="GetRandomEventFrequency_InvalidStage_ReturnsDefaultFrequency" classname="EventPlannerSim.Tests.EditMode.ProgressionSystemDefensiveTests" runstate="Runnable" seed="1662486239" result="Passed" start-time="2026-01-09 08:25:16Z" end-time="2026-01-09 08:25:16Z" duration="0.000116" asserts="0">
                <properties>
                  <property name="retryIteration" value="0" />
                  <property name="repeatIteration" value="0" />
                </properties>
              </test-case>
              <test-case id="1377" name="GetTitle_EmployeeLevel0_ReturnsDefaultTitle" fullname="EventPlannerSim.Tests.EditMode.ProgressionSystemDefensiveTests.GetTitle_EmployeeLevel0_ReturnsDefaultTitle" methodname="GetTitle_EmployeeLevel0_ReturnsDefaultTitle" classname="EventPlannerSim.Tests.EditMode.ProgressionSystemDefensiveTests" runstate="Runnable" seed="508653648" result="Passed" start-time="2026-01-09 08:25:16Z" end-time="2026-01-09 08:25:16Z" duration="0.000088" asserts="0">
                <properties>
                  <property name="retryIteration" value="0" />
                  <property name="repeatIteration" value="0" />
                </properties>
              </test-case>
              <test-case id="1379" name="GetTitle_EmployeeLevelOver5_ReturnsDefaultTitle" fullname="EventPlannerSim.Tests.EditMode.ProgressionSystemDefensiveTests.GetTitle_EmployeeLevelOver5_ReturnsDefaultTitle" methodname="GetTitle_EmployeeLevelOver5_ReturnsDefaultTitle" classname="EventPlannerSim.Tests.EditMode.ProgressionSystemDefensiveTests" runstate="Runnable" seed="1081117445" result="Passed" start-time="2026-01-09 08:25:16Z" end-time="2026-01-09 08:25:16Z" duration="0.000114" asserts="0">
                <properties>
                  <property name="retryIteration" value="0" />
                  <property name="repeatIteration" value="0" />
                </properties>
              </test-case>
              <test-case id="1378" name="GetTitle_NegativeEmployeeLevel_ReturnsDefaultTitle" fullname="EventPlannerSim.Tests.EditMode.ProgressionSystemDefensiveTests.GetTitle_NegativeEmployeeLevel_ReturnsDefaultTitle" methodname="GetTitle_NegativeEmployeeLevel_ReturnsDefaultTitle" classname="EventPlannerSim.Tests.EditMode.ProgressionSystemDefensiveTests" runstate="Runnable" seed="1424318148" result="Passed" start-time="2026-01-09 08:25:16Z" end-time="2026-01-09 08:25:16Z" duration="0.000079" asserts="0">
                <properties>
                  <property name="retryIteration" value="0" />
                  <property name="repeatIteration" value="0" />
                </properties>
                <output><![CDATA[Saving results to: ./unity_app/unity_test_results/defensive_tests.xml
]]></output>
              </test-case>
            </test-suite>
          </test-suite>
        </test-suite>
      </test-suite>
    </test-suite>
  </test-suite>
</test-run>